RUN	gatling_viade_es1c.sharefriend1user	sharefriend1user	1588333568474	 	3.3.1
USER	sharefriend1user	1	START	1588333570010	1588333570010
REQUEST	1		request_0	1588333570053	1588333570120	OK	 
USER	sharefriend1user	2	START	1588333570508	1588333570508
REQUEST	2		request_0	1588333570509	1588333570552	OK	 
USER	sharefriend1user	3	START	1588333571010	1588333571010
REQUEST	3		request_0	1588333571010	1588333571029	OK	 
USER	sharefriend1user	4	START	1588333571508	1588333571508
REQUEST	4		request_0	1588333571509	1588333571526	OK	 
USER	sharefriend1user	5	START	1588333572011	1588333572011
REQUEST	5		request_0	1588333572012	1588333572030	OK	 
USER	sharefriend1user	6	START	1588333572502	1588333572502
REQUEST	6		request_0	1588333572503	1588333572513	OK	 
USER	sharefriend1user	7	START	1588333572998	1588333572998
REQUEST	7		request_0	1588333572998	1588333573015	OK	 
REQUEST	1		request_1	1588333573138	1588333573143	OK	 
REQUEST	1		request_3	1588333573164	1588333573180	OK	 
REQUEST	1		request_4	1588333573165	1588333573183	OK	 
REQUEST	1		request_6	1588333573166	1588333573200	OK	 
REQUEST	1		request_7	1588333573168	1588333573201	OK	 
REQUEST	1		request_2	1588333573164	1588333573220	OK	 
REQUEST	1		request_8	1588333573161	1588333573400	OK	 
REQUEST	1		request_10	1588333573163	1588333573405	OK	 
REQUEST	1		request_9	1588333573162	1588333573409	OK	 
REQUEST	1		request_11	1588333573163	1588333573416	OK	 
REQUEST	1		request_5	1588333573160	1588333573447	OK	 
USER	sharefriend1user	8	START	1588333573498	1588333573498
REQUEST	8		request_0	1588333573498	1588333573528	OK	 
REQUEST	1		request_11	1588333573423	1588333573565	OK	 
REQUEST	2		request_1	1588333573569	1588333573574	OK	 
REQUEST	2		request_3	1588333573583	1588333573597	OK	 
REQUEST	2		request_4	1588333573585	1588333573598	OK	 
REQUEST	2		request_7	1588333573588	1588333573599	OK	 
REQUEST	2		request_2	1588333573582	1588333573627	OK	 
REQUEST	2		request_5	1588333573579	1588333573709	OK	 
REQUEST	2		request_8	1588333573579	1588333573756	OK	 
REQUEST	2		request_9	1588333573580	1588333573837	OK	 
REQUEST	2		request_11	1588333573581	1588333573848	OK	 
REQUEST	2		request_10	1588333573581	1588333573857	OK	 
USER	sharefriend1user	9	START	1588333574000	1588333574000
REQUEST	9		request_0	1588333574001	1588333574007	OK	 
REQUEST	3		request_1	1588333574043	1588333574047	OK	 
REQUEST	3		request_3	1588333574055	1588333574068	OK	 
REQUEST	3		request_4	1588333574056	1588333574068	OK	 
REQUEST	3		request_6	1588333574057	1588333574069	OK	 
REQUEST	3		request_7	1588333574058	1588333574070	OK	 
REQUEST	3		request_2	1588333574054	1588333574131	OK	 
REQUEST	2		request_11	1588333573848	1588333574162	OK	 
REQUEST	3		request_5	1588333574051	1588333574208	OK	 
REQUEST	3		request_9	1588333574053	1588333574369	OK	 
REQUEST	3		request_8	1588333574052	1588333574371	OK	 
REQUEST	3		request_10	1588333574053	1588333574375	OK	 
REQUEST	3		request_11	1588333574054	1588333574378	OK	 
REQUEST	3		request_11	1588333574379	1588333574436	OK	 
USER	sharefriend1user	10	START	1588333574499	1588333574499
REQUEST	10		request_0	1588333574500	1588333574507	OK	 
REQUEST	4		request_1	1588333574541	1588333574545	OK	 
REQUEST	4		request_3	1588333574553	1588333574561	OK	 
REQUEST	4		request_4	1588333574554	1588333574563	OK	 
REQUEST	4		request_6	1588333574555	1588333574564	OK	 
REQUEST	4		request_7	1588333574555	1588333574564	OK	 
REQUEST	4		request_2	1588333574552	1588333574597	OK	 
REQUEST	4		request_5	1588333574548	1588333574657	OK	 
REQUEST	4		request_9	1588333574550	1588333574790	OK	 
REQUEST	4		request_10	1588333574551	1588333574851	OK	 
REQUEST	4		request_8	1588333574549	1588333574943	OK	 
USER	sharefriend1user	11	START	1588333574998	1588333574998
REQUEST	11		request_0	1588333574998	1588333575004	OK	 
REQUEST	5		request_1	1588333575041	1588333575045	OK	 
REQUEST	5		request_3	1588333575052	1588333575065	OK	 
REQUEST	5		request_6	1588333575053	1588333575067	OK	 
REQUEST	5		request_7	1588333575054	1588333575068	OK	 
REQUEST	5		request_4	1588333575052	1588333575068	OK	 
REQUEST	5		request_2	1588333575051	1588333575109	OK	 
REQUEST	5		request_5	1588333575048	1588333575159	OK	 
REQUEST	4		request_11	1588333574551	1588333575312	OK	 
REQUEST	4		request_11	1588333575313	1588333575441	OK	 
USER	sharefriend1user	12	START	1588333575502	1588333575502
REQUEST	12		request_0	1588333575502	1588333575510	OK	 
REQUEST	6		request_1	1588333575523	1588333575528	OK	 
REQUEST	6		request_6	1588333575535	1588333575543	OK	 
REQUEST	6		request_3	1588333575534	1588333575544	OK	 
REQUEST	6		request_4	1588333575535	1588333575545	OK	 
REQUEST	6		request_7	1588333575536	1588333575545	OK	 
REQUEST	5		request_9	1588333575049	1588333575573	OK	 
REQUEST	5		request_8	1588333575049	1588333575576	OK	 
REQUEST	6		request_2	1588333575533	1588333575577	OK	 
REQUEST	5		request_10	1588333575050	1588333575603	OK	 
REQUEST	5		request_11	1588333575051	1588333575606	OK	 
REQUEST	6		request_5	1588333575530	1588333575628	OK	 
USER	sharefriend1user	13	START	1588333576002	1588333576002
REQUEST	13		request_0	1588333576003	1588333576027	OK	 
REQUEST	7		request_1	1588333576028	1588333576033	OK	 
REQUEST	7		request_4	1588333576041	1588333576068	OK	 
REQUEST	7		request_3	1588333576040	1588333576069	OK	 
REQUEST	7		request_6	1588333576042	1588333576070	OK	 
REQUEST	7		request_7	1588333576042	1588333576070	OK	 
REQUEST	7		request_2	1588333576040	1588333576094	OK	 
REQUEST	7		request_5	1588333576036	1588333576176	OK	 
REQUEST	5		request_11	1588333575607	1588333576276	OK	 
REQUEST	6		request_9	1588333575531	1588333576324	OK	 
REQUEST	6		request_8	1588333575531	1588333576326	OK	 
REQUEST	6		request_10	1588333575532	1588333576340	OK	 
REQUEST	6		request_11	1588333575533	1588333576344	OK	 
REQUEST	7		request_9	1588333576038	1588333576494	OK	 
REQUEST	7		request_8	1588333576037	1588333576496	OK	 
USER	sharefriend1user	14	START	1588333576501	1588333576501
REQUEST	14		request_0	1588333576502	1588333576511	OK	 
REQUEST	6		request_11	1588333576345	1588333576526	OK	 
REQUEST	7		request_10	1588333576038	1588333576541	OK	 
REQUEST	8		request_1	1588333576538	1588333576542	OK	 
REQUEST	7		request_11	1588333576039	1588333576543	OK	 
REQUEST	8		request_3	1588333576548	1588333576557	OK	 
REQUEST	8		request_4	1588333576549	1588333576557	OK	 
REQUEST	8		request_6	1588333576549	1588333576558	OK	 
REQUEST	8		request_7	1588333576551	1588333576558	OK	 
REQUEST	8		request_2	1588333576547	1588333576591	OK	 
REQUEST	8		request_5	1588333576544	1588333576670	OK	 
REQUEST	7		request_11	1588333576544	1588333576754	OK	 
REQUEST	8		request_9	1588333576546	1588333576838	OK	 
REQUEST	8		request_8	1588333576545	1588333576839	OK	 
REQUEST	8		request_10	1588333576546	1588333576840	OK	 
REQUEST	8		request_11	1588333576547	1588333576840	OK	 
REQUEST	8		request_11	1588333576840	1588333576963	OK	 
USER	sharefriend1user	15	START	1588333577002	1588333577002
REQUEST	15		request_0	1588333577003	1588333577007	OK	 
REQUEST	9		request_1	1588333577018	1588333577022	OK	 
REQUEST	9		request_3	1588333577028	1588333577038	OK	 
REQUEST	9		request_4	1588333577028	1588333577039	OK	 
REQUEST	9		request_6	1588333577029	1588333577039	OK	 
REQUEST	9		request_7	1588333577030	1588333577040	OK	 
REQUEST	9		request_2	1588333577027	1588333577071	OK	 
REQUEST	9		request_5	1588333577025	1588333577164	OK	 
REQUEST	9		request_8	1588333577025	1588333577252	OK	 
REQUEST	9		request_10	1588333577026	1588333577256	OK	 
REQUEST	9		request_9	1588333577026	1588333577257	OK	 
REQUEST	9		request_11	1588333577027	1588333577261	OK	 
USER	sharefriend1user	16	START	1588333577489	1588333577489
REQUEST	16		request_0	1588333577490	1588333577495	OK	 
REQUEST	10		request_1	1588333577521	1588333577525	OK	 
REQUEST	10		request_3	1588333577531	1588333577540	OK	 
REQUEST	10		request_4	1588333577532	1588333577541	OK	 
REQUEST	10		request_6	1588333577533	1588333577542	OK	 
REQUEST	10		request_7	1588333577534	1588333577542	OK	 
REQUEST	10		request_2	1588333577530	1588333577575	OK	 
REQUEST	9		request_11	1588333577262	1588333577644	OK	 
REQUEST	10		request_5	1588333577527	1588333577653	OK	 
REQUEST	10		request_8	1588333577528	1588333577817	OK	 
REQUEST	10		request_10	1588333577529	1588333577820	OK	 
REQUEST	10		request_11	1588333577530	1588333577943	OK	 
REQUEST	10		request_9	1588333577529	1588333577944	OK	 
USER	sharefriend1user	17	START	1588333577988	1588333577988
REQUEST	17		request_0	1588333577988	1588333577993	OK	 
REQUEST	10		request_11	1588333577944	1588333578002	OK	 
REQUEST	11		request_1	1588333578009	1588333578013	OK	 
REQUEST	11		request_3	1588333578019	1588333578027	OK	 
REQUEST	11		request_7	1588333578022	1588333578028	OK	 
REQUEST	11		request_4	1588333578020	1588333578029	OK	 
REQUEST	11		request_6	1588333578021	1588333578029	OK	 
REQUEST	11		request_2	1588333578019	1588333578063	OK	 
REQUEST	11		request_5	1588333578015	1588333578123	OK	 
REQUEST	11		request_9	1588333578016	1588333578218	OK	 
REQUEST	11		request_11	1588333578018	1588333578222	OK	 
REQUEST	11		request_8	1588333578015	1588333578227	OK	 
REQUEST	11		request_10	1588333578017	1588333578230	OK	 
REQUEST	11		request_11	1588333578223	1588333578276	OK	 
USER	sharefriend1user	18	START	1588333578498	1588333578498
REQUEST	18		request_0	1588333578498	1588333578505	OK	 
REQUEST	12		request_1	1588333578520	1588333578523	OK	 
REQUEST	12		request_6	1588333578528	1588333578539	OK	 
REQUEST	12		request_7	1588333578528	1588333578539	OK	 
REQUEST	12		request_4	1588333578527	1588333578540	OK	 
REQUEST	12		request_3	1588333578527	1588333578541	OK	 
REQUEST	12		request_2	1588333578526	1588333578572	OK	 
REQUEST	12		request_5	1588333578524	1588333578629	OK	 
REQUEST	12		request_9	1588333578525	1588333578752	OK	 
REQUEST	12		request_8	1588333578525	1588333578754	OK	 
REQUEST	12		request_11	1588333578526	1588333578756	OK	 
REQUEST	12		request_10	1588333578526	1588333578771	OK	 
REQUEST	12		request_11	1588333578757	1588333578857	OK	 
USER	sharefriend1user	19	START	1588333579002	1588333579002
REQUEST	19		request_0	1588333579003	1588333579009	OK	 
REQUEST	13		request_1	1588333579029	1588333579032	OK	 
REQUEST	13		request_4	1588333579040	1588333579046	OK	 
REQUEST	13		request_3	1588333579039	1588333579046	OK	 
REQUEST	13		request_7	1588333579041	1588333579048	OK	 
REQUEST	13		request_6	1588333579040	1588333579048	OK	 
REQUEST	13		request_2	1588333579039	1588333579086	OK	 
REQUEST	13		request_5	1588333579035	1588333579139	OK	 
REQUEST	13		request_9	1588333579037	1588333579209	OK	 
REQUEST	13		request_8	1588333579037	1588333579219	OK	 
REQUEST	13		request_10	1588333579038	1588333579230	OK	 
REQUEST	13		request_11	1588333579038	1588333579232	OK	 
REQUEST	13		request_11	1588333579233	1588333579287	OK	 
USER	sharefriend1user	20	START	1588333579488	1588333579488
REQUEST	20		request_0	1588333579489	1588333579493	OK	 
REQUEST	14		request_1	1588333579520	1588333579524	OK	 
REQUEST	14		request_4	1588333579529	1588333579537	OK	 
REQUEST	14		request_3	1588333579528	1588333579539	OK	 
REQUEST	14		request_6	1588333579530	1588333579539	OK	 
REQUEST	14		request_7	1588333579530	1588333579540	OK	 
REQUEST	14		request_2	1588333579528	1588333579573	OK	 
REQUEST	14		request_5	1588333579525	1588333579614	OK	 
REQUEST	14		request_9	1588333579527	1588333579695	OK	 
REQUEST	14		request_8	1588333579526	1588333579696	OK	 
REQUEST	14		request_11	1588333579528	1588333579719	OK	 
REQUEST	14		request_10	1588333579527	1588333579735	OK	 
REQUEST	14		request_11	1588333579719	1588333579848	OK	 
REQUEST	15		request_1	1588333580019	1588333580023	OK	 
REQUEST	15		request_3	1588333580028	1588333580038	OK	 
REQUEST	15		request_4	1588333580029	1588333580038	OK	 
REQUEST	15		request_6	1588333580030	1588333580040	OK	 
REQUEST	15		request_7	1588333580030	1588333580045	OK	 
REQUEST	15		request_2	1588333580028	1588333580072	OK	 
REQUEST	15		request_5	1588333580025	1588333580148	OK	 
REQUEST	15		request_8	1588333580026	1588333580197	OK	 
REQUEST	15		request_10	1588333580027	1588333580201	OK	 
REQUEST	15		request_9	1588333580026	1588333580206	OK	 
REQUEST	15		request_11	1588333580028	1588333580220	OK	 
REQUEST	15		request_11	1588333580220	1588333580276	OK	 
REQUEST	16		request_1	1588333580512	1588333580517	OK	 
REQUEST	16		request_4	1588333580523	1588333580531	OK	 
REQUEST	16		request_3	1588333580522	1588333580531	OK	 
REQUEST	16		request_7	1588333580524	1588333580532	OK	 
REQUEST	16		request_6	1588333580524	1588333580533	OK	 
REQUEST	16		request_2	1588333580522	1588333580567	OK	 
REQUEST	16		request_5	1588333580519	1588333580631	OK	 
REQUEST	16		request_9	1588333580520	1588333580720	OK	 
REQUEST	16		request_8	1588333580519	1588333580726	OK	 
REQUEST	16		request_10	1588333580521	1588333580733	OK	 
REQUEST	16		request_11	1588333580521	1588333580735	OK	 
REQUEST	16		request_11	1588333580736	1588333580809	OK	 
REQUEST	17		request_1	1588333581008	1588333581011	OK	 
REQUEST	17		request_3	1588333581017	1588333581024	OK	 
REQUEST	17		request_4	1588333581017	1588333581024	OK	 
REQUEST	17		request_6	1588333581018	1588333581025	OK	 
REQUEST	17		request_7	1588333581019	1588333581025	OK	 
REQUEST	17		request_2	1588333581017	1588333581061	OK	 
REQUEST	17		request_5	1588333581013	1588333581140	OK	 
REQUEST	17		request_8	1588333581014	1588333581281	OK	 
REQUEST	17		request_11	1588333581016	1588333581282	OK	 
REQUEST	17		request_10	1588333581015	1588333581286	OK	 
REQUEST	17		request_9	1588333581015	1588333581287	OK	 
REQUEST	17		request_11	1588333581283	1588333581336	OK	 
REQUEST	18		request_1	1588333581519	1588333581522	OK	 
REQUEST	18		request_3	1588333581528	1588333581537	OK	 
REQUEST	18		request_7	1588333581530	1588333581538	OK	 
REQUEST	18		request_4	1588333581529	1588333581538	OK	 
REQUEST	18		request_6	1588333581530	1588333581539	OK	 
REQUEST	18		request_2	1588333581528	1588333581573	OK	 
REQUEST	18		request_5	1588333581525	1588333581696	OK	 
REQUEST	18		request_10	1588333581526	1588333581728	OK	 
REQUEST	18		request_9	1588333581526	1588333581731	OK	 
REQUEST	18		request_8	1588333581525	1588333581733	OK	 
REQUEST	18		request_11	1588333581527	1588333581743	OK	 
REQUEST	18		request_11	1588333581743	1588333581884	OK	 
REQUEST	19		request_1	1588333582021	1588333582024	OK	 
REQUEST	19		request_3	1588333582029	1588333582042	OK	 
REQUEST	19		request_6	1588333582030	1588333582043	OK	 
REQUEST	19		request_4	1588333582030	1588333582043	OK	 
REQUEST	19		request_7	1588333582031	1588333582044	OK	 
REQUEST	19		request_2	1588333582029	1588333582092	OK	 
REQUEST	19		request_5	1588333582026	1588333582153	OK	 
REQUEST	19		request_9	1588333582028	1588333582284	OK	 
REQUEST	19		request_8	1588333582027	1588333582284	OK	 
REQUEST	19		request_11	1588333582028	1588333582286	OK	 
REQUEST	19		request_10	1588333582028	1588333582291	OK	 
REQUEST	19		request_11	1588333582286	1588333582349	OK	 
REQUEST	20		request_1	1588333582514	1588333582518	OK	 
REQUEST	20		request_4	1588333582523	1588333582530	OK	 
REQUEST	20		request_3	1588333582523	1588333582531	OK	 
REQUEST	20		request_7	1588333582524	1588333582532	OK	 
REQUEST	20		request_6	1588333582524	1588333582533	OK	 
REQUEST	20		request_2	1588333582522	1588333582566	OK	 
REQUEST	20		request_5	1588333582519	1588333582625	OK	 
REQUEST	20		request_8	1588333582520	1588333582687	OK	 
REQUEST	20		request_11	1588333582522	1588333582689	OK	 
REQUEST	20		request_10	1588333582521	1588333582695	OK	 
REQUEST	20		request_9	1588333582521	1588333582699	OK	 
REQUEST	20		request_11	1588333582690	1588333582746	OK	 
REQUEST	1		request_12	1588333584574	1588333585013	OK	 
REQUEST	1		request_12 Redirect 1	1588333585024	1588333585120	OK	 
REQUEST	1		request_12 Redirect 2	1588333585120	1588333585282	OK	 
REQUEST	1		request_16	1588333585286	1588333585301	OK	 
REQUEST	1		request_17	1588333585287	1588333585302	OK	 
REQUEST	1		request_18	1588333585287	1588333585303	OK	 
REQUEST	1		request_13	1588333585285	1588333585304	OK	 
REQUEST	1		request_15	1588333585286	1588333585304	OK	 
REQUEST	1		request_14	1588333585285	1588333585305	OK	 
REQUEST	1		request_19	1588333585288	1588333585678	OK	 
REQUEST	3		request_12	1588333585439	1588333585992	OK	 
REQUEST	3		request_12 Redirect 1	1588333585993	1588333586147	OK	 
REQUEST	3		request_12 Redirect 2	1588333586148	1588333586238	OK	 
REQUEST	3		request_13	1588333586240	1588333586256	OK	 
REQUEST	3		request_15	1588333586241	1588333586257	OK	 
REQUEST	3		request_16	1588333586241	1588333586259	OK	 
REQUEST	3		request_14	1588333586240	1588333586260	OK	 
REQUEST	3		request_18	1588333586242	1588333586262	OK	 
REQUEST	3		request_17	1588333586242	1588333586263	OK	 
REQUEST	3		request_19	1588333586243	1588333586736	OK	 
REQUEST	4		request_12	1588333586451	1588333587000	OK	 
REQUEST	4		request_12 Redirect 1	1588333587001	1588333587099	OK	 
REQUEST	4		request_12 Redirect 2	1588333587099	1588333587198	OK	 
REQUEST	4		request_13	1588333587200	1588333587212	OK	 
REQUEST	4		request_18	1588333587202	1588333587219	OK	 
REQUEST	4		request_14	1588333587201	1588333587219	OK	 
REQUEST	4		request_15	1588333587201	1588333587220	OK	 
REQUEST	4		request_16	1588333587201	1588333587220	OK	 
REQUEST	4		request_17	1588333587201	1588333587221	OK	 
REQUEST	5		request_12	1588333587269	1588333587762	OK	 
REQUEST	4		request_19	1588333587202	1588333587799	OK	 
REQUEST	5		request_12 Redirect 1	1588333587763	1588333587896	OK	 
REQUEST	6		request_12	1588333587519	1588333588050	OK	 
REQUEST	5		request_12 Redirect 2	1588333587896	1588333588070	OK	 
REQUEST	5		request_13	1588333588072	1588333588081	OK	 
REQUEST	5		request_16	1588333588073	1588333588084	OK	 
REQUEST	5		request_15	1588333588073	1588333588085	OK	 
REQUEST	5		request_18	1588333588074	1588333588094	OK	 
REQUEST	5		request_17	1588333588074	1588333588095	OK	 
REQUEST	5		request_14	1588333588072	1588333588096	OK	 
REQUEST	7		request_12	1588333587751	1588333588303	OK	 
REQUEST	6		request_12 Redirect 1	1588333588051	1588333588334	OK	 
REQUEST	8		request_12	1588333587973	1588333588477	OK	 
REQUEST	6		request_12 Redirect 2	1588333588335	1588333588501	OK	 
REQUEST	6		request_16	1588333588503	1588333588518	OK	 
REQUEST	7		request_12 Redirect 1	1588333588303	1588333588518	OK	 
REQUEST	6		request_15	1588333588503	1588333588519	OK	 
REQUEST	6		request_17	1588333588503	1588333588521	OK	 
REQUEST	6		request_13	1588333588502	1588333588522	OK	 
REQUEST	6		request_18	1588333588504	1588333588522	OK	 
REQUEST	6		request_14	1588333588503	1588333588524	OK	 
REQUEST	7		request_12 Redirect 2	1588333588519	1588333588693	OK	 
REQUEST	7		request_13	1588333588697	1588333588709	OK	 
REQUEST	7		request_15	1588333588698	1588333588710	OK	 
REQUEST	7		request_14	1588333588698	1588333588712	OK	 
REQUEST	7		request_16	1588333588699	1588333588713	OK	 
REQUEST	7		request_17	1588333588699	1588333588714	OK	 
REQUEST	7		request_18	1588333588699	1588333588714	OK	 
REQUEST	8		request_12 Redirect 1	1588333588478	1588333588802	OK	 
REQUEST	5		request_19	1588333588074	1588333588852	OK	 
REQUEST	8		request_12 Redirect 2	1588333588803	1588333588987	OK	 
REQUEST	8		request_16	1588333588989	1588333589006	OK	 
REQUEST	8		request_15	1588333588988	1588333589007	OK	 
REQUEST	8		request_13	1588333588988	1588333589010	OK	 
REQUEST	8		request_14	1588333588988	1588333589011	OK	 
REQUEST	8		request_18	1588333588989	1588333589012	OK	 
REQUEST	8		request_17	1588333588989	1588333589013	OK	 
REQUEST	9		request_12	1588333588651	1588333589124	OK	 
REQUEST	6		request_19	1588333588504	1588333589331	OK	 
REQUEST	10		request_12	1588333589010	1588333589597	OK	 
REQUEST	7		request_19	1588333588700	1588333589600	OK	 
REQUEST	11		request_12	1588333589292	1588333589986	OK	 
REQUEST	10		request_12 Redirect 1	1588333589599	1588333590012	OK	 
REQUEST	11		request_12 Redirect 1	1588333589987	1588333590085	OK	 
REQUEST	12		request_12	1588333589861	1588333590223	OK	 
REQUEST	10		request_12 Redirect 2	1588333590012	1588333590242	OK	 
REQUEST	11		request_12 Redirect 2	1588333590086	1588333590247	OK	 
REQUEST	10		request_15	1588333590245	1588333590276	OK	 
REQUEST	10		request_16	1588333590245	1588333590277	OK	 
REQUEST	10		request_18	1588333590246	1588333590278	OK	 
REQUEST	10		request_13	1588333590244	1588333590279	OK	 
REQUEST	10		request_17	1588333590245	1588333590280	OK	 
REQUEST	10		request_14	1588333590244	1588333590295	OK	 
REQUEST	11		request_16	1588333590252	1588333590297	OK	 
REQUEST	11		request_13	1588333590250	1588333590304	OK	 
REQUEST	11		request_15	1588333590252	1588333590304	OK	 
REQUEST	11		request_17	1588333590253	1588333590305	OK	 
REQUEST	11		request_18	1588333590253	1588333590305	OK	 
REQUEST	11		request_14	1588333590251	1588333590309	OK	 
REQUEST	12		request_12 Redirect 1	1588333590224	1588333590320	OK	 
REQUEST	9		request_12 Redirect 1	1588333589124	1588333590343	OK	 
REQUEST	12		request_12 Redirect 2	1588333590320	1588333590408	OK	 
REQUEST	12		request_15	1588333590411	1588333590425	OK	 
REQUEST	12		request_13	1588333590410	1588333590425	OK	 
REQUEST	12		request_14	1588333590411	1588333590428	OK	 
REQUEST	12		request_16	1588333590411	1588333590433	OK	 
REQUEST	12		request_17	1588333590411	1588333590434	OK	 
REQUEST	12		request_18	1588333590412	1588333590436	OK	 
REQUEST	9		request_12 Redirect 2	1588333590344	1588333590436	OK	 
REQUEST	9		request_15	1588333590439	1588333590448	OK	 
REQUEST	9		request_16	1588333590439	1588333590451	OK	 
REQUEST	9		request_13	1588333590438	1588333590452	OK	 
REQUEST	9		request_14	1588333590438	1588333590452	OK	 
REQUEST	9		request_17	1588333590439	1588333590453	OK	 
REQUEST	9		request_18	1588333590439	1588333590453	OK	 
REQUEST	13		request_12	1588333590301	1588333590873	OK	 
REQUEST	11		request_19	1588333590254	1588333590881	OK	 
REQUEST	10		request_19	1588333590247	1588333590923	OK	 
REQUEST	8		request_19	1588333588990	1588333591239	OK	 
REQUEST	12		request_19	1588333590412	1588333591241	OK	 
REQUEST	14		request_12	1588333590859	1588333591439	OK	 
REQUEST	15		request_12	1588333591283	1588333591649	OK	 
REQUEST	14		request_12 Redirect 1	1588333591440	1588333591671	OK	 
REQUEST	15		request_12 Redirect 1	1588333591650	1588333591751	OK	 
REQUEST	14		request_12 Redirect 2	1588333591671	1588333591768	OK	 
REQUEST	14		request_13	1588333591769	1588333591788	OK	 
REQUEST	14		request_15	1588333591770	1588333591790	OK	 
REQUEST	14		request_16	1588333591770	1588333591793	OK	 
REQUEST	14		request_17	1588333591771	1588333591796	OK	 
REQUEST	14		request_18	1588333591771	1588333591796	OK	 
REQUEST	14		request_14	1588333591770	1588333591796	OK	 
REQUEST	15		request_12 Redirect 2	1588333591752	1588333591841	OK	 
REQUEST	15		request_18	1588333591844	1588333591862	OK	 
REQUEST	15		request_15	1588333591843	1588333591863	OK	 
REQUEST	15		request_16	1588333591844	1588333591870	OK	 
REQUEST	15		request_13	1588333591843	1588333591874	OK	 
REQUEST	15		request_14	1588333591843	1588333591875	OK	 
REQUEST	15		request_17	1588333591844	1588333591875	OK	 
REQUEST	1		request_20	1588333591683	1588333592402	OK	 
REQUEST	1		request_21	1588333592403	1588333592406	OK	 
REQUEST	13		request_12 Redirect 1	1588333590874	1588333592454	OK	 
REQUEST	16		request_12	1588333591810	1588333592631	OK	 
REQUEST	13		request_12 Redirect 2	1588333592455	1588333592820	OK	 
REQUEST	13		request_16	1588333592823	1588333592837	OK	 
REQUEST	13		request_15	1588333592822	1588333592838	OK	 
REQUEST	13		request_13	1588333592822	1588333592842	OK	 
REQUEST	13		request_17	1588333592823	1588333592844	OK	 
REQUEST	13		request_14	1588333592822	1588333592847	OK	 
REQUEST	13		request_18	1588333592823	1588333592850	OK	 
REQUEST	14		request_19	1588333591771	1588333592932	OK	 
REQUEST	17		request_12	1588333592333	1588333592933	OK	 
REQUEST	15		request_19	1588333591844	1588333593068	OK	 
REQUEST	18		request_12	1588333592888	1588333593392	OK	 
REQUEST	3		request_20	1588333592742	1588333593410	OK	 
REQUEST	3		request_21	1588333593411	1588333593414	OK	 
REQUEST	13		request_19	1588333592823	1588333593568	OK	 
REQUEST	19		request_12	1588333593351	1588333593799	OK	 
REQUEST	19		request_12 Redirect 1	1588333593799	1588333593898	OK	 
REQUEST	16		request_12 Redirect 1	1588333592632	1588333593920	OK	 
REQUEST	20		request_12	1588333593749	1588333594102	OK	 
REQUEST	17		request_12 Redirect 1	1588333592933	1588333594125	OK	 
REQUEST	19		request_12 Redirect 2	1588333593899	1588333594131	OK	 
REQUEST	19		request_16	1588333594134	1588333594143	OK	 
REQUEST	19		request_15	1588333594134	1588333594144	OK	 
REQUEST	19		request_13	1588333594133	1588333594147	OK	 
REQUEST	19		request_18	1588333594134	1588333594148	OK	 
REQUEST	19		request_17	1588333594134	1588333594149	OK	 
REQUEST	19		request_14	1588333594134	1588333594150	OK	 
REQUEST	20		request_12 Redirect 1	1588333594102	1588333594327	OK	 
REQUEST	17		request_12 Redirect 2	1588333594125	1588333594332	OK	 
REQUEST	4		request_20	1588333593792	1588333594342	OK	 
REQUEST	17		request_18	1588333594335	1588333594346	OK	 
REQUEST	17		request_17	1588333594334	1588333594347	OK	 
REQUEST	17		request_16	1588333594334	1588333594350	OK	 
REQUEST	17		request_13	1588333594333	1588333594351	OK	 
REQUEST	17		request_15	1588333594334	1588333594352	OK	 
REQUEST	4		request_21	1588333594343	1588333594353	OK	 
REQUEST	17		request_14	1588333594334	1588333594353	OK	 
REQUEST	16		request_12 Redirect 2	1588333593920	1588333594398	OK	 
REQUEST	16		request_16	1588333594400	1588333594423	OK	 
REQUEST	16		request_15	1588333594400	1588333594426	OK	 
REQUEST	16		request_17	1588333594401	1588333594427	OK	 
REQUEST	16		request_18	1588333594401	1588333594428	OK	 
REQUEST	16		request_13	1588333594399	1588333594428	OK	 
REQUEST	16		request_14	1588333594400	1588333594428	OK	 
REQUEST	9		request_19	1588333590440	1588333594520	OK	 
REQUEST	20		request_12 Redirect 2	1588333594327	1588333594589	OK	 
REQUEST	18		request_12 Redirect 1	1588333593392	1588333594610	OK	 
REQUEST	20		request_15	1588333594591	1588333594613	OK	 
REQUEST	20		request_16	1588333594591	1588333594617	OK	 
REQUEST	20		request_18	1588333594592	1588333594619	OK	 
REQUEST	20		request_13	1588333594590	1588333594620	OK	 
REQUEST	20		request_17	1588333594592	1588333594620	OK	 
REQUEST	20		request_14	1588333594591	1588333594621	OK	 
REQUEST	18		request_12 Redirect 2	1588333594611	1588333594883	OK	 
REQUEST	18		request_15	1588333594885	1588333594910	OK	 
REQUEST	18		request_16	1588333594886	1588333594914	OK	 
REQUEST	18		request_13	1588333594884	1588333594919	OK	 
REQUEST	18		request_14	1588333594885	1588333594919	OK	 
REQUEST	18		request_17	1588333594886	1588333594920	OK	 
REQUEST	18		request_18	1588333594887	1588333594920	OK	 
REQUEST	17		request_19	1588333594335	1588333594963	OK	 
REQUEST	16		request_19	1588333594401	1588333595019	OK	 
REQUEST	20		request_19	1588333594592	1588333595219	OK	 
REQUEST	18		request_19	1588333594887	1588333595539	OK	 
REQUEST	5		request_20	1588333594869	1588333595555	OK	 
REQUEST	5		request_21	1588333595555	1588333595559	OK	 
REQUEST	19		request_19	1588333594135	1588333595591	OK	 
REQUEST	6		request_20	1588333595353	1588333595806	OK	 
REQUEST	6		request_21	1588333595807	1588333595810	OK	 
REQUEST	7		request_20	1588333595622	1588333596043	OK	 
REQUEST	7		request_21	1588333596044	1588333596049	OK	 
REQUEST	11		request_20	1588333596882	1588333597289	OK	 
REQUEST	11		request_21	1588333597290	1588333597293	OK	 
REQUEST	10		request_20	1588333596918	1588333597464	OK	 
REQUEST	10		request_21	1588333597465	1588333597468	OK	 
REQUEST	8		request_20	1588333597232	1588333597865	OK	 
REQUEST	8		request_21	1588333597866	1588333597870	OK	 
REQUEST	12		request_20	1588333597252	1588333597880	OK	 
REQUEST	12		request_21	1588333597881	1588333597884	OK	 
REQUEST	2		request_6	1588333573587	1588333598597	OK	 
REQUEST	14		request_20	1588333598922	1588333599301	OK	 
REQUEST	15		request_20	1588333599074	1588333599551	OK	 
REQUEST	15		request_21	1588333599552	1588333599554	OK	 
REQUEST	13		request_20	1588333599573	1588333599966	OK	 
REQUEST	13		request_21	1588333599967	1588333599970	OK	 
REQUEST	9		request_20	1588333600531	1588333600917	OK	 
REQUEST	9		request_21	1588333600917	1588333600920	OK	 
REQUEST	17		request_20	1588333600970	1588333601359	OK	 
REQUEST	17		request_21	1588333601360	1588333601363	OK	 
REQUEST	16		request_20	1588333601022	1588333601541	OK	 
REQUEST	16		request_21	1588333601542	1588333601544	OK	 
REQUEST	20		request_20	1588333601224	1588333601742	OK	 
REQUEST	20		request_21	1588333601743	1588333601746	OK	 
REQUEST	19		request_20	1588333601603	1588333602135	OK	 
REQUEST	19		request_21	1588333602136	1588333602139	OK	 
REQUEST	18		request_20	1588333601550	1588333603144	OK	 
REQUEST	18		request_21	1588333603145	1588333603148	OK	 
REQUEST	1		request_22	1588333604399	1588333604780	OK	 
REQUEST	1		request_35	1588333604783	1588333604791	OK	 
REQUEST	1		request_28	1588333604784	1588333605030	OK	 
REQUEST	1		request_26	1588333604786	1588333605118	OK	 
REQUEST	1		request_24	1588333604786	1588333605126	OK	 
REQUEST	1		request_32	1588333604785	1588333605127	OK	 
REQUEST	1		request_37	1588333605127	1588333605268	OK	 
REQUEST	1		request_36	1588333605031	1588333605320	OK	 
REQUEST	1		request_34	1588333604787	1588333605464	KO	status.find.in(200,201,202,203,204,205,206,207,208,209,304), found 404
REQUEST	1		request_25	1588333604786	1588333605585	KO	status.find.is(401), but actually found 201
REQUEST	1		request_31	1588333604785	1588333605997	OK	 
REQUEST	1		request_30	1588333604785	1588333606012	KO	status.find.is(404), but actually found 200
REQUEST	1		request_23	1588333604786	1588333606074	OK	 
REQUEST	1		request_29	1588333604784	1588333606087	OK	 
REQUEST	1		request_33	1588333604785	1588333606091	OK	 
REQUEST	1		request_38	1588333605268	1588333606142	OK	 
REQUEST	3		request_22	1588333605413	1588333606261	OK	 
REQUEST	3		request_35	1588333606264	1588333606273	OK	 
REQUEST	1		request_27	1588333604787	1588333606617	OK	 
USER	sharefriend1user	1	END	1588333570010	1588333606641
REQUEST	3		request_24	1588333606268	1588333606657	OK	 
REQUEST	3		request_26	1588333606268	1588333606658	OK	 
REQUEST	3		request_28	1588333606264	1588333606841	OK	 
REQUEST	3		request_32	1588333606265	1588333606966	OK	 
REQUEST	3		request_37	1588333606966	1588333607163	OK	 
REQUEST	3		request_34	1588333606269	1588333607699	OK	 
REQUEST	3		request_31	1588333606265	1588333608182	OK	 
REQUEST	3		request_30	1588333606265	1588333608337	KO	status.find.is(404), but actually found 200
REQUEST	3		request_33	1588333606267	1588333608431	OK	 
REQUEST	4		request_22	1588333606358	1588333608647	OK	 
REQUEST	3		request_23	1588333606267	1588333608654	OK	 
REQUEST	4		request_35	1588333608649	1588333608657	OK	 
REQUEST	3		request_25	1588333606268	1588333608692	KO	status.find.is(401), but actually found 201
REQUEST	3		request_29	1588333606264	1588333609309	OK	 
REQUEST	3		request_36	1588333606842	1588333609396	OK	 
REQUEST	4		request_32	1588333608651	1588333609468	OK	 
REQUEST	4		request_26	1588333608652	1588333609657	OK	 
REQUEST	4		request_24	1588333608652	1588333609657	OK	 
REQUEST	3		request_38	1588333607164	1588333609725	OK	 
REQUEST	6		request_22	1588333607802	1588333610680	OK	 
REQUEST	4		request_28	1588333608650	1588333610680	OK	 
REQUEST	6		request_35	1588333610682	1588333610690	OK	 
REQUEST	2		request_12	1588333609600	1588333610965	OK	 
REQUEST	3		request_27	1588333606269	1588333611015	OK	 
USER	sharefriend1user	3	END	1588333571010	1588333611019
REQUEST	4		request_37	1588333610681	1588333611088	OK	 
REQUEST	4		request_34	1588333608653	1588333611549	OK	 
REQUEST	4		request_31	1588333608651	1588333611724	OK	 
REQUEST	6		request_24	1588333610685	1588333611876	OK	 
REQUEST	6		request_32	1588333610684	1588333611877	OK	 
REQUEST	6		request_26	1588333610685	1588333611878	OK	 
REQUEST	5		request_22	1588333607559	1588333612595	OK	 
REQUEST	4		request_30	1588333608650	1588333612595	KO	status.find.is(404), but actually found 200
REQUEST	5		request_35	1588333612599	1588333612609	OK	 
REQUEST	4		request_33	1588333608651	1588333612731	OK	 
REQUEST	2		request_12 Redirect 1	1588333610965	1588333612862	OK	 
REQUEST	4		request_23	1588333608651	1588333612899	OK	 
REQUEST	4		request_25	1588333608652	1588333612942	KO	status.find.is(401), but actually found 201
REQUEST	11		request_22	1588333609281	1588333613225	OK	 
REQUEST	11		request_35	1588333613228	1588333613236	OK	 
REQUEST	4		request_29	1588333608650	1588333613541	OK	 
REQUEST	5		request_32	1588333612601	1588333613608	OK	 
REQUEST	5		request_24	1588333612602	1588333613608	OK	 
REQUEST	5		request_26	1588333612602	1588333613609	OK	 
REQUEST	10		request_22	1588333609468	1588333614232	OK	 
REQUEST	10		request_35	1588333614234	1588333614241	OK	 
REQUEST	2		request_12 Redirect 2	1588333612863	1588333614317	OK	 
REQUEST	2		request_14	1588333614318	1588333614334	OK	 
REQUEST	2		request_13	1588333614318	1588333614335	OK	 
REQUEST	2		request_16	1588333614319	1588333614336	OK	 
REQUEST	6		request_28	1588333610683	1588333614336	OK	 
REQUEST	2		request_15	1588333614319	1588333614341	OK	 
REQUEST	2		request_17	1588333614319	1588333614341	OK	 
REQUEST	2		request_18	1588333614319	1588333614342	OK	 
REQUEST	11		request_24	1588333613231	1588333614371	OK	 
REQUEST	11		request_32	1588333613231	1588333614371	OK	 
REQUEST	11		request_26	1588333613232	1588333614372	OK	 
REQUEST	6		request_25	1588333610685	1588333614436	KO	status.find.is(401), but actually found 201
REQUEST	7		request_22	1588333608032	1588333614605	OK	 
REQUEST	7		request_35	1588333614607	1588333614620	OK	 
REQUEST	6		request_31	1588333610684	1588333615386	OK	 
REQUEST	6		request_37	1588333614336	1588333615387	OK	 
REQUEST	12		request_22	1588333609879	1588333615558	OK	 
REQUEST	6		request_30	1588333610684	1588333615558	KO	status.find.is(404), but actually found 200
REQUEST	12		request_35	1588333615560	1588333615570	OK	 
REQUEST	4		request_38	1588333611088	1588333615676	OK	 
REQUEST	6		request_33	1588333610684	1588333615676	OK	 
REQUEST	10		request_24	1588333614236	1588333615781	OK	 
REQUEST	10		request_32	1588333614236	1588333615781	OK	 
REQUEST	10		request_26	1588333614237	1588333615782	OK	 
REQUEST	4		request_27	1588333608652	1588333616085	OK	 
REQUEST	7		request_32	1588333614609	1588333616420	OK	 
REQUEST	7		request_24	1588333614610	1588333616421	OK	 
REQUEST	7		request_26	1588333614611	1588333616422	OK	 
REQUEST	8		request_22	1588333609868	1588333616624	OK	 
REQUEST	5		request_28	1588333612600	1588333616624	OK	 
REQUEST	8		request_35	1588333616627	1588333616634	OK	 
REQUEST	6		request_23	1588333610684	1588333616777	OK	 
REQUEST	12		request_24	1588333615565	1588333616932	OK	 
REQUEST	12		request_32	1588333615562	1588333616932	OK	 
REQUEST	12		request_26	1588333615565	1588333616933	OK	 
REQUEST	5		request_34	1588333612603	1588333616996	OK	 
REQUEST	6		request_36	1588333611877	1588333617466	OK	 
REQUEST	5		request_37	1588333616625	1588333617466	OK	 
REQUEST	11		request_34	1588333613232	1588333617814	KO	status.find.in(200,201,202,203,204,205,206,207,208,209,304), found 404
REQUEST	5		request_31	1588333612601	1588333618388	OK	 
REQUEST	6		request_29	1588333610683	1588333618494	OK	 
REQUEST	11		request_28	1588333613229	1588333618678	OK	 
REQUEST	15		request_22	1588333611549	1588333618678	OK	 
REQUEST	15		request_35	1588333618680	1588333618685	OK	 
REQUEST	8		request_24	1588333616630	1588333618929	OK	 
REQUEST	5		request_33	1588333612601	1588333618954	OK	 
REQUEST	8		request_32	1588333616629	1588333619032	OK	 
REQUEST	5		request_30	1588333612600	1588333619032	KO	status.find.is(404), but actually found 200
REQUEST	8		request_26	1588333616630	1588333619033	OK	 
REQUEST	13		request_22	1588333611972	1588333619537	OK	 
REQUEST	13		request_35	1588333619539	1588333619557	OK	 
REQUEST	11		request_25	1588333613231	1588333619586	KO	status.find.is(401), but actually found 201
REQUEST	11		request_37	1588333618678	1588333620036	OK	 
REQUEST	11		request_31	1588333613230	1588333620363	OK	 
REQUEST	10		request_28	1588333614235	1588333620477	OK	 
REQUEST	5		request_23	1588333612601	1588333620478	OK	 
REQUEST	11		request_30	1588333613230	1588333620478	KO	status.find.is(404), but actually found 200
REQUEST	7		request_34	1588333614612	1588333620801	KO	status.find.in(200,201,202,203,204,205,206,207,208,209,304), found 404
REQUEST	15		request_32	1588333618681	1588333620802	OK	 
REQUEST	11		request_33	1588333613231	1588333620855	OK	 
REQUEST	10		request_34	1588333614237	1588333620856	OK	 
REQUEST	9		request_22	1588333612918	1588333621455	OK	 
REQUEST	15		request_24	1588333618681	1588333621455	OK	 
REQUEST	15		request_26	1588333618682	1588333621460	OK	 
REQUEST	9		request_35	1588333621457	1588333621469	OK	 
REQUEST	13		request_24	1588333619542	1588333622600	OK	 
REQUEST	7		request_28	1588333614608	1588333622600	OK	 
REQUEST	10		request_37	1588333620478	1588333622600	OK	 
REQUEST	10		request_31	1588333614236	1588333622961	OK	 
REQUEST	13		request_26	1588333619545	1588333622962	OK	 
REQUEST	13		request_32	1588333619541	1588333622963	OK	 
REQUEST	5		request_29	1588333612600	1588333622983	OK	 
REQUEST	5		request_36	1588333613608	1588333623464	OK	 
REQUEST	11		request_23	1588333613231	1588333623464	OK	 
REQUEST	10		request_30	1588333614236	1588333623464	KO	status.find.is(404), but actually found 200
REQUEST	12		request_34	1588333615566	1588333623534	OK	 
REQUEST	7		request_25	1588333614610	1588333623534	KO	status.find.is(401), but actually found 201
REQUEST	12		request_28	1588333615560	1588333624081	OK	 
REQUEST	10		request_33	1588333614236	1588333624153	OK	 
REQUEST	14		request_21	1588333599302	1588333624305	OK	 
REQUEST	7		request_31	1588333614609	1588333624566	OK	 
REQUEST	7		request_37	1588333622600	1588333624567	OK	 
REQUEST	6		request_38	1588333615386	1588333624624	OK	 
REQUEST	20		request_22	1588333613728	1588333624920	OK	 
REQUEST	9		request_32	1588333621458	1588333624920	OK	 
REQUEST	7		request_30	1588333614609	1588333624920	KO	status.find.is(404), but actually found 200
REQUEST	9		request_26	1588333621461	1588333624920	OK	 
REQUEST	20		request_35	1588333624921	1588333624931	OK	 
REQUEST	12		request_37	1588333624081	1588333625146	OK	 
REQUEST	9		request_24	1588333621460	1588333625146	OK	 
REQUEST	7		request_33	1588333614609	1588333625172	OK	 
REQUEST	6		request_27	1588333610685	1588333625214	OK	 
REQUEST	12		request_31	1588333615562	1588333625686	OK	 
REQUEST	11		request_29	1588333613229	1588333625746	OK	 
REQUEST	16		request_22	1588333613541	1588333625808	OK	 
REQUEST	10		request_23	1588333614236	1588333625808	OK	 
REQUEST	12		request_30	1588333615561	1588333625808	KO	status.find.is(404), but actually found 200
REQUEST	16		request_35	1588333625810	1588333625818	OK	 
REQUEST	8		request_28	1588333616628	1588333625879	OK	 
REQUEST	12		request_33	1588333615563	1588333625947	OK	 
REQUEST	2		request_19	1588333614319	1588333626154	OK	 
REQUEST	18		request_22	1588333615140	1588333626492	OK	 
REQUEST	7		request_23	1588333614609	1588333626492	OK	 
REQUEST	18		request_35	1588333626494	1588333626501	OK	 
REQUEST	8		request_25	1588333616630	1588333626515	KO	status.find.is(401), but actually found 201
REQUEST	8		request_31	1588333616629	1588333627020	OK	 
REQUEST	8		request_37	1588333625880	1588333627021	OK	 
REQUEST	10		request_29	1588333614235	1588333627049	OK	 
REQUEST	7		request_36	1588333616421	1588333627395	OK	 
REQUEST	12		request_23	1588333615564	1588333627395	OK	 
REQUEST	8		request_30	1588333616628	1588333627395	KO	status.find.is(404), but actually found 200
REQUEST	20		request_24	1588333624924	1588333627395	OK	 
REQUEST	20		request_32	1588333624923	1588333627397	OK	 
REQUEST	20		request_26	1588333624924	1588333627398	OK	 
REQUEST	8		request_33	1588333616629	1588333627516	OK	 
REQUEST	5		request_38	1588333617466	1588333627518	OK	 
REQUEST	5		request_25	1588333612602	1588333627562	KO	status.find.is(401), but actually found 201
REQUEST	15		request_28	1588333618680	1588333627760	OK	 
REQUEST	12		request_36	1588333616933	1588333628197	OK	 
REQUEST	16		request_26	1588333625813	1588333628197	OK	 
REQUEST	16		request_32	1588333625812	1588333628197	OK	 
REQUEST	16		request_24	1588333625813	1588333628198	OK	 
REQUEST	13		request_28	1588333619540	1588333628442	OK	 
REQUEST	15		request_37	1588333627760	1588333629117	OK	 
REQUEST	18		request_32	1588333626496	1588333629117	OK	 
REQUEST	18		request_24	1588333626497	1588333629118	OK	 
REQUEST	15		request_31	1588333618681	1588333629118	OK	 
REQUEST	18		request_26	1588333626497	1588333629119	OK	 
REQUEST	13		request_34	1588333619545	1588333629178	OK	 
REQUEST	12		request_29	1588333615561	1588333629178	OK	 
REQUEST	9		request_34	1588333621462	1588333629304	KO	status.find.in(200,201,202,203,204,205,206,207,208,209,304), found 404
REQUEST	19		request_22	1588333614130	1588333630006	OK	 
REQUEST	15		request_30	1588333618681	1588333630006	KO	status.find.is(404), but actually found 200
REQUEST	8		request_23	1588333616629	1588333630006	OK	 
REQUEST	19		request_35	1588333630008	1588333630019	OK	 
REQUEST	15		request_34	1588333618682	1588333630259	KO	status.find.in(200,201,202,203,204,205,206,207,208,209,304), found 404
REQUEST	13		request_37	1588333628442	1588333630259	OK	 
REQUEST	11		request_38	1588333620037	1588333630300	OK	 
REQUEST	15		request_33	1588333618681	1588333630302	OK	 
REQUEST	9		request_28	1588333621457	1588333630428	OK	 
REQUEST	13		request_31	1588333619540	1588333630428	OK	 
REQUEST	13		request_30	1588333619540	1588333630429	KO	status.find.is(404), but actually found 200
REQUEST	8		request_36	1588333619033	1588333630544	OK	 
REQUEST	13		request_33	1588333619541	1588333630554	OK	 
REQUEST	8		request_29	1588333616628	1588333631364	OK	 
REQUEST	15		request_23	1588333618681	1588333631620	OK	 
REQUEST	8		request_27	1588333616630	1588333631640	OK	 
REQUEST	9		request_37	1588333630429	1588333632009	OK	 
REQUEST	9		request_31	1588333621458	1588333632010	OK	 
REQUEST	10		request_36	1588333615782	1588333632106	OK	 
REQUEST	10		request_38	1588333622600	1588333632170	OK	 
REQUEST	9		request_30	1588333621458	1588333632347	KO	status.find.is(404), but actually found 200
REQUEST	13		request_23	1588333619541	1588333632676	OK	 
REQUEST	19		request_24	1588333630011	1588333632676	OK	 
REQUEST	19		request_32	1588333630010	1588333632677	OK	 
REQUEST	19		request_26	1588333630011	1588333632678	OK	 
REQUEST	9		request_33	1588333621458	1588333632720	OK	 
REQUEST	7		request_27	1588333614611	1588333632756	OK	 
REQUEST	20		request_28	1588333624922	1588333632941	OK	 
REQUEST	7		request_38	1588333624567	1588333632966	OK	 
REQUEST	15		request_29	1588333618680	1588333632966	OK	 
REQUEST	17		request_22	1588333613359	1588333633217	OK	 
REQUEST	17		request_35	1588333633219	1588333633226	OK	 
REQUEST	9		request_23	1588333621459	1588333633795	OK	 
REQUEST	16		request_28	1588333625811	1588333633795	OK	 
REQUEST	12		request_38	1588333625147	1588333633845	OK	 
REQUEST	20		request_25	1588333624924	1588333633845	KO	status.find.is(401), but actually found 201
REQUEST	20		request_37	1588333632942	1588333634395	OK	 
REQUEST	20		request_31	1588333624923	1588333634808	OK	 
REQUEST	11		request_36	1588333614372	1588333634808	OK	 
REQUEST	20		request_30	1588333624922	1588333634936	KO	status.find.is(404), but actually found 200
REQUEST	18		request_28	1588333626495	1588333634936	OK	 
REQUEST	16		request_31	1588333625812	1588333634936	OK	 
REQUEST	16		request_37	1588333633796	1588333634937	OK	 
REQUEST	16		request_30	1588333625811	1588333635040	KO	status.find.is(404), but actually found 200
REQUEST	20		request_33	1588333624923	1588333635104	OK	 
REQUEST	18		request_25	1588333626497	1588333635109	KO	status.find.is(401), but actually found 201
REQUEST	13		request_36	1588333622963	1588333635584	OK	 
REQUEST	17		request_26	1588333633221	1588333635584	OK	 
REQUEST	17		request_32	1588333633221	1588333635584	OK	 
REQUEST	17		request_24	1588333633221	1588333635585	OK	 
REQUEST	16		request_33	1588333625812	1588333635629	OK	 
REQUEST	9		request_29	1588333621457	1588333635631	OK	 
REQUEST	18		request_31	1588333626496	1588333635925	OK	 
REQUEST	18		request_37	1588333634936	1588333635926	OK	 
REQUEST	8		request_38	1588333627020	1588333635941	OK	 
REQUEST	18		request_30	1588333626496	1588333636262	KO	status.find.is(404), but actually found 200
REQUEST	18		request_27	1588333626497	1588333636284	OK	 
REQUEST	20		request_23	1588333624923	1588333636411	OK	 
REQUEST	9		request_36	1588333624920	1588333636411	OK	 
REQUEST	18		request_33	1588333626496	1588333636418	OK	 
REQUEST	16		request_23	1588333625812	1588333636756	OK	 
REQUEST	20		request_36	1588333627397	1588333636756	OK	 
REQUEST	19		request_28	1588333630008	1588333636756	OK	 
REQUEST	7		request_29	1588333614608	1588333636778	OK	 
USER	sharefriend1user	7	END	1588333572998	1588333636779
REQUEST	15		request_38	1588333629118	1588333636786	OK	 
REQUEST	11		request_27	1588333613232	1588333636891	OK	 
USER	sharefriend1user	11	END	1588333574998	1588333636892
REQUEST	16		request_36	1588333628198	1588333636897	OK	 
REQUEST	18		request_23	1588333626497	1588333637259	OK	 
REQUEST	19		request_37	1588333636756	1588333637259	OK	 
REQUEST	13		request_38	1588333630259	1588333637298	OK	 
REQUEST	19		request_31	1588333630010	1588333638182	OK	 
REQUEST	19		request_25	1588333630011	1588333638209	KO	status.find.is(401), but actually found 201
REQUEST	19		request_30	1588333630010	1588333638284	KO	status.find.is(404), but actually found 200
REQUEST	18		request_29	1588333626495	1588333638299	OK	 
REQUEST	19		request_33	1588333630010	1588333638512	OK	 
REQUEST	9		request_38	1588333632009	1588333638512	OK	 
REQUEST	19		request_34	1588333630012	1588333638621	OK	 
REQUEST	18		request_36	1588333629118	1588333638778	OK	 
REQUEST	17		request_28	1588333633220	1588333639468	OK	 
REQUEST	19		request_23	1588333630011	1588333639832	OK	 
REQUEST	10		request_25	1588333614237	1588333639906	KO	status.find.is(401), but actually found 201
REQUEST	19		request_36	1588333632677	1588333640287	OK	 
REQUEST	17		request_31	1588333633220	1588333640287	OK	 
REQUEST	17		request_30	1588333633220	1588333640392	KO	status.find.is(404), but actually found 200
REQUEST	17		request_37	1588333639469	1588333640392	OK	 
REQUEST	20		request_38	1588333634395	1588333640404	OK	 
REQUEST	17		request_33	1588333633221	1588333640568	OK	 
REQUEST	19		request_29	1588333630009	1588333640690	OK	 
REQUEST	9		request_25	1588333621460	1588333640690	KO	status.find.is(401), but actually found 201
REQUEST	15		request_36	1588333620802	1588333640787	OK	 
REQUEST	16		request_38	1588333634936	1588333640805	OK	 
REQUEST	17		request_23	1588333633221	1588333640874	OK	 
REQUEST	18		request_38	1588333635925	1588333640994	OK	 
REQUEST	17		request_36	1588333635584	1588333641011	OK	 
REQUEST	13		request_29	1588333619540	1588333641083	OK	 
REQUEST	2		request_20	1588333632158	1588333641102	OK	 
REQUEST	2		request_21	1588333641103	1588333641107	OK	 
REQUEST	20		request_34	1588333624924	1588333641150	OK	 
REQUEST	14		request_22	1588333636311	1588333641462	OK	 
REQUEST	14		request_35	1588333641463	1588333641470	OK	 
REQUEST	19		request_38	1588333637260	1588333641480	OK	 
REQUEST	12		request_25	1588333615565	1588333641483	KO	status.find.is(401), but actually found 201
REQUEST	17		request_38	1588333640287	1588333642336	OK	 
REQUEST	14		request_24	1588333641465	1588333642539	OK	 
REQUEST	14		request_32	1588333641465	1588333642635	OK	 
REQUEST	14		request_26	1588333641466	1588333642636	OK	 
REQUEST	16		request_34	1588333625813	1588333642677	OK	 
REQUEST	17		request_29	1588333633220	1588333642760	OK	 
REQUEST	12		request_27	1588333615566	1588333642981	OK	 
USER	sharefriend1user	12	END	1588333575502	1588333642982
REQUEST	8		request_34	1588333616630	1588333643223	OK	 
USER	sharefriend1user	8	END	1588333573498	1588333643223
REQUEST	14		request_28	1588333641464	1588333643371	OK	 
REQUEST	14		request_34	1588333641466	1588333643451	KO	status.find.in(200,201,202,203,204,205,206,207,208,209,304), found 404
REQUEST	14		request_37	1588333643371	1588333643530	OK	 
REQUEST	14		request_25	1588333641466	1588333643685	KO	status.find.is(401), but actually found 201
REQUEST	14		request_31	1588333641464	1588333644332	OK	 
REQUEST	14		request_33	1588333641465	1588333644344	OK	 
REQUEST	14		request_30	1588333641464	1588333644359	KO	status.find.is(404), but actually found 200
REQUEST	20		request_29	1588333624922	1588333644824	OK	 
REQUEST	14		request_23	1588333641465	1588333645094	OK	 
REQUEST	14		request_27	1588333641466	1588333645330	OK	 
REQUEST	14		request_36	1588333642635	1588333645519	OK	 
REQUEST	14		request_29	1588333641464	1588333645803	OK	 
REQUEST	14		request_38	1588333643531	1588333646100	OK	 
USER	sharefriend1user	14	END	1588333576501	1588333646103
REQUEST	4		request_36	1588333609468	1588333646778	OK	 
USER	sharefriend1user	4	END	1588333571508	1588333646779
REQUEST	13		request_25	1588333619544	1588333646798	KO	status.find.is(401), but actually found 201
REQUEST	17		request_34	1588333633222	1588333646907	OK	 
REQUEST	9		request_27	1588333621461	1588333648299	OK	 
USER	sharefriend1user	9	END	1588333574000	1588333648300
REQUEST	6		request_34	1588333610686	1588333648549	OK	 
USER	sharefriend1user	6	END	1588333572502	1588333648550
REQUEST	20		request_27	1588333624924	1588333649659	OK	 
USER	sharefriend1user	20	END	1588333579488	1588333649660
REQUEST	16		request_25	1588333625813	1588333650783	KO	status.find.is(401), but actually found 201
REQUEST	5		request_27	1588333612603	1588333651996	OK	 
USER	sharefriend1user	5	END	1588333572011	1588333651997
REQUEST	16		request_29	1588333625811	1588333653204	OK	 
REQUEST	19		request_27	1588333630012	1588333653255	OK	 
USER	sharefriend1user	19	END	1588333579002	1588333653257
REQUEST	17		request_25	1588333633221	1588333655011	KO	status.find.is(401), but actually found 201
REQUEST	2		request_22	1588333653098	1588333655435	OK	 
REQUEST	2		request_35	1588333655436	1588333655446	OK	 
REQUEST	2		request_32	1588333655438	1588333656400	OK	 
REQUEST	2		request_24	1588333655439	1588333656400	OK	 
REQUEST	2		request_26	1588333655440	1588333656401	OK	 
REQUEST	2		request_28	1588333655437	1588333658001	OK	 
REQUEST	2		request_34	1588333655440	1588333658153	OK	 
REQUEST	2		request_37	1588333658001	1588333658432	OK	 
REQUEST	2		request_31	1588333655438	1588333658595	OK	 
REQUEST	2		request_30	1588333655438	1588333658790	KO	status.find.is(404), but actually found 200
REQUEST	2		request_33	1588333655438	1588333658878	OK	 
REQUEST	2		request_23	1588333655438	1588333659235	OK	 
REQUEST	2		request_36	1588333656400	1588333659571	OK	 
REQUEST	2		request_25	1588333655439	1588333659647	KO	status.find.is(401), but actually found 201
REQUEST	2		request_29	1588333655437	1588333659788	OK	 
REQUEST	2		request_38	1588333658433	1588333660728	OK	 
REQUEST	15		request_25	1588333618682	1588333661211	KO	status.find.is(401), but actually found 201
REQUEST	2		request_27	1588333655440	1588333661719	OK	 
USER	sharefriend1user	2	END	1588333570508	1588333661722
REQUEST	13		request_27	1588333619545	1588333662748	OK	 
USER	sharefriend1user	13	END	1588333576002	1588333662749
REQUEST	16		request_27	1588333625813	1588333666858	OK	 
USER	sharefriend1user	16	END	1588333577489	1588333666859
REQUEST	17		request_27	1588333633222	1588333671046	OK	 
USER	sharefriend1user	17	END	1588333577988	1588333671047
REQUEST	10		request_27	1588333614237	1588333674238	KO	i.g.h.c.i.RequestTimeoutException: Request timeout to uo265379.solid.community/165.227.231.225:443 after 60000 ms
USER	sharefriend1user	10	END	1588333574499	1588333674241
REQUEST	15		request_27	1588333618682	1588333678683	KO	i.g.h.c.i.RequestTimeoutException: Request timeout to uo265379.solid.community/165.227.231.225:443 after 60000 ms
USER	sharefriend1user	15	END	1588333577002	1588333678683
REQUEST	18		request_34	1588333626498	1588333686498	KO	i.g.h.c.i.RequestTimeoutException: Request timeout to uo265379.solid.community/165.227.231.225:443 after 60000 ms
USER	sharefriend1user	18	END	1588333578498	1588333686498
