RUN	gatling_viade_es1c.seefriends1user	seefriends1user	1588334383095	 	3.3.1
USER	seefriends1user	1	START	1588334384630	1588334384630
REQUEST	1		request_0	1588334384678	1588334384741	OK	 
USER	seefriends1user	2	START	1588334384830	1588334384830
REQUEST	2		request_0	1588334384831	1588334384850	OK	 
USER	seefriends1user	3	START	1588334385039	1588334385039
REQUEST	3		request_0	1588334385040	1588334385059	OK	 
USER	seefriends1user	4	START	1588334385239	1588334385239
REQUEST	4		request_0	1588334385240	1588334385278	OK	 
USER	seefriends1user	5	START	1588334385438	1588334385438
REQUEST	5		request_0	1588334385439	1588334385459	OK	 
USER	seefriends1user	6	START	1588334385644	1588334385644
REQUEST	6		request_0	1588334385645	1588334385661	OK	 
USER	seefriends1user	7	START	1588334385840	1588334385840
REQUEST	7		request_0	1588334385841	1588334385855	OK	 
USER	seefriends1user	8	START	1588334386038	1588334386038
REQUEST	8		request_0	1588334386039	1588334386054	OK	 
USER	seefriends1user	9	START	1588334386243	1588334386243
REQUEST	9		request_0	1588334386244	1588334386248	OK	 
USER	seefriends1user	10	START	1588334386440	1588334386440
REQUEST	10		request_0	1588334386440	1588334386450	OK	 
USER	seefriends1user	11	START	1588334386641	1588334386641
REQUEST	11		request_0	1588334386641	1588334386646	OK	 
USER	seefriends1user	12	START	1588334386819	1588334386819
REQUEST	12		request_0	1588334386820	1588334386829	OK	 
USER	seefriends1user	13	START	1588334387023	1588334387023
REQUEST	13		request_0	1588334387024	1588334387031	OK	 
USER	seefriends1user	14	START	1588334387222	1588334387222
REQUEST	14		request_0	1588334387223	1588334387229	OK	 
USER	seefriends1user	15	START	1588334387419	1588334387419
REQUEST	15		request_0	1588334387420	1588334387427	OK	 
USER	seefriends1user	16	START	1588334387621	1588334387621
REQUEST	16		request_0	1588334387622	1588334387628	OK	 
REQUEST	1		request_1	1588334387775	1588334387782	OK	 
REQUEST	1		request_3	1588334387798	1588334387809	OK	 
REQUEST	1		request_4	1588334387799	1588334387812	OK	 
USER	seefriends1user	17	START	1588334387819	1588334387819
REQUEST	17		request_0	1588334387820	1588334387827	OK	 
REQUEST	1		request_2	1588334387797	1588334387841	OK	 
REQUEST	2		request_1	1588334387861	1588334387865	OK	 
REQUEST	2		request_4	1588334387870	1588334387884	OK	 
REQUEST	2		request_3	1588334387868	1588334387886	OK	 
REQUEST	2		request_2	1588334387867	1588334387914	OK	 
USER	seefriends1user	18	START	1588334388020	1588334388020
REQUEST	18		request_0	1588334388021	1588334388026	OK	 
REQUEST	3		request_1	1588334388075	1588334388079	OK	 
REQUEST	3		request_3	1588334388082	1588334388092	OK	 
REQUEST	3		request_4	1588334388083	1588334388093	OK	 
REQUEST	3		request_2	1588334388081	1588334388125	OK	 
USER	seefriends1user	19	START	1588334388219	1588334388219
REQUEST	19		request_0	1588334388220	1588334388227	OK	 
REQUEST	4		request_1	1588334388290	1588334388295	OK	 
REQUEST	4		request_4	1588334388300	1588334388309	OK	 
REQUEST	4		request_3	1588334388298	1588334388310	OK	 
REQUEST	4		request_2	1588334388297	1588334388343	OK	 
USER	seefriends1user	20	START	1588334388424	1588334388424
REQUEST	20		request_0	1588334388425	1588334388432	OK	 
REQUEST	5		request_1	1588334388472	1588334388476	OK	 
REQUEST	5		request_3	1588334388479	1588334388488	OK	 
REQUEST	5		request_4	1588334388480	1588334388489	OK	 
REQUEST	5		request_2	1588334388478	1588334388524	OK	 
USER	seefriends1user	21	START	1588334388621	1588334388621
REQUEST	21		request_0	1588334388622	1588334388630	OK	 
REQUEST	6		request_1	1588334388679	1588334388683	OK	 
REQUEST	6		request_4	1588334388687	1588334388692	OK	 
REQUEST	6		request_3	1588334388686	1588334388693	OK	 
REQUEST	6		request_2	1588334388684	1588334388734	OK	 
USER	seefriends1user	22	START	1588334388819	1588334388819
REQUEST	22		request_0	1588334388820	1588334388824	OK	 
REQUEST	1		request_5	1588334388829	1588334388832	OK	 
REQUEST	1		request_6	1588334388834	1588334388838	OK	 
REQUEST	7		request_1	1588334388872	1588334388876	OK	 
REQUEST	7		request_3	1588334388878	1588334388884	OK	 
REQUEST	7		request_4	1588334388879	1588334388884	OK	 
REQUEST	7		request_2	1588334388878	1588334388927	OK	 
REQUEST	1		request_7	1588334388833	1588334388977	OK	 
USER	seefriends1user	23	START	1588334389019	1588334389019
REQUEST	23		request_0	1588334389019	1588334389024	OK	 
REQUEST	8		request_1	1588334389071	1588334389074	OK	 
REQUEST	8		request_3	1588334389076	1588334389082	OK	 
REQUEST	8		request_4	1588334389077	1588334389083	OK	 
REQUEST	8		request_2	1588334389076	1588334389120	OK	 
REQUEST	3		request_5	1588334389133	1588334389136	OK	 
REQUEST	3		request_6	1588334389138	1588334389140	OK	 
USER	seefriends1user	24	START	1588334389223	1588334389223
REQUEST	24		request_0	1588334389223	1588334389227	OK	 
REQUEST	9		request_1	1588334389259	1588334389263	OK	 
REQUEST	3		request_7	1588334389138	1588334389266	OK	 
REQUEST	9		request_3	1588334389265	1588334389272	OK	 
REQUEST	9		request_4	1588334389268	1588334389273	OK	 
REQUEST	9		request_2	1588334389265	1588334389310	OK	 
REQUEST	4		request_5	1588334389354	1588334389357	OK	 
REQUEST	4		request_6	1588334389359	1588334389361	OK	 
USER	seefriends1user	25	START	1588334389421	1588334389421
REQUEST	25		request_0	1588334389422	1588334389426	OK	 
REQUEST	10		request_1	1588334389459	1588334389464	OK	 
REQUEST	10		request_4	1588334389469	1588334389478	OK	 
REQUEST	10		request_3	1588334389467	1588334389478	OK	 
REQUEST	4		request_7	1588334389358	1588334389490	OK	 
REQUEST	10		request_2	1588334389466	1588334389510	OK	 
REQUEST	5		request_5	1588334389529	1588334389531	OK	 
REQUEST	5		request_6	1588334389532	1588334389536	OK	 
USER	seefriends1user	26	START	1588334389622	1588334389622
REQUEST	26		request_0	1588334389623	1588334389630	OK	 
REQUEST	11		request_1	1588334389659	1588334389663	OK	 
REQUEST	5		request_7	1588334389532	1588334389663	OK	 
REQUEST	11		request_4	1588334389665	1588334389672	OK	 
REQUEST	11		request_3	1588334389665	1588334389673	OK	 
REQUEST	11		request_2	1588334389664	1588334389708	OK	 
REQUEST	6		request_5	1588334389739	1588334389741	OK	 
REQUEST	6		request_6	1588334389743	1588334389745	OK	 
USER	seefriends1user	27	START	1588334389822	1588334389822
REQUEST	27		request_0	1588334389822	1588334389826	OK	 
REQUEST	12		request_1	1588334389844	1588334389848	OK	 
REQUEST	6		request_7	1588334389742	1588334389851	OK	 
REQUEST	12		request_3	1588334389851	1588334389856	OK	 
REQUEST	12		request_4	1588334389852	1588334389857	OK	 
REQUEST	12		request_2	1588334389850	1588334389896	OK	 
REQUEST	7		request_5	1588334389932	1588334389935	OK	 
REQUEST	7		request_6	1588334389937	1588334389939	OK	 
USER	seefriends1user	28	START	1588334390019	1588334390019
REQUEST	28		request_0	1588334390020	1588334390024	OK	 
REQUEST	13		request_1	1588334390040	1588334390043	OK	 
REQUEST	13		request_4	1588334390046	1588334390051	OK	 
REQUEST	13		request_3	1588334390045	1588334390051	OK	 
REQUEST	7		request_7	1588334389936	1588334390083	OK	 
REQUEST	13		request_2	1588334390044	1588334390088	OK	 
REQUEST	8		request_5	1588334390119	1588334390121	OK	 
REQUEST	8		request_6	1588334390122	1588334390124	OK	 
USER	seefriends1user	29	START	1588334390222	1588334390222
REQUEST	29		request_0	1588334390223	1588334390227	OK	 
REQUEST	8		request_7	1588334390121	1588334390227	OK	 
REQUEST	14		request_1	1588334390239	1588334390242	OK	 
REQUEST	14		request_3	1588334390244	1588334390250	OK	 
REQUEST	14		request_4	1588334390244	1588334390251	OK	 
REQUEST	14		request_2	1588334390243	1588334390292	OK	 
REQUEST	9		request_5	1588334390321	1588334390323	OK	 
REQUEST	9		request_6	1588334390324	1588334390326	OK	 
USER	seefriends1user	30	START	1588334390419	1588334390419
REQUEST	30		request_0	1588334390420	1588334390425	OK	 
REQUEST	15		request_1	1588334390431	1588334390436	OK	 
REQUEST	15		request_3	1588334390437	1588334390444	OK	 
REQUEST	15		request_4	1588334390438	1588334390445	OK	 
REQUEST	9		request_7	1588334390324	1588334390457	OK	 
REQUEST	15		request_2	1588334390437	1588334390482	OK	 
REQUEST	10		request_5	1588334390519	1588334390522	OK	 
REQUEST	10		request_6	1588334390523	1588334390525	OK	 
USER	seefriends1user	31	START	1588334390620	1588334390620
REQUEST	31		request_0	1588334390621	1588334390625	OK	 
REQUEST	10		request_7	1588334390522	1588334390642	OK	 
REQUEST	16		request_1	1588334390643	1588334390647	OK	 
REQUEST	16		request_3	1588334390649	1588334390655	OK	 
REQUEST	16		request_4	1588334390650	1588334390655	OK	 
REQUEST	16		request_2	1588334390649	1588334390693	OK	 
REQUEST	11		request_5	1588334390712	1588334390714	OK	 
REQUEST	11		request_6	1588334390716	1588334390718	OK	 
USER	seefriends1user	32	START	1588334390810	1588334390810
REQUEST	32		request_0	1588334390810	1588334390814	OK	 
REQUEST	11		request_7	1588334390715	1588334390815	OK	 
REQUEST	17		request_1	1588334390843	1588334390847	OK	 
REQUEST	17		request_3	1588334390848	1588334390854	OK	 
REQUEST	17		request_4	1588334390849	1588334390855	OK	 
REQUEST	17		request_2	1588334390848	1588334390892	OK	 
REQUEST	12		request_5	1588334390899	1588334390901	OK	 
REQUEST	12		request_6	1588334390903	1588334390905	OK	 
USER	seefriends1user	33	START	1588334391013	1588334391013
REQUEST	33		request_0	1588334391014	1588334391018	OK	 
REQUEST	18		request_1	1588334391039	1588334391043	OK	 
REQUEST	12		request_7	1588334390902	1588334391050	OK	 
REQUEST	18		request_3	1588334391044	1588334391052	OK	 
REQUEST	18		request_4	1588334391045	1588334391052	OK	 
REQUEST	18		request_2	1588334391044	1588334391087	OK	 
REQUEST	13		request_5	1588334391101	1588334391103	OK	 
REQUEST	13		request_6	1588334391105	1588334391107	OK	 
USER	seefriends1user	34	START	1588334391208	1588334391208
REQUEST	34		request_0	1588334391209	1588334391213	OK	 
REQUEST	19		request_1	1588334391229	1588334391236	OK	 
REQUEST	19		request_3	1588334391237	1588334391245	OK	 
REQUEST	19		request_4	1588334391238	1588334391245	OK	 
REQUEST	13		request_7	1588334391104	1588334391252	OK	 
REQUEST	19		request_2	1588334391237	1588334391287	OK	 
REQUEST	14		request_5	1588334391312	1588334391314	OK	 
REQUEST	14		request_6	1588334391316	1588334391318	OK	 
REQUEST	1		request_8	1588334390972	1588334391372	OK	 
USER	seefriends1user	35	START	1588334391410	1588334391410
REQUEST	14		request_7	1588334391315	1588334391418	OK	 
REQUEST	35		request_0	1588334391411	1588334391422	OK	 
REQUEST	20		request_1	1588334391453	1588334391456	OK	 
REQUEST	20		request_3	1588334391457	1588334391462	OK	 
REQUEST	20		request_4	1588334391458	1588334391462	OK	 
REQUEST	15		request_5	1588334391489	1588334391491	OK	 
REQUEST	15		request_6	1588334391492	1588334391495	OK	 
REQUEST	20		request_2	1588334391457	1588334391500	OK	 
REQUEST	1		request_9	1588334391375	1588334391531	OK	 
USER	seefriends1user	36	START	1588334391612	1588334391612
REQUEST	36		request_0	1588334391612	1588334391616	OK	 
REQUEST	15		request_7	1588334391492	1588334391621	OK	 
REQUEST	21		request_1	1588334391639	1588334391643	OK	 
REQUEST	21		request_3	1588334391645	1588334391652	OK	 
REQUEST	21		request_4	1588334391647	1588334391653	OK	 
REQUEST	3		request_8	1588334391261	1588334391670	OK	 
REQUEST	21		request_2	1588334391644	1588334391689	OK	 
REQUEST	4		request_8	1588334391479	1588334391699	OK	 
REQUEST	16		request_5	1588334391704	1588334391706	OK	 
REQUEST	16		request_6	1588334391708	1588334391710	OK	 
REQUEST	1		request_10	1588334391375	1588334391799	OK	 
USER	seefriends1user	37	START	1588334391812	1588334391812
REQUEST	37		request_0	1588334391813	1588334391817	OK	 
REQUEST	22		request_1	1588334391834	1588334391837	OK	 
REQUEST	16		request_7	1588334391707	1588334391842	OK	 
REQUEST	22		request_3	1588334391839	1588334391846	OK	 
REQUEST	22		request_4	1588334391840	1588334391846	OK	 
REQUEST	22		request_2	1588334391838	1588334391882	OK	 
REQUEST	17		request_5	1588334391891	1588334391893	OK	 
REQUEST	3		request_9	1588334391671	1588334391895	OK	 
REQUEST	4		request_9	1588334391701	1588334391896	OK	 
REQUEST	17		request_6	1588334391895	1588334391899	OK	 
REQUEST	1		request_11	1588334391376	1588334391919	OK	 
REQUEST	17		request_7	1588334391894	1588334391994	OK	 
USER	seefriends1user	38	START	1588334392012	1588334392012
REQUEST	38		request_0	1588334392012	1588334392018	OK	 
REQUEST	23		request_1	1588334392043	1588334392046	OK	 
REQUEST	23		request_3	1588334392047	1588334392052	OK	 
REQUEST	23		request_4	1588334392048	1588334392053	OK	 
REQUEST	23		request_2	1588334392047	1588334392090	OK	 
REQUEST	18		request_5	1588334392095	1588334392097	OK	 
REQUEST	18		request_6	1588334392099	1588334392101	OK	 
REQUEST	18		request_7	1588334392098	1588334392199	OK	 
REQUEST	5		request_8	1588334391672	1588334392206	OK	 
USER	seefriends1user	39	START	1588334392214	1588334392214
REQUEST	39		request_0	1588334392214	1588334392218	OK	 
REQUEST	24		request_1	1588334392239	1588334392242	OK	 
REQUEST	24		request_3	1588334392243	1588334392248	OK	 
REQUEST	24		request_4	1588334392244	1588334392248	OK	 
REQUEST	3		request_10	1588334391671	1588334392273	OK	 
REQUEST	24		request_2	1588334392243	1588334392287	OK	 
REQUEST	6		request_8	1588334391845	1588334392293	OK	 
REQUEST	19		request_5	1588334392302	1588334392304	OK	 
REQUEST	19		request_6	1588334392305	1588334392307	OK	 
REQUEST	4		request_10	1588334391701	1588334392324	OK	 
REQUEST	5		request_9	1588334392207	1588334392324	OK	 
REQUEST	1		request_11	1588334391923	1588334392332	OK	 
REQUEST	3		request_11	1588334391672	1588334392334	OK	 
REQUEST	4		request_11	1588334391702	1588334392336	OK	 
REQUEST	6		request_9	1588334392294	1588334392396	OK	 
REQUEST	19		request_7	1588334392304	1588334392407	OK	 
USER	seefriends1user	40	START	1588334392412	1588334392412
REQUEST	40		request_0	1588334392412	1588334392416	OK	 
REQUEST	25		request_1	1588334392444	1588334392447	OK	 
REQUEST	25		request_3	1588334392448	1588334392454	OK	 
REQUEST	25		request_4	1588334392449	1588334392454	OK	 
REQUEST	7		request_8	1588334392084	1588334392478	OK	 
REQUEST	20		request_5	1588334392489	1588334392492	OK	 
REQUEST	25		request_2	1588334392448	1588334392493	OK	 
REQUEST	20		request_6	1588334392495	1588334392497	OK	 
REQUEST	8		request_8	1588334392229	1588334392510	OK	 
REQUEST	5		request_10	1588334392207	1588334392591	OK	 
REQUEST	20		request_7	1588334392494	1588334392595	OK	 
USER	seefriends1user	41	START	1588334392609	1588334392609
REQUEST	41		request_0	1588334392610	1588334392613	OK	 
REQUEST	26		request_1	1588334392641	1588334392645	OK	 
REQUEST	26		request_3	1588334392646	1588334392651	OK	 
REQUEST	26		request_4	1588334392647	1588334392653	OK	 
REQUEST	26		request_2	1588334392646	1588334392689	OK	 
REQUEST	21		request_5	1588334392699	1588334392701	OK	 
REQUEST	21		request_6	1588334392702	1588334392704	OK	 
REQUEST	5		request_11	1588334392208	1588334392758	OK	 
REQUEST	8		request_9	1588334392511	1588334392760	OK	 
REQUEST	7		request_9	1588334392479	1588334392760	OK	 
REQUEST	21		request_7	1588334392702	1588334392792	OK	 
REQUEST	4		request_11	1588334392336	1588334392801	OK	 
REQUEST	3		request_11	1588334392334	1588334392800	OK	 
USER	seefriends1user	42	START	1588334392820	1588334392820
REQUEST	6		request_11	1588334392295	1588334392823	OK	 
REQUEST	42		request_0	1588334392820	1588334392825	OK	 
REQUEST	27		request_1	1588334392841	1588334392844	OK	 
REQUEST	27		request_3	1588334392845	1588334392851	OK	 
REQUEST	27		request_4	1588334392846	1588334392852	OK	 
REQUEST	27		request_2	1588334392845	1588334392894	OK	 
REQUEST	22		request_5	1588334392899	1588334392901	OK	 
REQUEST	22		request_6	1588334392902	1588334392904	OK	 
REQUEST	9		request_8	1588334392454	1588334392935	OK	 
REQUEST	6		request_10	1588334392294	1588334392958	OK	 
REQUEST	22		request_7	1588334392902	1588334393010	OK	 
USER	seefriends1user	43	START	1588334393022	1588334393022
REQUEST	43		request_0	1588334393022	1588334393026	OK	 
REQUEST	7		request_10	1588334392479	1588334393038	OK	 
REQUEST	10		request_8	1588334392641	1588334393038	OK	 
REQUEST	5		request_11	1588334392759	1588334393042	OK	 
REQUEST	28		request_1	1588334393044	1588334393048	OK	 
REQUEST	28		request_3	1588334393049	1588334393055	OK	 
REQUEST	28		request_4	1588334393049	1588334393055	OK	 
REQUEST	8		request_10	1588334392511	1588334393071	OK	 
REQUEST	9		request_9	1588334392936	1588334393071	OK	 
REQUEST	23		request_5	1588334393089	1588334393092	OK	 
REQUEST	28		request_2	1588334393049	1588334393093	OK	 
REQUEST	23		request_6	1588334393093	1588334393095	OK	 
REQUEST	7		request_11	1588334392480	1588334393184	OK	 
REQUEST	8		request_11	1588334392512	1588334393185	OK	 
REQUEST	10		request_9	1588334393039	1588334393188	OK	 
REQUEST	6		request_11	1588334392824	1588334393194	OK	 
REQUEST	11		request_8	1588334392820	1588334393198	OK	 
REQUEST	23		request_7	1588334393093	1588334393210	OK	 
USER	seefriends1user	44	START	1588334393219	1588334393219
REQUEST	44		request_0	1588334393219	1588334393224	OK	 
REQUEST	29		request_1	1588334393240	1588334393245	OK	 
REQUEST	29		request_3	1588334393247	1588334393257	OK	 
REQUEST	29		request_4	1588334393248	1588334393257	OK	 
REQUEST	29		request_2	1588334393246	1588334393291	OK	 
REQUEST	24		request_5	1588334393289	1588334393293	OK	 
REQUEST	24		request_6	1588334393294	1588334393296	OK	 
REQUEST	11		request_9	1588334393199	1588334393389	OK	 
REQUEST	9		request_10	1588334392937	1588334393405	OK	 
REQUEST	24		request_7	1588334393294	1588334393412	OK	 
USER	seefriends1user	45	START	1588334393421	1588334393421
REQUEST	45		request_0	1588334393422	1588334393426	OK	 
REQUEST	30		request_1	1588334393442	1588334393445	OK	 
REQUEST	30		request_4	1588334393447	1588334393455	OK	 
REQUEST	30		request_3	1588334393446	1588334393455	OK	 
REQUEST	30		request_2	1588334393446	1588334393493	OK	 
REQUEST	9		request_11	1588334392937	1588334393498	OK	 
REQUEST	25		request_5	1588334393499	1588334393504	OK	 
REQUEST	25		request_6	1588334393506	1588334393508	OK	 
REQUEST	12		request_8	1588334393059	1588334393536	OK	 
REQUEST	10		request_10	1588334393040	1588334393564	OK	 
REQUEST	8		request_11	1588334393185	1588334393567	OK	 
REQUEST	7		request_11	1588334393184	1588334393567	OK	 
REQUEST	10		request_11	1588334393040	1588334393576	OK	 
REQUEST	25		request_7	1588334393505	1588334393608	OK	 
USER	seefriends1user	46	START	1588334393620	1588334393620
REQUEST	46		request_0	1588334393621	1588334393624	OK	 
REQUEST	31		request_1	1588334393641	1588334393645	OK	 
REQUEST	31		request_3	1588334393646	1588334393653	OK	 
REQUEST	31		request_4	1588334393647	1588334393655	OK	 
REQUEST	13		request_8	1588334393255	1588334393662	OK	 
REQUEST	31		request_2	1588334393645	1588334393689	OK	 
REQUEST	26		request_5	1588334393699	1588334393703	OK	 
REQUEST	26		request_6	1588334393705	1588334393707	OK	 
REQUEST	26		request_7	1588334393704	1588334393806	OK	 
USER	seefriends1user	47	START	1588334393819	1588334393819
REQUEST	47		request_0	1588334393819	1588334393824	OK	 
REQUEST	32		request_1	1588334393829	1588334393837	OK	 
REQUEST	32		request_4	1588334393840	1588334393843	OK	 
REQUEST	32		request_3	1588334393839	1588334393844	OK	 
REQUEST	32		request_2	1588334393838	1588334393884	OK	 
REQUEST	27		request_5	1588334393891	1588334393893	OK	 
REQUEST	27		request_6	1588334393894	1588334393896	OK	 
REQUEST	27		request_7	1588334393894	1588334393993	OK	 
USER	seefriends1user	48	START	1588334394021	1588334394021
REQUEST	48		request_0	1588334394021	1588334394026	OK	 
REQUEST	33		request_1	1588334394031	1588334394037	OK	 
REQUEST	33		request_3	1588334394038	1588334394043	OK	 
REQUEST	33		request_4	1588334394039	1588334394044	OK	 
REQUEST	33		request_2	1588334394038	1588334394083	OK	 
REQUEST	11		request_10	1588334393199	1588334394098	OK	 
REQUEST	28		request_5	1588334394100	1588334394103	OK	 
REQUEST	28		request_6	1588334394105	1588334394107	OK	 
REQUEST	12		request_9	1588334393537	1588334394119	OK	 
REQUEST	13		request_9	1588334393663	1588334394121	OK	 
REQUEST	11		request_11	1588334393199	1588334394145	OK	 
REQUEST	14		request_8	1588334393411	1588334394189	OK	 
REQUEST	28		request_7	1588334394104	1588334394206	OK	 
USER	seefriends1user	49	START	1588334394219	1588334394219
REQUEST	49		request_0	1588334394220	1588334394225	OK	 
REQUEST	34		request_1	1588334394230	1588334394237	OK	 
REQUEST	34		request_3	1588334394238	1588334394244	OK	 
REQUEST	34		request_4	1588334394239	1588334394244	OK	 
REQUEST	9		request_11	1588334393498	1588334394277	OK	 
REQUEST	34		request_2	1588334394238	1588334394284	OK	 
REQUEST	29		request_5	1588334394304	1588334394306	OK	 
REQUEST	29		request_6	1588334394307	1588334394309	OK	 
REQUEST	14		request_9	1588334394191	1588334394315	OK	 
REQUEST	15		request_8	1588334393631	1588334394388	OK	 
REQUEST	10		request_11	1588334393576	1588334394388	OK	 
REQUEST	13		request_10	1588334393664	1588334394400	OK	 
REQUEST	12		request_10	1588334393538	1588334394404	OK	 
REQUEST	16		request_8	1588334393829	1588334394411	OK	 
REQUEST	17		request_8	1588334394000	1588334394412	OK	 
REQUEST	12		request_11	1588334393538	1588334394416	OK	 
USER	seefriends1user	50	START	1588334394423	1588334394423
REQUEST	50		request_0	1588334394423	1588334394441	OK	 
REQUEST	29		request_7	1588334394306	1588334394447	OK	 
REQUEST	35		request_1	1588334394443	1588334394448	OK	 
REQUEST	35		request_3	1588334394451	1588334394461	OK	 
REQUEST	35		request_4	1588334394452	1588334394465	OK	 
REQUEST	35		request_2	1588334394449	1588334394506	OK	 
REQUEST	30		request_5	1588334394504	1588334394507	OK	 
REQUEST	13		request_11	1588334393664	1588334394509	OK	 
REQUEST	11		request_11	1588334394146	1588334394510	OK	 
REQUEST	15		request_9	1588334394389	1588334394511	OK	 
REQUEST	17		request_9	1588334394413	1588334394512	OK	 
REQUEST	16		request_9	1588334394412	1588334394512	OK	 
REQUEST	30		request_6	1588334394509	1588334394516	OK	 
REQUEST	14		request_10	1588334394191	1588334394541	OK	 
REQUEST	36		request_1	1588334394629	1588334394639	OK	 
REQUEST	30		request_7	1588334394508	1588334394659	OK	 
REQUEST	36		request_3	1588334394640	1588334394676	OK	 
REQUEST	36		request_4	1588334394641	1588334394677	OK	 
REQUEST	31		request_5	1588334394702	1588334394704	OK	 
REQUEST	31		request_6	1588334394706	1588334394708	OK	 
REQUEST	36		request_2	1588334394640	1588334394714	OK	 
REQUEST	14		request_11	1588334394192	1588334394745	OK	 
REQUEST	18		request_8	1588334394199	1588334394782	OK	 
REQUEST	12		request_11	1588334394418	1588334394804	OK	 
REQUEST	37		request_1	1588334394831	1588334394838	OK	 
REQUEST	31		request_7	1588334394705	1588334394841	OK	 
REQUEST	37		request_3	1588334394840	1588334394849	OK	 
REQUEST	37		request_4	1588334394841	1588334394849	OK	 
REQUEST	37		request_2	1588334394839	1588334394886	OK	 
REQUEST	32		request_5	1588334394889	1588334394891	OK	 
REQUEST	32		request_6	1588334394893	1588334394894	OK	 
REQUEST	32		request_7	1588334394892	1588334394993	OK	 
REQUEST	19		request_8	1588334394412	1588334395014	OK	 
REQUEST	38		request_1	1588334395029	1588334395033	OK	 
REQUEST	15		request_10	1588334394389	1588334395045	OK	 
REQUEST	38		request_3	1588334395035	1588334395045	OK	 
REQUEST	18		request_9	1588334394784	1588334395045	OK	 
REQUEST	38		request_4	1588334395036	1588334395046	OK	 
REQUEST	33		request_5	1588334395083	1588334395087	OK	 
REQUEST	38		request_2	1588334395034	1588334395087	OK	 
REQUEST	16		request_10	1588334394415	1588334395089	OK	 
REQUEST	17		request_10	1588334394414	1588334395090	OK	 
REQUEST	33		request_6	1588334395089	1588334395095	OK	 
REQUEST	17		request_11	1588334394415	1588334395103	OK	 
REQUEST	15		request_11	1588334394390	1588334395103	OK	 
REQUEST	19		request_9	1588334395015	1588334395105	OK	 
REQUEST	13		request_11	1588334394509	1588334395106	OK	 
REQUEST	20		request_8	1588334394603	1588334395120	OK	 
REQUEST	33		request_7	1588334395088	1588334395211	OK	 
REQUEST	14		request_11	1588334394746	1588334395220	OK	 
REQUEST	39		request_1	1588334395229	1588334395233	OK	 
REQUEST	39		request_4	1588334395237	1588334395242	OK	 
REQUEST	39		request_3	1588334395236	1588334395243	OK	 
REQUEST	39		request_2	1588334395235	1588334395286	OK	 
REQUEST	34		request_5	1588334395289	1588334395291	OK	 
REQUEST	34		request_6	1588334395292	1588334395294	OK	 
REQUEST	16		request_11	1588334394418	1588334395308	OK	 
REQUEST	20		request_9	1588334395121	1588334395308	OK	 
REQUEST	21		request_8	1588334394799	1588334395359	OK	 
REQUEST	18		request_10	1588334394785	1588334395393	OK	 
REQUEST	22		request_8	1588334395004	1588334395404	OK	 
REQUEST	34		request_7	1588334395292	1588334395407	OK	 
REQUEST	21		request_9	1588334395360	1588334395418	OK	 
REQUEST	40		request_1	1588334395435	1588334395440	OK	 
REQUEST	40		request_3	1588334395441	1588334395447	OK	 
REQUEST	40		request_4	1588334395442	1588334395448	OK	 
REQUEST	40		request_2	1588334395441	1588334395485	OK	 
REQUEST	35		request_5	1588334395492	1588334395494	OK	 
REQUEST	35		request_6	1588334395495	1588334395497	OK	 
REQUEST	35		request_7	1588334395495	1588334395611	OK	 
REQUEST	41		request_1	1588334395629	1588334395632	OK	 
REQUEST	41		request_3	1588334395634	1588334395641	OK	 
REQUEST	41		request_4	1588334395635	1588334395641	OK	 
REQUEST	18		request_11	1588334394786	1588334395659	OK	 
REQUEST	41		request_2	1588334395633	1588334395680	OK	 
REQUEST	36		request_5	1588334395723	1588334395726	OK	 
REQUEST	36		request_6	1588334395727	1588334395729	OK	 
REQUEST	22		request_9	1588334395404	1588334395769	OK	 
REQUEST	15		request_11	1588334395103	1588334395786	OK	 
REQUEST	17		request_11	1588334395103	1588334395787	OK	 
REQUEST	19		request_10	1588334395016	1588334395791	OK	 
REQUEST	19		request_11	1588334395016	1588334395801	OK	 
REQUEST	20		request_10	1588334395122	1588334395804	OK	 
REQUEST	36		request_7	1588334395726	1588334395840	OK	 
REQUEST	42		request_1	1588334395842	1588334395845	OK	 
REQUEST	42		request_4	1588334395846	1588334395853	OK	 
REQUEST	42		request_3	1588334395846	1588334395854	OK	 
REQUEST	42		request_2	1588334395845	1588334395895	OK	 
REQUEST	37		request_5	1588334395894	1588334395896	OK	 
REQUEST	37		request_6	1588334395897	1588334395899	OK	 
REQUEST	23		request_8	1588334395219	1588334396002	OK	 
REQUEST	16		request_11	1588334395309	1588334396002	OK	 
REQUEST	37		request_7	1588334395897	1588334396019	OK	 
REQUEST	20		request_11	1588334395123	1588334396037	OK	 
REQUEST	43		request_1	1588334396041	1588334396045	OK	 
REQUEST	43		request_3	1588334396045	1588334396054	OK	 
REQUEST	43		request_4	1588334396046	1588334396055	OK	 
REQUEST	23		request_9	1588334396003	1588334396085	OK	 
REQUEST	43		request_2	1588334396045	1588334396089	OK	 
REQUEST	38		request_5	1588334396089	1588334396090	OK	 
REQUEST	38		request_6	1588334396091	1588334396093	OK	 
REQUEST	18		request_11	1588334395660	1588334396193	OK	 
REQUEST	38		request_7	1588334396091	1588334396223	OK	 
REQUEST	44		request_1	1588334396239	1588334396242	OK	 
REQUEST	24		request_8	1588334395423	1588334396244	OK	 
REQUEST	21		request_10	1588334395361	1588334396244	OK	 
REQUEST	25		request_8	1588334395603	1588334396246	OK	 
REQUEST	44		request_3	1588334396243	1588334396252	OK	 
REQUEST	44		request_4	1588334396243	1588334396253	OK	 
REQUEST	22		request_10	1588334395405	1588334396278	OK	 
REQUEST	39		request_5	1588334396280	1588334396282	OK	 
REQUEST	44		request_2	1588334396243	1588334396287	OK	 
REQUEST	39		request_6	1588334396283	1588334396288	OK	 
REQUEST	21		request_11	1588334395361	1588334396341	OK	 
REQUEST	22		request_11	1588334395405	1588334396343	OK	 
REQUEST	19		request_11	1588334395801	1588334396352	OK	 
REQUEST	39		request_7	1588334396282	1588334396400	OK	 
REQUEST	45		request_1	1588334396440	1588334396443	OK	 
REQUEST	26		request_8	1588334395791	1588334396446	OK	 
REQUEST	27		request_8	1588334395999	1588334396447	OK	 
REQUEST	24		request_9	1588334396245	1588334396449	OK	 
REQUEST	25		request_9	1588334396247	1588334396449	OK	 
REQUEST	45		request_4	1588334396445	1588334396456	OK	 
REQUEST	45		request_3	1588334396444	1588334396456	OK	 
REQUEST	23		request_10	1588334396003	1588334396481	OK	 
REQUEST	20		request_11	1588334396038	1588334396483	OK	 
REQUEST	45		request_2	1588334396444	1588334396488	OK	 
REQUEST	40		request_5	1588334396489	1588334396491	OK	 
REQUEST	40		request_6	1588334396493	1588334396495	OK	 
REQUEST	40		request_7	1588334396492	1588334396594	OK	 
REQUEST	23		request_11	1588334396004	1588334396621	OK	 
REQUEST	46		request_1	1588334396640	1588334396643	OK	 
REQUEST	46		request_4	1588334396645	1588334396652	OK	 
REQUEST	46		request_3	1588334396644	1588334396652	OK	 
REQUEST	41		request_5	1588334396682	1588334396685	OK	 
REQUEST	46		request_2	1588334396644	1588334396688	OK	 
REQUEST	41		request_6	1588334396687	1588334396689	OK	 
REQUEST	26		request_9	1588334396448	1588334396785	OK	 
REQUEST	27		request_9	1588334396448	1588334396785	OK	 
REQUEST	41		request_7	1588334396686	1588334396787	OK	 
REQUEST	47		request_1	1588334396832	1588334396838	OK	 
REQUEST	28		request_8	1588334396203	1588334396839	OK	 
REQUEST	47		request_4	1588334396840	1588334396846	OK	 
REQUEST	47		request_3	1588334396839	1588334396847	OK	 
REQUEST	25		request_10	1588334396247	1588334396865	OK	 
REQUEST	24		request_10	1588334396246	1588334396869	OK	 
REQUEST	47		request_2	1588334396839	1588334396887	OK	 
REQUEST	42		request_5	1588334396889	1588334396891	OK	 
REQUEST	42		request_6	1588334396892	1588334396893	OK	 
REQUEST	22		request_11	1588334396343	1588334396961	OK	 
REQUEST	21		request_11	1588334396341	1588334396961	OK	 
REQUEST	25		request_11	1588334396248	1588334396979	OK	 
REQUEST	24		request_11	1588334396246	1588334396981	OK	 
REQUEST	28		request_9	1588334396839	1588334396991	OK	 
REQUEST	42		request_7	1588334396891	1588334396994	OK	 
REQUEST	29		request_8	1588334396440	1588334397003	OK	 
REQUEST	26		request_10	1588334396448	1588334397038	OK	 
REQUEST	27		request_10	1588334396448	1588334397042	OK	 
REQUEST	48		request_1	1588334397039	1588334397043	OK	 
REQUEST	23		request_11	1588334396622	1588334397043	OK	 
REQUEST	48		request_4	1588334397045	1588334397049	OK	 
REQUEST	48		request_3	1588334397044	1588334397050	OK	 
REQUEST	48		request_2	1588334397044	1588334397088	OK	 
REQUEST	43		request_5	1588334397093	1588334397095	OK	 
REQUEST	43		request_6	1588334397096	1588334397098	OK	 
REQUEST	27		request_11	1588334396449	1588334397157	OK	 
REQUEST	26		request_11	1588334396449	1588334397158	OK	 
REQUEST	29		request_9	1588334397004	1588334397169	OK	 
REQUEST	30		request_8	1588334396661	1588334397169	OK	 
REQUEST	43		request_7	1588334397095	1588334397195	OK	 
REQUEST	49		request_1	1588334397242	1588334397245	OK	 
REQUEST	49		request_3	1588334397247	1588334397253	OK	 
REQUEST	49		request_4	1588334397247	1588334397253	OK	 
REQUEST	44		request_5	1588334397289	1588334397290	OK	 
REQUEST	49		request_2	1588334397246	1588334397292	OK	 
REQUEST	44		request_6	1588334397292	1588334397295	OK	 
REQUEST	44		request_7	1588334397291	1588334397410	OK	 
REQUEST	31		request_8	1588334396832	1588334397428	OK	 
REQUEST	28		request_10	1588334396840	1588334397457	OK	 
REQUEST	50		request_1	1588334397454	1588334397460	OK	 
REQUEST	30		request_9	1588334397170	1588334397461	OK	 
REQUEST	50		request_3	1588334397461	1588334397473	OK	 
REQUEST	50		request_4	1588334397462	1588334397473	OK	 
REQUEST	45		request_5	1588334397489	1588334397491	OK	 
REQUEST	28		request_11	1588334396840	1588334397492	OK	 
REQUEST	45		request_6	1588334397493	1588334397495	OK	 
REQUEST	31		request_9	1588334397428	1588334397502	OK	 
REQUEST	24		request_11	1588334396981	1588334397504	OK	 
REQUEST	25		request_11	1588334396979	1588334397504	OK	 
REQUEST	50		request_2	1588334397461	1588334397507	OK	 
REQUEST	45		request_7	1588334397492	1588334397593	OK	 
REQUEST	46		request_5	1588334397693	1588334397695	OK	 
REQUEST	46		request_6	1588334397696	1588334397698	OK	 
REQUEST	32		request_8	1588334397002	1588334397799	OK	 
REQUEST	46		request_7	1588334397696	1588334397814	OK	 
REQUEST	29		request_10	1588334397004	1588334397828	OK	 
REQUEST	29		request_11	1588334397005	1588334397843	OK	 
REQUEST	26		request_11	1588334397159	1588334397846	OK	 
REQUEST	27		request_11	1588334397157	1588334397847	OK	 
REQUEST	47		request_5	1588334397893	1588334397894	OK	 
REQUEST	47		request_6	1588334397896	1588334397897	OK	 
REQUEST	47		request_7	1588334397895	1588334398012	OK	 
REQUEST	32		request_9	1588334397800	1588334398018	OK	 
REQUEST	30		request_11	1588334397171	1588334398030	OK	 
REQUEST	33		request_8	1588334397222	1588334398032	OK	 
REQUEST	30		request_10	1588334397171	1588334398044	OK	 
REQUEST	28		request_11	1588334397492	1588334398073	OK	 
REQUEST	48		request_5	1588334398089	1588334398091	OK	 
REQUEST	48		request_6	1588334398093	1588334398094	OK	 
REQUEST	48		request_7	1588334398092	1588334398191	OK	 
REQUEST	34		request_8	1588334397402	1588334398224	OK	 
REQUEST	33		request_9	1588334398033	1588334398257	OK	 
REQUEST	35		request_8	1588334397619	1588334398268	OK	 
REQUEST	31		request_10	1588334397429	1588334398284	OK	 
REQUEST	34		request_9	1588334398224	1588334398287	OK	 
REQUEST	49		request_5	1588334398302	1588334398304	OK	 
REQUEST	49		request_6	1588334398305	1588334398307	OK	 
REQUEST	31		request_11	1588334397429	1588334398332	OK	 
REQUEST	49		request_7	1588334398305	1588334398419	OK	 
REQUEST	35		request_9	1588334398269	1588334398469	OK	 
REQUEST	50		request_5	1588334398509	1588334398510	OK	 
REQUEST	36		request_8	1588334397835	1588334398512	OK	 
REQUEST	50		request_6	1588334398512	1588334398515	OK	 
REQUEST	32		request_11	1588334397802	1588334398516	OK	 
REQUEST	32		request_10	1588334397802	1588334398520	OK	 
REQUEST	30		request_11	1588334398031	1588334398546	OK	 
REQUEST	50		request_7	1588334398511	1588334398614	OK	 
REQUEST	37		request_8	1588334398012	1588334398633	OK	 
REQUEST	33		request_10	1588334398034	1588334398633	OK	 
REQUEST	36		request_9	1588334398513	1588334398650	OK	 
REQUEST	29		request_11	1588334397843	1588334398657	OK	 
REQUEST	38		request_8	1588334398219	1588334398660	OK	 
REQUEST	33		request_11	1588334398035	1588334398679	OK	 
REQUEST	34		request_10	1588334398225	1588334398685	OK	 
REQUEST	37		request_9	1588334398634	1588334398770	OK	 
REQUEST	31		request_11	1588334398333	1588334398776	OK	 
REQUEST	34		request_11	1588334398225	1588334398802	OK	 
REQUEST	38		request_9	1588334398661	1588334398813	OK	 
REQUEST	39		request_8	1588334398421	1588334398813	OK	 
REQUEST	35		request_10	1588334398269	1588334398840	OK	 
REQUEST	32		request_11	1588334398516	1588334398865	OK	 
REQUEST	35		request_11	1588334398270	1588334398917	OK	 
REQUEST	39		request_9	1588334398813	1588334399190	OK	 
REQUEST	36		request_10	1588334398514	1588334399217	OK	 
REQUEST	40		request_8	1588334398590	1588334399235	OK	 
REQUEST	36		request_11	1588334398515	1588334399252	OK	 
REQUEST	37		request_10	1588334398634	1588334399257	OK	 
REQUEST	38		request_10	1588334398661	1588334399289	OK	 
REQUEST	33		request_11	1588334398679	1588334399289	OK	 
REQUEST	37		request_11	1588334398635	1588334399587	OK	 
REQUEST	40		request_9	1588334399236	1588334399604	OK	 
REQUEST	34		request_11	1588334398802	1588334399647	OK	 
REQUEST	41		request_8	1588334398789	1588334399647	OK	 
REQUEST	39		request_10	1588334398814	1588334399659	OK	 
REQUEST	35		request_11	1588334398918	1588334399661	OK	 
REQUEST	38		request_11	1588334398662	1588334399683	OK	 
REQUEST	42		request_8	1588334399001	1588334399766	OK	 
REQUEST	41		request_9	1588334399648	1588334399767	OK	 
REQUEST	36		request_11	1588334399253	1588334399943	OK	 
REQUEST	39		request_11	1588334398814	1588334399964	OK	 
REQUEST	42		request_9	1588334399767	1588334399982	OK	 
REQUEST	43		request_8	1588334399199	1588334399996	OK	 
REQUEST	44		request_8	1588334399411	1588334399996	OK	 
REQUEST	40		request_10	1588334399236	1588334400012	OK	 
REQUEST	37		request_11	1588334399587	1588334400015	OK	 
REQUEST	38		request_11	1588334399683	1588334400178	OK	 
REQUEST	40		request_11	1588334399236	1588334400217	OK	 
REQUEST	44		request_9	1588334399997	1588334400229	OK	 
REQUEST	45		request_8	1588334399593	1588334400229	OK	 
REQUEST	43		request_9	1588334399997	1588334400237	OK	 
REQUEST	1		request_12	1588334399343	1588334400265	OK	 
REQUEST	41		request_10	1588334399648	1588334400277	OK	 
REQUEST	41		request_11	1588334399648	1588334400284	OK	 
REQUEST	45		request_9	1588334400230	1588334400328	OK	 
REQUEST	46		request_8	1588334399813	1588334400329	OK	 
REQUEST	39		request_11	1588334399965	1588334400341	OK	 
REQUEST	42		request_10	1588334399767	1588334400341	OK	 
REQUEST	42		request_11	1588334399767	1588334400524	OK	 
REQUEST	46		request_9	1588334400330	1588334400757	OK	 
REQUEST	4		request_12	1588334399823	1588334400779	OK	 
REQUEST	47		request_8	1588334400009	1588334400800	OK	 
REQUEST	40		request_11	1588334400218	1588334400804	OK	 
REQUEST	43		request_10	1588334399997	1588334400809	OK	 
REQUEST	44		request_10	1588334399997	1588334400812	OK	 
REQUEST	48		request_8	1588334400192	1588334400814	OK	 
REQUEST	3		request_12	1588334399813	1588334400817	OK	 
REQUEST	45		request_10	1588334400230	1588334400991	OK	 
REQUEST	44		request_11	1588334399998	1588334401035	OK	 
REQUEST	43		request_11	1588334399998	1588334401038	OK	 
REQUEST	45		request_11	1588334400230	1588334401264	OK	 
REQUEST	48		request_9	1588334400815	1588334401266	OK	 
REQUEST	47		request_9	1588334400801	1588334401266	OK	 
REQUEST	5		request_12	1588334400030	1588334401292	OK	 
REQUEST	41		request_11	1588334400285	1588334401316	OK	 
REQUEST	6		request_12	1588334400192	1588334401324	OK	 
REQUEST	49		request_8	1588334400409	1588334401340	OK	 
REQUEST	50		request_8	1588334400621	1588334401340	OK	 
REQUEST	46		request_10	1588334400330	1588334401340	OK	 
REQUEST	1		request_12 Redirect 1	1588334400276	1588334401351	OK	 
REQUEST	42		request_11	1588334400524	1588334401434	OK	 
REQUEST	46		request_11	1588334400331	1588334401464	OK	 
REQUEST	50		request_9	1588334401341	1588334401763	OK	 
REQUEST	49		request_9	1588334401341	1588334401763	OK	 
REQUEST	47		request_10	1588334400801	1588334401815	OK	 
REQUEST	48		request_10	1588334400816	1588334401818	OK	 
REQUEST	8		request_12	1588334400571	1588334401823	OK	 
REQUEST	7		request_12	1588334400561	1588334401823	OK	 
REQUEST	43		request_11	1588334401038	1588334401945	OK	 
REQUEST	44		request_11	1588334401035	1588334401946	OK	 
REQUEST	4		request_12 Redirect 1	1588334400780	1588334401957	OK	 
REQUEST	47		request_11	1588334400801	1588334401960	OK	 
REQUEST	48		request_11	1588334400816	1588334401960	OK	 
REQUEST	45		request_11	1588334401264	1588334401988	OK	 
REQUEST	1		request_12 Redirect 2	1588334401352	1588334402109	OK	 
REQUEST	1		request_16	1588334402112	1588334402123	OK	 
REQUEST	1		request_13	1588334402111	1588334402124	OK	 
REQUEST	1		request_14	1588334402111	1588334402125	OK	 
REQUEST	1		request_17	1588334402112	1588334402125	OK	 
REQUEST	1		request_15	1588334402111	1588334402126	OK	 
REQUEST	1		request_18	1588334402112	1588334402126	OK	 
REQUEST	1		request_20	1588334402123	1588334402127	OK	 
REQUEST	46		request_11	1588334401464	1588334402176	OK	 
REQUEST	50		request_10	1588334401342	1588334402187	OK	 
REQUEST	49		request_10	1588334401342	1588334402191	OK	 
REQUEST	6		request_12 Redirect 1	1588334401325	1588334402635	OK	 
REQUEST	49		request_11	1588334401343	1588334402637	OK	 
REQUEST	50		request_11	1588334401342	1588334402641	OK	 
REQUEST	10		request_12	1588334401393	1588334402688	OK	 
REQUEST	9		request_12	1588334401284	1588334402688	OK	 
REQUEST	11		request_12	1588334401499	1588334402689	OK	 
REQUEST	47		request_11	1588334401960	1588334402839	OK	 
REQUEST	48		request_11	1588334401960	1588334402839	OK	 
REQUEST	4		request_12 Redirect 2	1588334401958	1588334402874	OK	 
REQUEST	4		request_15	1588334402877	1588334402887	OK	 
REQUEST	4		request_17	1588334402877	1588334402888	OK	 
REQUEST	4		request_13	1588334402876	1588334402888	OK	 
REQUEST	4		request_14	1588334402876	1588334402889	OK	 
REQUEST	4		request_16	1588334402877	1588334402889	OK	 
REQUEST	4		request_18	1588334402877	1588334402890	OK	 
REQUEST	4		request_20	1588334402887	1588334402890	OK	 
REQUEST	12		request_12	1588334401800	1588334402975	OK	 
REQUEST	3		request_12 Redirect 1	1588334400818	1588334402986	OK	 
REQUEST	13		request_12	1588334402089	1588334403204	OK	 
REQUEST	6		request_12 Redirect 2	1588334402636	1588334403268	OK	 
REQUEST	6		request_15	1588334403270	1588334403283	OK	 
REQUEST	6		request_17	1588334403271	1588334403286	OK	 
REQUEST	6		request_16	1588334403270	1588334403287	OK	 
REQUEST	6		request_13	1588334403270	1588334403288	OK	 
REQUEST	6		request_18	1588334403271	1588334403288	OK	 
REQUEST	6		request_20	1588334403284	1588334403289	OK	 
REQUEST	6		request_14	1588334403270	1588334403290	OK	 
REQUEST	50		request_11	1588334402641	1588334403414	OK	 
REQUEST	49		request_11	1588334402637	1588334403414	OK	 
REQUEST	14		request_12	1588334402220	1588334403510	OK	 
REQUEST	5		request_12 Redirect 1	1588334401292	1588334403532	OK	 
REQUEST	15		request_12	1588334402789	1588334403973	OK	 
REQUEST	17		request_12	1588334402789	1588334403973	OK	 
REQUEST	3		request_12 Redirect 2	1588334402987	1588334404003	OK	 
REQUEST	3		request_15	1588334404006	1588334404022	OK	 
REQUEST	3		request_16	1588334404006	1588334404024	OK	 
REQUEST	3		request_14	1588334404005	1588334404032	OK	 
REQUEST	3		request_13	1588334404005	1588334404032	OK	 
REQUEST	3		request_20	1588334404022	1588334404032	OK	 
REQUEST	3		request_17	1588334404006	1588334404033	OK	 
REQUEST	3		request_18	1588334404007	1588334404033	OK	 
REQUEST	16		request_12	1588334403023	1588334404045	OK	 
REQUEST	13		request_12 Redirect 1	1588334403204	1588334404124	OK	 
REQUEST	19		request_12	1588334403339	1588334404495	OK	 
REQUEST	18		request_12	1588334403199	1588334404495	OK	 
REQUEST	5		request_12 Redirect 2	1588334403533	1588334404510	OK	 
REQUEST	5		request_13	1588334404511	1588334404524	OK	 
REQUEST	5		request_15	1588334404512	1588334404524	OK	 
REQUEST	5		request_16	1588334404512	1588334404524	OK	 
REQUEST	5		request_17	1588334404512	1588334404527	OK	 
REQUEST	5		request_14	1588334404511	1588334404528	OK	 
REQUEST	5		request_18	1588334404512	1588334404529	OK	 
REQUEST	5		request_20	1588334404524	1588334404530	OK	 
REQUEST	20		request_12	1588334403479	1588334404852	OK	 
REQUEST	17		request_12 Redirect 1	1588334403973	1588334404905	OK	 
REQUEST	13		request_12 Redirect 2	1588334404125	1588334405350	OK	 
REQUEST	13		request_13	1588334405351	1588334405367	OK	 
REQUEST	13		request_14	1588334405352	1588334405368	OK	 
REQUEST	13		request_15	1588334405352	1588334405369	OK	 
REQUEST	13		request_16	1588334405352	1588334405375	OK	 
REQUEST	13		request_17	1588334405352	1588334405377	OK	 
REQUEST	13		request_20	1588334405367	1588334405387	OK	 
REQUEST	21		request_12	1588334403960	1588334405388	OK	 
REQUEST	22		request_12	1588334403971	1588334405390	OK	 
REQUEST	23		request_12	1588334404040	1588334405390	OK	 
REQUEST	13		request_18	1588334405352	1588334405392	OK	 
REQUEST	1		request_19	1588334402112	1588334405418	OK	 
USER	seefriends1user	1	END	1588334384630	1588334405425
REQUEST	25		request_12	1588334404511	1588334406011	OK	 
REQUEST	24		request_12	1588334404500	1588334406011	OK	 
REQUEST	14		request_12 Redirect 1	1588334403510	1588334406048	OK	 
REQUEST	17		request_12 Redirect 2	1588334404905	1588334406051	OK	 
REQUEST	17		request_13	1588334406052	1588334406062	OK	 
REQUEST	17		request_14	1588334406052	1588334406067	OK	 
REQUEST	17		request_15	1588334406052	1588334406068	OK	 
REQUEST	17		request_17	1588334406053	1588334406068	OK	 
REQUEST	17		request_20	1588334406062	1588334406069	OK	 
REQUEST	17		request_16	1588334406053	1588334406069	OK	 
REQUEST	17		request_18	1588334406053	1588334406070	OK	 
REQUEST	27		request_12	1588334404853	1588334406601	OK	 
REQUEST	28		request_12	1588334405073	1588334406605	OK	 
REQUEST	26		request_12	1588334404865	1588334406605	OK	 
REQUEST	4		request_19	1588334402877	1588334406743	OK	 
USER	seefriends1user	4	END	1588334385239	1588334406745
REQUEST	30		request_12	1588334405542	1588334407244	OK	 
REQUEST	31		request_12	1588334405779	1588334407244	OK	 
REQUEST	6		request_19	1588334403271	1588334407245	OK	 
REQUEST	29		request_12	1588334405661	1588334407245	OK	 
USER	seefriends1user	6	END	1588334385644	1588334407247
REQUEST	14		request_12 Redirect 2	1588334406049	1588334407633	OK	 
REQUEST	14		request_13	1588334407634	1588334407647	OK	 
REQUEST	14		request_20	1588334407647	1588334407651	OK	 
REQUEST	14		request_16	1588334407635	1588334407652	OK	 
REQUEST	14		request_15	1588334407635	1588334407653	OK	 
REQUEST	14		request_18	1588334407636	1588334407656	OK	 
REQUEST	14		request_14	1588334407635	1588334407657	OK	 
REQUEST	14		request_17	1588334407636	1588334407657	OK	 
REQUEST	32		request_12	1588334405864	1588334407749	OK	 
REQUEST	33		request_12	1588334406282	1588334407832	OK	 
REQUEST	20		request_12 Redirect 1	1588334404853	1588334407852	OK	 
REQUEST	3		request_19	1588334404007	1588334408541	OK	 
USER	seefriends1user	3	END	1588334385039	1588334408543
REQUEST	35		request_12	1588334406669	1588334408570	OK	 
REQUEST	36		request_12	1588334406949	1588334408570	OK	 
REQUEST	34		request_12	1588334406654	1588334408572	OK	 
REQUEST	37		request_12	1588334407022	1588334408587	OK	 
REQUEST	38		request_12	1588334407189	1588334409050	OK	 
REQUEST	39		request_12	1588334407329	1588334409078	OK	 
REQUEST	32		request_12 Redirect 1	1588334407750	1588334409095	OK	 
REQUEST	20		request_12 Redirect 2	1588334407853	1588334409143	OK	 
REQUEST	20		request_15	1588334409145	1588334409153	OK	 
REQUEST	20		request_13	1588334409145	1588334409154	OK	 
REQUEST	20		request_14	1588334409145	1588334409155	OK	 
REQUEST	20		request_16	1588334409145	1588334409155	OK	 
REQUEST	20		request_20	1588334409153	1588334409156	OK	 
REQUEST	20		request_17	1588334409146	1588334409157	OK	 
REQUEST	20		request_18	1588334409146	1588334409158	OK	 
REQUEST	42		request_12	1588334408430	1588334409743	OK	 
REQUEST	41		request_12	1588334408321	1588334409747	OK	 
REQUEST	40		request_12	1588334407812	1588334409747	OK	 
REQUEST	30		request_12 Redirect 1	1588334407245	1588334409842	OK	 
REQUEST	44		request_12	1588334408949	1588334410288	OK	 
REQUEST	43		request_12	1588334408939	1588334410288	OK	 
REQUEST	32		request_12 Redirect 2	1588334409096	1588334410503	OK	 
REQUEST	32		request_15	1588334410507	1588334410515	OK	 
REQUEST	32		request_14	1588334410506	1588334410518	OK	 
REQUEST	32		request_13	1588334410506	1588334410519	OK	 
REQUEST	32		request_20	1588334410516	1588334410523	OK	 
REQUEST	32		request_16	1588334410507	1588334410524	OK	 
REQUEST	32		request_17	1588334410508	1588334410525	OK	 
REQUEST	32		request_18	1588334410508	1588334410525	OK	 
REQUEST	13		request_19	1588334405353	1588334410572	OK	 
USER	seefriends1user	13	END	1588334387023	1588334410573
REQUEST	45		request_12	1588334408990	1588334410752	OK	 
REQUEST	17		request_19	1588334406053	1588334410849	OK	 
USER	seefriends1user	17	END	1588334387819	1588334410852
REQUEST	46		request_12	1588334409181	1588334410855	OK	 
REQUEST	30		request_12 Redirect 2	1588334409843	1588334410923	OK	 
REQUEST	30		request_14	1588334410924	1588334410939	OK	 
REQUEST	30		request_15	1588334410925	1588334410939	OK	 
REQUEST	30		request_13	1588334410924	1588334410940	OK	 
REQUEST	30		request_17	1588334410925	1588334410943	OK	 
REQUEST	30		request_16	1588334410925	1588334410944	OK	 
REQUEST	30		request_18	1588334410925	1588334410945	OK	 
REQUEST	30		request_20	1588334410939	1588334410945	OK	 
REQUEST	48		request_12	1588334409843	1588334411658	OK	 
REQUEST	47		request_12	1588334409843	1588334411658	OK	 
REQUEST	24		request_12 Redirect 1	1588334406012	1588334411774	OK	 
REQUEST	50		request_12	1588334410409	1588334412064	OK	 
REQUEST	49		request_12	1588334410420	1588334412067	OK	 
REQUEST	46		request_12 Redirect 1	1588334410856	1588334412207	OK	 
REQUEST	24		request_12 Redirect 2	1588334411775	1588334412367	OK	 
REQUEST	24		request_15	1588334412370	1588334412380	OK	 
REQUEST	24		request_13	1588334412369	1588334412382	OK	 
REQUEST	24		request_14	1588334412369	1588334412385	OK	 
REQUEST	24		request_20	1588334412380	1588334412385	OK	 
REQUEST	24		request_16	1588334412370	1588334412386	OK	 
REQUEST	24		request_17	1588334412371	1588334412386	OK	 
REQUEST	24		request_18	1588334412371	1588334412388	OK	 
REQUEST	50		request_12 Redirect 1	1588334412065	1588334412642	OK	 
REQUEST	46		request_12 Redirect 2	1588334412208	1588334412846	OK	 
REQUEST	46		request_13	1588334412848	1588334412868	OK	 
REQUEST	46		request_14	1588334412849	1588334412869	OK	 
REQUEST	46		request_15	1588334412849	1588334412869	OK	 
REQUEST	46		request_16	1588334412851	1588334412870	OK	 
REQUEST	20		request_19	1588334409146	1588334412870	OK	 
REQUEST	46		request_17	1588334412852	1588334412870	OK	 
REQUEST	46		request_18	1588334412853	1588334412871	OK	 
USER	seefriends1user	20	END	1588334388424	1588334412872
REQUEST	46		request_20	1588334412868	1588334412873	OK	 
REQUEST	50		request_12 Redirect 2	1588334412643	1588334413250	OK	 
REQUEST	50		request_15	1588334413253	1588334413279	OK	 
REQUEST	50		request_14	1588334413252	1588334413284	OK	 
REQUEST	50		request_16	1588334413253	1588334413286	OK	 
REQUEST	50		request_17	1588334413254	1588334413286	OK	 
REQUEST	50		request_13	1588334413251	1588334413286	OK	 
REQUEST	14		request_19	1588334407636	1588334413289	OK	 
USER	seefriends1user	14	END	1588334387222	1588334413290
REQUEST	50		request_18	1588334413254	1588334413292	OK	 
REQUEST	50		request_20	1588334413279	1588334413294	OK	 
REQUEST	48		request_12 Redirect 1	1588334411659	1588334413359	OK	 
REQUEST	38		request_12 Redirect 1	1588334409050	1588334413732	OK	 
REQUEST	2		request_5	1588334388921	1588334413927	OK	 
REQUEST	48		request_12 Redirect 2	1588334413359	1588334413947	OK	 
REQUEST	48		request_13	1588334413948	1588334413967	OK	 
REQUEST	48		request_15	1588334413949	1588334413970	OK	 
REQUEST	48		request_20	1588334413968	1588334413973	OK	 
REQUEST	48		request_17	1588334413950	1588334413975	OK	 
REQUEST	48		request_16	1588334413949	1588334413976	OK	 
REQUEST	48		request_18	1588334413950	1588334413977	OK	 
REQUEST	48		request_14	1588334413949	1588334413977	OK	 
REQUEST	2		request_7	1588334413928	1588334414016	OK	 
REQUEST	24		request_19	1588334412371	1588334414035	OK	 
USER	seefriends1user	24	END	1588334389223	1588334414036
REQUEST	38		request_12 Redirect 2	1588334413733	1588334414168	OK	 
REQUEST	38		request_15	1588334414170	1588334414178	OK	 
REQUEST	38		request_20	1588334414178	1588334414183	OK	 
REQUEST	38		request_13	1588334414169	1588334414186	OK	 
REQUEST	38		request_17	1588334414170	1588334414186	OK	 
REQUEST	38		request_14	1588334414169	1588334414188	OK	 
REQUEST	38		request_16	1588334414170	1588334414189	OK	 
REQUEST	38		request_18	1588334414170	1588334414190	OK	 
REQUEST	42		request_12 Redirect 1	1588334409744	1588334414198	OK	 
REQUEST	21		request_12 Redirect 1	1588334405389	1588334414457	OK	 
REQUEST	42		request_12 Redirect 2	1588334414198	1588334414521	OK	 
REQUEST	42		request_15	1588334414522	1588334414539	OK	 
REQUEST	42		request_13	1588334414522	1588334414541	OK	 
REQUEST	42		request_14	1588334414522	1588334414542	OK	 
REQUEST	42		request_16	1588334414523	1588334414542	OK	 
REQUEST	42		request_17	1588334414523	1588334414543	OK	 
REQUEST	42		request_20	1588334414540	1588334414543	OK	 
REQUEST	42		request_18	1588334414524	1588334414544	OK	 
REQUEST	45		request_12 Redirect 1	1588334410753	1588334414871	OK	 
REQUEST	21		request_12 Redirect 2	1588334414458	1588334415004	OK	 
REQUEST	21		request_13	1588334415006	1588334415019	OK	 
REQUEST	21		request_15	1588334415007	1588334415020	OK	 
REQUEST	21		request_16	1588334415007	1588334415024	OK	 
REQUEST	21		request_17	1588334415007	1588334415024	OK	 
REQUEST	21		request_14	1588334415007	1588334415025	OK	 
REQUEST	21		request_18	1588334415007	1588334415026	OK	 
REQUEST	21		request_20	1588334415020	1588334415027	OK	 
REQUEST	25		request_12 Redirect 1	1588334406012	1588334415249	OK	 
REQUEST	45		request_12 Redirect 2	1588334414872	1588334415304	OK	 
REQUEST	45		request_13	1588334415305	1588334415317	OK	 
REQUEST	45		request_16	1588334415306	1588334415319	OK	 
REQUEST	45		request_14	1588334415305	1588334415320	OK	 
REQUEST	45		request_15	1588334415306	1588334415320	OK	 
REQUEST	45		request_17	1588334415306	1588334415321	OK	 
REQUEST	45		request_20	1588334415318	1588334415322	OK	 
REQUEST	45		request_18	1588334415306	1588334415323	OK	 
REQUEST	47		request_12 Redirect 1	1588334411659	1588334415650	OK	 
REQUEST	25		request_12 Redirect 2	1588334415250	1588334415789	OK	 
REQUEST	25		request_15	1588334415790	1588334415799	OK	 
REQUEST	25		request_14	1588334415790	1588334415801	OK	 
REQUEST	25		request_13	1588334415790	1588334415802	OK	 
REQUEST	25		request_20	1588334415799	1588334415802	OK	 
REQUEST	25		request_16	1588334415790	1588334415807	OK	 
REQUEST	25		request_17	1588334415791	1588334415807	OK	 
REQUEST	25		request_18	1588334415791	1588334415808	OK	 
REQUEST	49		request_12 Redirect 1	1588334412068	1588334415885	OK	 
REQUEST	47		request_12 Redirect 2	1588334415650	1588334416124	OK	 
REQUEST	50		request_19	1588334413254	1588334416131	OK	 
REQUEST	47		request_15	1588334416125	1588334416133	OK	 
USER	seefriends1user	50	END	1588334394423	1588334416134
REQUEST	47		request_13	1588334416125	1588334416136	OK	 
REQUEST	47		request_17	1588334416126	1588334416137	OK	 
REQUEST	47		request_14	1588334416125	1588334416140	OK	 
REQUEST	47		request_20	1588334416133	1588334416140	OK	 
REQUEST	47		request_16	1588334416125	1588334416140	OK	 
REQUEST	47		request_18	1588334416126	1588334416141	OK	 
REQUEST	42		request_19	1588334414524	1588334416311	OK	 
USER	seefriends1user	42	END	1588334392820	1588334416312
REQUEST	49		request_12 Redirect 2	1588334415885	1588334416355	OK	 
REQUEST	49		request_15	1588334416371	1588334416380	OK	 
REQUEST	49		request_13	1588334416368	1588334416383	OK	 
REQUEST	49		request_17	1588334416372	1588334416386	OK	 
REQUEST	49		request_18	1588334416372	1588334416386	OK	 
REQUEST	49		request_16	1588334416371	1588334416388	OK	 
REQUEST	49		request_20	1588334416381	1588334416389	OK	 
REQUEST	49		request_14	1588334416370	1588334416390	OK	 
REQUEST	32		request_19	1588334410508	1588334416666	OK	 
USER	seefriends1user	32	END	1588334390810	1588334416667
REQUEST	5		request_19	1588334404512	1588334416852	OK	 
USER	seefriends1user	5	END	1588334385438	1588334416853
REQUEST	38		request_19	1588334414170	1588334416928	OK	 
USER	seefriends1user	38	END	1588334392012	1588334416929
REQUEST	46		request_19	1588334412853	1588334418027	OK	 
USER	seefriends1user	46	END	1588334393620	1588334418028
REQUEST	47		request_19	1588334416126	1588334418060	OK	 
USER	seefriends1user	47	END	1588334393819	1588334418061
REQUEST	41		request_12 Redirect 1	1588334409747	1588334418279	OK	 
REQUEST	49		request_19	1588334416372	1588334418395	OK	 
USER	seefriends1user	49	END	1588334394219	1588334418396
REQUEST	7		request_12 Redirect 1	1588334401824	1588334418547	OK	 
REQUEST	41		request_12 Redirect 2	1588334418280	1588334418575	OK	 
REQUEST	41		request_13	1588334418576	1588334418590	OK	 
REQUEST	41		request_17	1588334418577	1588334418591	OK	 
REQUEST	41		request_14	1588334418577	1588334418592	OK	 
REQUEST	41		request_15	1588334418577	1588334418592	OK	 
REQUEST	41		request_16	1588334418577	1588334418592	OK	 
REQUEST	41		request_20	1588334418590	1588334418593	OK	 
REQUEST	41		request_18	1588334418578	1588334418594	OK	 
REQUEST	48		request_19	1588334413950	1588334418822	OK	 
USER	seefriends1user	48	END	1588334394021	1588334418823
REQUEST	7		request_12 Redirect 2	1588334418547	1588334418854	OK	 
REQUEST	7		request_13	1588334418855	1588334418868	OK	 
REQUEST	7		request_14	1588334418855	1588334418869	OK	 
REQUEST	7		request_15	1588334418855	1588334418869	OK	 
REQUEST	7		request_16	1588334418856	1588334418869	OK	 
REQUEST	7		request_17	1588334418856	1588334418870	OK	 
REQUEST	7		request_20	1588334418868	1588334418870	OK	 
REQUEST	7		request_18	1588334418856	1588334418875	OK	 
REQUEST	9		request_12 Redirect 1	1588334402688	1588334419029	OK	 
REQUEST	25		request_19	1588334415791	1588334419197	OK	 
USER	seefriends1user	25	END	1588334389421	1588334419199
REQUEST	9		request_12 Redirect 2	1588334419030	1588334419369	OK	 
REQUEST	9		request_15	1588334419371	1588334419385	OK	 
REQUEST	9		request_13	1588334419370	1588334419388	OK	 
REQUEST	9		request_14	1588334419371	1588334419389	OK	 
REQUEST	9		request_16	1588334419371	1588334419389	OK	 
REQUEST	9		request_17	1588334419371	1588334419390	OK	 
REQUEST	9		request_18	1588334419372	1588334419390	OK	 
REQUEST	9		request_20	1588334419385	1588334419391	OK	 
REQUEST	41		request_19	1588334418578	1588334419806	OK	 
USER	seefriends1user	41	END	1588334392609	1588334419807
REQUEST	12		request_12 Redirect 1	1588334402975	1588334420187	OK	 
REQUEST	7		request_19	1588334418856	1588334420332	OK	 
USER	seefriends1user	7	END	1588334385840	1588334420348
REQUEST	12		request_12 Redirect 2	1588334420187	1588334420449	OK	 
REQUEST	12		request_14	1588334420450	1588334420473	OK	 
REQUEST	12		request_13	1588334420450	1588334420474	OK	 
REQUEST	12		request_15	1588334420450	1588334420480	OK	 
REQUEST	12		request_20	1588334420473	1588334420481	OK	 
REQUEST	12		request_16	1588334420450	1588334420481	OK	 
REQUEST	12		request_17	1588334420451	1588334420482	OK	 
REQUEST	12		request_18	1588334420451	1588334420485	OK	 
REQUEST	30		request_19	1588334410925	1588334420701	OK	 
USER	seefriends1user	30	END	1588334390419	1588334420703
REQUEST	9		request_19	1588334419372	1588334420802	OK	 
USER	seefriends1user	9	END	1588334386243	1588334420804
REQUEST	18		request_12 Redirect 1	1588334404495	1588334421291	OK	 
REQUEST	12		request_19	1588334420451	1588334421621	OK	 
USER	seefriends1user	12	END	1588334386819	1588334421622
REQUEST	18		request_12 Redirect 2	1588334421292	1588334421672	OK	 
REQUEST	18		request_15	1588334421673	1588334421685	OK	 
REQUEST	18		request_13	1588334421673	1588334421686	OK	 
REQUEST	18		request_14	1588334421673	1588334421687	OK	 
REQUEST	18		request_16	1588334421674	1588334421688	OK	 
REQUEST	18		request_17	1588334421674	1588334421688	OK	 
REQUEST	18		request_20	1588334421685	1588334421689	OK	 
REQUEST	18		request_18	1588334421674	1588334421691	OK	 
REQUEST	22		request_12 Redirect 1	1588334405391	1588334422625	OK	 
REQUEST	18		request_19	1588334421674	1588334422770	OK	 
USER	seefriends1user	18	END	1588334388020	1588334422772
REQUEST	22		request_12 Redirect 2	1588334422626	1588334422910	OK	 
REQUEST	22		request_14	1588334422913	1588334422926	OK	 
REQUEST	22		request_13	1588334422912	1588334422927	OK	 
REQUEST	22		request_15	1588334422913	1588334422927	OK	 
REQUEST	22		request_16	1588334422914	1588334422927	OK	 
REQUEST	22		request_17	1588334422914	1588334422928	OK	 
REQUEST	22		request_20	1588334422926	1588334422928	OK	 
REQUEST	22		request_18	1588334422915	1588334422928	OK	 
REQUEST	27		request_12 Redirect 1	1588334406602	1588334423784	OK	 
REQUEST	22		request_19	1588334422915	1588334423821	OK	 
USER	seefriends1user	22	END	1588334388819	1588334423823
REQUEST	27		request_12 Redirect 2	1588334423784	1588334424056	OK	 
REQUEST	27		request_13	1588334424057	1588334424070	OK	 
REQUEST	27		request_15	1588334424058	1588334424071	OK	 
REQUEST	27		request_17	1588334424059	1588334424072	OK	 
REQUEST	27		request_16	1588334424058	1588334424073	OK	 
REQUEST	27		request_20	1588334424070	1588334424073	OK	 
REQUEST	27		request_14	1588334424058	1588334424074	OK	 
REQUEST	27		request_18	1588334424059	1588334424074	OK	 
REQUEST	21		request_19	1588334415008	1588334424344	OK	 
USER	seefriends1user	21	END	1588334388621	1588334424345
REQUEST	33		request_12 Redirect 1	1588334407833	1588334425101	OK	 
REQUEST	27		request_19	1588334424060	1588334425207	OK	 
USER	seefriends1user	27	END	1588334389822	1588334425208
REQUEST	33		request_12 Redirect 2	1588334425102	1588334425352	OK	 
REQUEST	33		request_13	1588334425353	1588334425366	OK	 
REQUEST	33		request_14	1588334425353	1588334425368	OK	 
REQUEST	33		request_15	1588334425354	1588334425369	OK	 
REQUEST	33		request_20	1588334425366	1588334425371	OK	 
REQUEST	33		request_17	1588334425354	1588334425372	OK	 
REQUEST	33		request_16	1588334425354	1588334425374	OK	 
REQUEST	33		request_18	1588334425354	1588334425374	OK	 
REQUEST	39		request_12 Redirect 1	1588334409079	1588334426131	OK	 
REQUEST	40		request_12 Redirect 1	1588334409747	1588334426311	OK	 
REQUEST	33		request_19	1588334425354	1588334426384	OK	 
USER	seefriends1user	33	END	1588334391013	1588334426386
REQUEST	39		request_12 Redirect 2	1588334426132	1588334426541	OK	 
REQUEST	39		request_14	1588334426543	1588334426566	OK	 
REQUEST	39		request_13	1588334426542	1588334426567	OK	 
REQUEST	39		request_15	1588334426543	1588334426568	OK	 
REQUEST	39		request_18	1588334426543	1588334426569	OK	 
REQUEST	39		request_16	1588334426543	1588334426570	OK	 
REQUEST	39		request_20	1588334426567	1588334426572	OK	 
REQUEST	39		request_17	1588334426543	1588334426573	OK	 
REQUEST	40		request_12 Redirect 2	1588334426312	1588334426710	OK	 
REQUEST	40		request_15	1588334426712	1588334426728	OK	 
REQUEST	40		request_13	1588334426711	1588334426735	OK	 
REQUEST	40		request_14	1588334426711	1588334426735	OK	 
REQUEST	40		request_16	1588334426713	1588334426735	OK	 
REQUEST	40		request_18	1588334426714	1588334426736	OK	 
REQUEST	40		request_20	1588334426728	1588334426738	OK	 
REQUEST	40		request_17	1588334426714	1588334426738	OK	 
REQUEST	39		request_19	1588334426544	1588334428144	OK	 
USER	seefriends1user	39	END	1588334392214	1588334428147
REQUEST	40		request_19	1588334426715	1588334428502	OK	 
USER	seefriends1user	40	END	1588334392412	1588334428504
REQUEST	45		request_19	1588334415306	1588334432500	OK	 
USER	seefriends1user	45	END	1588334393421	1588334432502
REQUEST	8		request_12 Redirect 1	1588334401824	1588334435024	OK	 
REQUEST	8		request_12 Redirect 2	1588334435024	1588334435669	OK	 
REQUEST	8		request_16	1588334435671	1588334435688	OK	 
REQUEST	8		request_13	1588334435670	1588334435689	OK	 
REQUEST	8		request_14	1588334435670	1588334435689	OK	 
REQUEST	8		request_15	1588334435670	1588334435690	OK	 
REQUEST	8		request_17	1588334435671	1588334435690	OK	 
REQUEST	8		request_18	1588334435671	1588334435695	OK	 
REQUEST	8		request_20	1588334435688	1588334435697	OK	 
REQUEST	15		request_12 Redirect 1	1588334403973	1588334437192	OK	 
REQUEST	8		request_19	1588334435671	1588334437256	OK	 
USER	seefriends1user	8	END	1588334386038	1588334437258
REQUEST	15		request_12 Redirect 2	1588334437192	1588334437475	OK	 
REQUEST	15		request_15	1588334437477	1588334437489	OK	 
REQUEST	15		request_13	1588334437476	1588334437492	OK	 
REQUEST	15		request_14	1588334437477	1588334437493	OK	 
REQUEST	15		request_16	1588334437478	1588334437494	OK	 
REQUEST	15		request_20	1588334437490	1588334437494	OK	 
REQUEST	15		request_17	1588334437478	1588334437495	OK	 
REQUEST	15		request_18	1588334437479	1588334437497	OK	 
REQUEST	23		request_12 Redirect 1	1588334405391	1588334438856	OK	 
REQUEST	2		request_6	1588334413929	1588334438932	OK	 
REQUEST	15		request_19	1588334437479	1588334438937	OK	 
USER	seefriends1user	15	END	1588334387419	1588334438939
REQUEST	23		request_12 Redirect 2	1588334438857	1588334439184	OK	 
REQUEST	23		request_15	1588334439186	1588334439209	OK	 
REQUEST	23		request_18	1588334439187	1588334439213	OK	 
REQUEST	23		request_13	1588334439185	1588334439215	OK	 
REQUEST	23		request_16	1588334439186	1588334439217	OK	 
REQUEST	23		request_17	1588334439187	1588334439218	OK	 
REQUEST	23		request_14	1588334439185	1588334439218	OK	 
REQUEST	28		request_12 Redirect 1	1588334406605	1588334439732	OK	 
REQUEST	28		request_12 Redirect 2	1588334439733	1588334439991	OK	 
REQUEST	28		request_15	1588334439994	1588334440005	OK	 
REQUEST	28		request_13	1588334439992	1588334440006	OK	 
REQUEST	28		request_14	1588334439993	1588334440006	OK	 
REQUEST	28		request_16	1588334439994	1588334440006	OK	 
REQUEST	28		request_17	1588334439994	1588334440007	OK	 
REQUEST	28		request_20	1588334440005	1588334440008	OK	 
REQUEST	28		request_18	1588334439994	1588334440008	OK	 
REQUEST	23		request_19	1588334439188	1588334440656	OK	 
REQUEST	35		request_12 Redirect 1	1588334408570	1588334440929	OK	 
REQUEST	35		request_12 Redirect 2	1588334440930	1588334441464	OK	 
REQUEST	35		request_15	1588334441465	1588334441475	OK	 
REQUEST	35		request_20	1588334441476	1588334441482	OK	 
REQUEST	35		request_18	1588334441465	1588334441483	OK	 
REQUEST	35		request_17	1588334441465	1588334441483	OK	 
REQUEST	35		request_13	1588334441465	1588334441484	OK	 
REQUEST	35		request_14	1588334441465	1588334441484	OK	 
REQUEST	35		request_16	1588334441465	1588334441485	OK	 
REQUEST	2		request_8	1588334440932	1588334441572	OK	 
REQUEST	28		request_19	1588334439995	1588334441572	OK	 
USER	seefriends1user	28	END	1588334390019	1588334441574
REQUEST	2		request_9	1588334441573	1588334441632	OK	 
REQUEST	2		request_10	1588334441573	1588334442214	OK	 
REQUEST	2		request_11	1588334441574	1588334442243	OK	 
REQUEST	43		request_12 Redirect 1	1588334410288	1588334442486	OK	 
REQUEST	2		request_11	1588334442243	1588334442629	OK	 
REQUEST	43		request_12 Redirect 2	1588334442486	1588334442908	OK	 
REQUEST	35		request_19	1588334441466	1588334442920	OK	 
USER	seefriends1user	35	END	1588334391410	1588334442923
REQUEST	43		request_15	1588334442911	1588334442932	OK	 
REQUEST	43		request_17	1588334442912	1588334442935	OK	 
REQUEST	43		request_16	1588334442912	1588334442936	OK	 
REQUEST	43		request_14	1588334442910	1588334442937	OK	 
REQUEST	43		request_13	1588334442909	1588334442937	OK	 
REQUEST	43		request_18	1588334442912	1588334442939	OK	 
REQUEST	43		request_20	1588334442933	1588334442940	OK	 
REQUEST	43		request_19	1588334442913	1588334444066	OK	 
USER	seefriends1user	43	END	1588334393022	1588334444068
REQUEST	2		request_12	1588334449633	1588334450201	OK	 
REQUEST	2		request_12 Redirect 1	1588334450202	1588334450656	OK	 
REQUEST	2		request_12 Redirect 2	1588334450656	1588334451019	OK	 
REQUEST	2		request_13	1588334451020	1588334451031	OK	 
REQUEST	2		request_14	1588334451021	1588334451034	OK	 
REQUEST	2		request_20	1588334451031	1588334451036	OK	 
REQUEST	2		request_15	1588334451022	1588334451039	OK	 
REQUEST	2		request_18	1588334451023	1588334451041	OK	 
REQUEST	2		request_16	1588334451022	1588334451041	OK	 
REQUEST	2		request_17	1588334451022	1588334451042	OK	 
REQUEST	2		request_19	1588334451023	1588334452284	OK	 
USER	seefriends1user	2	END	1588334384830	1588334452285
REQUEST	10		request_12 Redirect 1	1588334402688	1588334462690	KO	i.g.h.c.i.RequestTimeoutException: Request timeout to solid.community/165.227.231.225:443 after 60000 ms
REQUEST	11		request_12 Redirect 1	1588334402690	1588334462690	KO	i.g.h.c.i.RequestTimeoutException: Request timeout to solid.community/165.227.231.225:443 after 60000 ms
USER	seefriends1user	11	END	1588334386641	1588334462696
USER	seefriends1user	10	END	1588334386440	1588334462696
REQUEST	16		request_12 Redirect 1	1588334404046	1588334464047	KO	i.g.h.c.i.RequestTimeoutException: Request timeout to solid.community/165.227.231.225:443 after 60000 ms
USER	seefriends1user	16	END	1588334387621	1588334464047
REQUEST	23		request_20	1588334439209	1588334464225	OK	 
USER	seefriends1user	23	END	1588334389019	1588334464226
REQUEST	19		request_12 Redirect 1	1588334404495	1588334464495	KO	i.g.h.c.i.RequestTimeoutException: Request timeout to solid.community/165.227.231.225:443 after 60000 ms
USER	seefriends1user	19	END	1588334388219	1588334464496
REQUEST	26		request_12 Redirect 1	1588334406605	1588334466606	KO	i.g.h.c.i.RequestTimeoutException: Request timeout to solid.community/165.227.231.225:443 after 60000 ms
USER	seefriends1user	26	END	1588334389622	1588334466607
REQUEST	31		request_12 Redirect 1	1588334407245	1588334467246	KO	i.g.h.c.i.RequestTimeoutException: Request timeout to solid.community/165.227.231.225:443 after 60000 ms
REQUEST	29		request_12 Redirect 1	1588334407245	1588334467246	KO	i.g.h.c.i.RequestTimeoutException: Request timeout to solid.community/165.227.231.225:443 after 60000 ms
USER	seefriends1user	31	END	1588334390620	1588334467246
USER	seefriends1user	29	END	1588334390222	1588334467246
REQUEST	36		request_12 Redirect 1	1588334408570	1588334468571	KO	i.g.h.c.i.RequestTimeoutException: Request timeout to solid.community/165.227.231.225:443 after 60000 ms
USER	seefriends1user	36	END	1588334391612	1588334468571
REQUEST	34		request_12 Redirect 1	1588334408572	1588334468573	KO	i.g.h.c.i.RequestTimeoutException: Request timeout to solid.community/165.227.231.225:443 after 60000 ms
USER	seefriends1user	34	END	1588334391208	1588334468573
REQUEST	37		request_12 Redirect 1	1588334408587	1588334468588	KO	i.g.h.c.i.RequestTimeoutException: Request timeout to solid.community/165.227.231.225:443 after 60000 ms
USER	seefriends1user	37	END	1588334391812	1588334468588
REQUEST	44		request_12 Redirect 1	1588334410288	1588334470289	KO	i.g.h.c.i.RequestTimeoutException: Request timeout to solid.community/165.227.231.225:443 after 60000 ms
USER	seefriends1user	44	END	1588334393219	1588334470289
