RUN	gatling_viade_es1c.download1user	download1user	1588335552423	 	3.3.1
USER	download1user	1	START	1588335554261	1588335554261
USER	download1user	2	START	1588335554469	1588335554469
REQUEST	1		request_0	1588335554341	1588335554436	OK	 
REQUEST	2		request_0	1588335554470	1588335554519	OK	 
USER	download1user	3	START	1588335554661	1588335554661
REQUEST	3		request_0	1588335554662	1588335554682	OK	 
USER	download1user	4	START	1588335554869	1588335554869
REQUEST	4		request_0	1588335554871	1588335554896	OK	 
USER	download1user	5	START	1588335555060	1588335555060
REQUEST	5		request_0	1588335555061	1588335555093	OK	 
USER	download1user	6	START	1588335555267	1588335555267
REQUEST	6		request_0	1588335555269	1588335555287	OK	 
USER	download1user	7	START	1588335555461	1588335555461
REQUEST	7		request_0	1588335555462	1588335555482	OK	 
USER	download1user	8	START	1588335555663	1588335555663
REQUEST	8		request_0	1588335555664	1588335555695	OK	 
USER	download1user	9	START	1588335555866	1588335555866
REQUEST	9		request_0	1588335555869	1588335555938	OK	 
USER	download1user	10	START	1588335556059	1588335556059
REQUEST	10		request_0	1588335556060	1588335556075	OK	 
USER	download1user	11	START	1588335556259	1588335556259
REQUEST	11		request_0	1588335556260	1588335556268	OK	 
USER	download1user	12	START	1588335556452	1588335556452
REQUEST	12		request_0	1588335556453	1588335556460	OK	 
USER	download1user	13	START	1588335556652	1588335556652
REQUEST	13		request_0	1588335556653	1588335556657	OK	 
USER	download1user	14	START	1588335556850	1588335556850
REQUEST	14		request_0	1588335556851	1588335556857	OK	 
USER	download1user	15	START	1588335557051	1588335557051
REQUEST	15		request_0	1588335557052	1588335557057	OK	 
USER	download1user	16	START	1588335557254	1588335557254
REQUEST	16		request_0	1588335557254	1588335557259	OK	 
USER	download1user	17	START	1588335557441	1588335557441
REQUEST	17		request_0	1588335557442	1588335557447	OK	 
USER	download1user	18	START	1588335557643	1588335557643
REQUEST	18		request_0	1588335557644	1588335557649	OK	 
USER	download1user	19	START	1588335557840	1588335557840
REQUEST	19		request_0	1588335557841	1588335557845	OK	 
USER	download1user	20	START	1588335558042	1588335558042
REQUEST	20		request_0	1588335558042	1588335558051	OK	 
USER	download1user	21	START	1588335558242	1588335558242
REQUEST	21		request_0	1588335558243	1588335558251	OK	 
USER	download1user	22	START	1588335558441	1588335558441
REQUEST	22		request_0	1588335558442	1588335558449	OK	 
REQUEST	1		request_1	1588335558470	1588335558474	OK	 
REQUEST	1		request_2	1588335558489	1588335558492	OK	 
REQUEST	1		request_3	1588335558490	1588335558501	OK	 
REQUEST	2		request_1	1588335558554	1588335558557	OK	 
REQUEST	2		request_2	1588335558559	1588335558562	OK	 
REQUEST	2		request_3	1588335558559	1588335558571	OK	 
USER	download1user	23	START	1588335558642	1588335558642
REQUEST	23		request_0	1588335558643	1588335558649	OK	 
REQUEST	3		request_1	1588335558700	1588335558704	OK	 
REQUEST	3		request_2	1588335558705	1588335558709	OK	 
REQUEST	3		request_3	1588335558706	1588335558710	OK	 
USER	download1user	24	START	1588335558843	1588335558843
REQUEST	24		request_0	1588335558844	1588335558851	OK	 
REQUEST	4		request_1	1588335558911	1588335558917	OK	 
REQUEST	4		request_2	1588335558919	1588335558922	OK	 
REQUEST	4		request_3	1588335558920	1588335558925	OK	 
USER	download1user	25	START	1588335559041	1588335559041
REQUEST	25		request_0	1588335559041	1588335559048	OK	 
REQUEST	5		request_1	1588335559115	1588335559120	OK	 
REQUEST	5		request_2	1588335559123	1588335559126	OK	 
REQUEST	5		request_3	1588335559123	1588335559128	OK	 
USER	download1user	26	START	1588335559239	1588335559239
REQUEST	26		request_0	1588335559240	1588335559245	OK	 
REQUEST	6		request_1	1588335559292	1588335559299	OK	 
REQUEST	6		request_2	1588335559301	1588335559304	OK	 
REQUEST	6		request_3	1588335559302	1588335559307	OK	 
USER	download1user	27	START	1588335559449	1588335559449
REQUEST	27		request_0	1588335559450	1588335559455	OK	 
REQUEST	1		request_4	1588335559493	1588335559497	OK	 
REQUEST	7		request_1	1588335559493	1588335559502	OK	 
REQUEST	1		request_5	1588335559502	1588335559507	OK	 
REQUEST	7		request_2	1588335559504	1588335559509	OK	 
REQUEST	7		request_3	1588335559505	1588335559511	OK	 
USER	download1user	28	START	1588335559652	1588335559652
REQUEST	28		request_0	1588335559652	1588335559659	OK	 
REQUEST	8		request_1	1588335559710	1588335559716	OK	 
REQUEST	8		request_2	1588335559718	1588335559721	OK	 
REQUEST	8		request_3	1588335559718	1588335559724	OK	 
REQUEST	3		request_4	1588335559721	1588335559724	OK	 
REQUEST	3		request_5	1588335559726	1588335559732	OK	 
REQUEST	1		request_6	1588335559501	1588335559759	OK	 
REQUEST	3		request_6	1588335559726	1588335559835	OK	 
USER	download1user	29	START	1588335559850	1588335559850
REQUEST	29		request_0	1588335559851	1588335559858	OK	 
REQUEST	4		request_4	1588335559931	1588335559934	OK	 
REQUEST	4		request_5	1588335559936	1588335559939	OK	 
REQUEST	9		request_1	1588335559951	1588335559956	OK	 
REQUEST	9		request_2	1588335559958	1588335559962	OK	 
REQUEST	9		request_3	1588335559959	1588335559969	OK	 
USER	download1user	30	START	1588335560050	1588335560050
REQUEST	30		request_0	1588335560051	1588335560057	OK	 
REQUEST	4		request_6	1588335559935	1588335560060	OK	 
REQUEST	10		request_1	1588335560093	1588335560100	OK	 
REQUEST	10		request_2	1588335560102	1588335560108	OK	 
REQUEST	10		request_3	1588335560103	1588335560109	OK	 
REQUEST	5		request_4	1588335560120	1588335560122	OK	 
REQUEST	5		request_5	1588335560123	1588335560125	OK	 
REQUEST	5		request_6	1588335560123	1588335560244	OK	 
USER	download1user	31	START	1588335560252	1588335560252
REQUEST	31		request_0	1588335560253	1588335560258	OK	 
REQUEST	11		request_1	1588335560284	1588335560288	OK	 
REQUEST	11		request_2	1588335560289	1588335560293	OK	 
REQUEST	11		request_3	1588335560290	1588335560302	OK	 
REQUEST	6		request_4	1588335560321	1588335560323	OK	 
REQUEST	6		request_5	1588335560325	1588335560327	OK	 
USER	download1user	32	START	1588335560454	1588335560454
REQUEST	32		request_0	1588335560455	1588335560469	OK	 
REQUEST	12		request_1	1588335560471	1588335560475	OK	 
REQUEST	12		request_2	1588335560477	1588335560488	OK	 
REQUEST	6		request_6	1588335560324	1588335560488	OK	 
REQUEST	12		request_3	1588335560478	1588335560491	OK	 
REQUEST	7		request_4	1588335560520	1588335560522	OK	 
REQUEST	7		request_5	1588335560524	1588335560526	OK	 
USER	download1user	33	START	1588335560650	1588335560650
REQUEST	7		request_6	1588335560523	1588335560655	OK	 
REQUEST	33		request_0	1588335560651	1588335560661	OK	 
REQUEST	13		request_1	1588335560672	1588335560675	OK	 
REQUEST	13		request_2	1588335560676	1588335560678	OK	 
REQUEST	13		request_3	1588335560676	1588335560683	OK	 
REQUEST	8		request_4	1588335560730	1588335560733	OK	 
REQUEST	8		request_5	1588335560735	1588335560737	OK	 
USER	download1user	34	START	1588335560851	1588335560851
REQUEST	34		request_0	1588335560851	1588335560856	OK	 
REQUEST	14		request_1	1588335560870	1588335560875	OK	 
REQUEST	14		request_2	1588335560877	1588335560891	OK	 
REQUEST	14		request_3	1588335560878	1588335560892	OK	 
REQUEST	8		request_6	1588335560735	1588335560917	OK	 
REQUEST	9		request_4	1588335560974	1588335560976	OK	 
REQUEST	9		request_5	1588335560978	1588335560985	OK	 
REQUEST	1		request_7	1588335560762	1588335561018	OK	 
REQUEST	3		request_7	1588335560830	1588335561050	OK	 
USER	download1user	35	START	1588335561052	1588335561052
REQUEST	35		request_0	1588335561053	1588335561058	OK	 
REQUEST	1		request_8	1588335561022	1588335561067	OK	 
REQUEST	15		request_1	1588335561075	1588335561080	OK	 
REQUEST	15		request_2	1588335561081	1588335561086	OK	 
REQUEST	15		request_3	1588335561082	1588335561087	OK	 
REQUEST	3		request_8	1588335561052	1588335561104	OK	 
REQUEST	10		request_4	1588335561121	1588335561123	OK	 
REQUEST	10		request_5	1588335561125	1588335561127	OK	 
REQUEST	9		request_6	1588335560977	1588335561215	OK	 
REQUEST	1		request_9	1588335561023	1588335561247	OK	 
USER	download1user	36	START	1588335561252	1588335561252
REQUEST	36		request_0	1588335561253	1588335561265	OK	 
REQUEST	16		request_1	1588335561270	1588335561273	OK	 
REQUEST	16		request_2	1588335561274	1588335561277	OK	 
REQUEST	4		request_7	1588335561075	1588335561282	OK	 
REQUEST	16		request_3	1588335561274	1588335561286	OK	 
REQUEST	1		request_10	1588335561024	1588335561284	OK	 
REQUEST	3		request_10	1588335561053	1588335561301	OK	 
REQUEST	11		request_4	1588335561311	1588335561320	OK	 
REQUEST	3		request_9	1588335561052	1588335561324	OK	 
REQUEST	11		request_5	1588335561322	1588335561325	OK	 
REQUEST	4		request_8	1588335561284	1588335561335	OK	 
REQUEST	10		request_6	1588335561124	1588335561335	OK	 
REQUEST	1		request_10	1588335561290	1588335561357	OK	 
REQUEST	3		request_10	1588335561302	1588335561376	OK	 
USER	download1user	37	START	1588335561444	1588335561444
REQUEST	5		request_7	1588335561252	1588335561448	OK	 
REQUEST	37		request_0	1588335561444	1588335561456	OK	 
REQUEST	17		request_1	1588335561459	1588335561465	OK	 
REQUEST	17		request_2	1588335561467	1588335561470	OK	 
REQUEST	17		request_3	1588335561467	1588335561472	OK	 
REQUEST	11		request_6	1588335561321	1588335561473	OK	 
REQUEST	12		request_4	1588335561491	1588335561493	OK	 
REQUEST	12		request_5	1588335561494	1588335561499	OK	 
REQUEST	5		request_8	1588335561450	1588335561500	OK	 
REQUEST	4		request_9	1588335561285	1588335561504	OK	 
REQUEST	4		request_10	1588335561285	1588335561505	OK	 
USER	download1user	38	START	1588335561644	1588335561644
REQUEST	38		request_0	1588335561644	1588335561652	OK	 
REQUEST	18		request_1	1588335561659	1588335561666	OK	 
REQUEST	18		request_2	1588335561667	1588335561674	OK	 
REQUEST	18		request_3	1588335561667	1588335561675	OK	 
REQUEST	13		request_4	1588335561689	1588335561692	OK	 
REQUEST	13		request_5	1588335561694	1588335561698	OK	 
REQUEST	12		request_6	1588335561494	1588335561736	OK	 
USER	download1user	39	START	1588335561840	1588335561840
REQUEST	39		request_0	1588335561840	1588335561849	OK	 
REQUEST	19		request_1	1588335561861	1588335561870	OK	 
REQUEST	13		request_6	1588335561693	1588335561876	OK	 
REQUEST	19		request_2	1588335561871	1588335561886	OK	 
REQUEST	19		request_3	1588335561872	1588335561889	OK	 
REQUEST	14		request_4	1588335561900	1588335561902	OK	 
REQUEST	14		request_5	1588335561904	1588335561921	OK	 
REQUEST	4		request_10	1588335561505	1588335561927	OK	 
REQUEST	5		request_10	1588335561452	1588335561973	OK	 
REQUEST	7		request_7	1588335561660	1588335562006	OK	 
REQUEST	5		request_9	1588335561451	1588335562009	OK	 
REQUEST	6		request_7	1588335561491	1588335562011	OK	 
REQUEST	5		request_10	1588335561973	1588335562038	OK	 
USER	download1user	40	START	1588335562041	1588335562041
REQUEST	40		request_0	1588335562041	1588335562047	OK	 
REQUEST	7		request_8	1588335562007	1588335562054	OK	 
REQUEST	6		request_8	1588335562013	1588335562067	OK	 
REQUEST	20		request_1	1588335562071	1588335562076	OK	 
REQUEST	20		request_2	1588335562077	1588335562085	OK	 
REQUEST	20		request_3	1588335562077	1588335562087	OK	 
REQUEST	14		request_6	1588335561903	1588335562088	OK	 
REQUEST	15		request_4	1588335562093	1588335562096	OK	 
REQUEST	15		request_5	1588335562098	1588335562101	OK	 
REQUEST	8		request_7	1588335561917	1588335562132	OK	 
REQUEST	8		request_8	1588335562134	1588335562185	OK	 
REQUEST	6		request_9	1588335562014	1588335562227	OK	 
REQUEST	7		request_10	1588335562008	1588335562227	OK	 
REQUEST	7		request_9	1588335562008	1588335562239	OK	 
USER	download1user	41	START	1588335562240	1588335562240
REQUEST	6		request_10	1588335562015	1588335562241	OK	 
REQUEST	41		request_0	1588335562240	1588335562253	OK	 
REQUEST	15		request_6	1588335562097	1588335562266	OK	 
REQUEST	21		request_1	1588335562261	1588335562268	OK	 
REQUEST	21		request_2	1588335562269	1588335562271	OK	 
REQUEST	21		request_3	1588335562269	1588335562272	OK	 
REQUEST	16		request_4	1588335562283	1588335562285	OK	 
REQUEST	16		request_5	1588335562286	1588335562288	OK	 
REQUEST	7		request_10	1588335562227	1588335562297	OK	 
REQUEST	6		request_10	1588335562241	1588335562307	OK	 
REQUEST	8		request_9	1588335562134	1588335562331	OK	 
REQUEST	8		request_10	1588335562135	1588335562333	OK	 
REQUEST	8		request_10	1588335562333	1588335562389	OK	 
REQUEST	9		request_7	1588335562219	1588335562389	OK	 
REQUEST	16		request_6	1588335562286	1588335562402	OK	 
REQUEST	9		request_8	1588335562391	1588335562430	OK	 
USER	download1user	42	START	1588335562449	1588335562449
REQUEST	42		request_0	1588335562450	1588335562454	OK	 
REQUEST	22		request_1	1588335562459	1588335562467	OK	 
REQUEST	22		request_2	1588335562468	1588335562471	OK	 
REQUEST	22		request_3	1588335562468	1588335562474	OK	 
REQUEST	17		request_4	1588335562481	1588335562484	OK	 
REQUEST	17		request_5	1588335562485	1588335562487	OK	 
REQUEST	10		request_7	1588335562330	1588335562502	OK	 
REQUEST	10		request_8	1588335562503	1588335562546	OK	 
REQUEST	9		request_10	1588335562392	1588335562559	OK	 
REQUEST	9		request_9	1588335562391	1588335562563	OK	 
REQUEST	17		request_6	1588335562484	1588335562588	OK	 
REQUEST	9		request_10	1588335562559	1588335562637	OK	 
USER	download1user	43	START	1588335562653	1588335562653
REQUEST	43		request_0	1588335562654	1588335562659	OK	 
REQUEST	23		request_1	1588335562664	1588335562667	OK	 
REQUEST	23		request_2	1588335562668	1588335562670	OK	 
REQUEST	23		request_3	1588335562669	1588335562672	OK	 
REQUEST	18		request_4	1588335562680	1588335562682	OK	 
REQUEST	18		request_5	1588335562683	1588335562686	OK	 
REQUEST	11		request_7	1588335562470	1588335562700	OK	 
REQUEST	10		request_9	1588335562503	1588335562704	OK	 
REQUEST	10		request_10	1588335562504	1588335562707	OK	 
REQUEST	11		request_8	1588335562701	1588335562740	OK	 
REQUEST	10		request_10	1588335562707	1588335562760	OK	 
REQUEST	18		request_6	1588335562683	1588335562803	OK	 
USER	download1user	44	START	1588335562852	1588335562852
REQUEST	44		request_0	1588335562853	1588335562858	OK	 
REQUEST	11		request_9	1588335562701	1588335562868	OK	 
REQUEST	24		request_1	1588335562864	1588335562869	OK	 
REQUEST	24		request_2	1588335562870	1588335562873	OK	 
REQUEST	11		request_10	1588335562702	1588335562874	OK	 
REQUEST	24		request_3	1588335562870	1588335562876	OK	 
REQUEST	19		request_4	1588335562889	1588335562892	OK	 
REQUEST	19		request_5	1588335562893	1588335562895	OK	 
REQUEST	12		request_7	1588335562742	1588335562904	OK	 
REQUEST	11		request_10	1588335562874	1588335562930	OK	 
REQUEST	12		request_8	1588335562905	1588335562945	OK	 
REQUEST	19		request_6	1588335562892	1588335563010	OK	 
REQUEST	13		request_7	1588335562864	1588335563025	OK	 
USER	download1user	45	START	1588335563050	1588335563050
REQUEST	45		request_0	1588335563051	1588335563057	OK	 
REQUEST	25		request_1	1588335563061	1588335563067	OK	 
REQUEST	13		request_8	1588335563026	1588335563068	OK	 
REQUEST	25		request_2	1588335563068	1588335563072	OK	 
REQUEST	12		request_9	1588335562905	1588335563074	OK	 
REQUEST	25		request_3	1588335563069	1588335563075	OK	 
REQUEST	12		request_10	1588335562906	1588335563076	OK	 
REQUEST	20		request_4	1588335563082	1588335563084	OK	 
REQUEST	20		request_5	1588335563086	1588335563088	OK	 
REQUEST	20		request_6	1588335563085	1588335563196	OK	 
REQUEST	12		request_10	1588335563077	1588335563233	OK	 
USER	download1user	46	START	1588335563252	1588335563252
REQUEST	46		request_0	1588335563253	1588335563258	OK	 
REQUEST	13		request_9	1588335563027	1588335563262	OK	 
REQUEST	13		request_10	1588335563027	1588335563266	OK	 
REQUEST	26		request_1	1588335563263	1588335563269	OK	 
REQUEST	26		request_2	1588335563271	1588335563280	OK	 
REQUEST	26		request_3	1588335563271	1588335563280	OK	 
REQUEST	21		request_4	1588335563285	1588335563287	OK	 
REQUEST	21		request_5	1588335563289	1588335563291	OK	 
REQUEST	14		request_7	1588335563092	1588335563313	OK	 
REQUEST	13		request_10	1588335563266	1588335563319	OK	 
REQUEST	14		request_8	1588335563314	1588335563354	OK	 
REQUEST	21		request_6	1588335563288	1588335563404	OK	 
REQUEST	15		request_7	1588335563263	1588335563431	OK	 
USER	download1user	47	START	1588335563455	1588335563455
REQUEST	47		request_0	1588335563455	1588335563461	OK	 
REQUEST	27		request_1	1588335563471	1588335563476	OK	 
REQUEST	15		request_8	1588335563432	1588335563479	OK	 
REQUEST	27		request_2	1588335563477	1588335563483	OK	 
REQUEST	27		request_3	1588335563479	1588335563484	OK	 
REQUEST	22		request_4	1588335563481	1588335563485	OK	 
REQUEST	22		request_5	1588335563486	1588335563488	OK	 
REQUEST	22		request_6	1588335563485	1588335563577	OK	 
REQUEST	14		request_9	1588335563314	1588335563585	OK	 
REQUEST	14		request_10	1588335563315	1588335563587	OK	 
REQUEST	14		request_10	1588335563587	1588335563647	OK	 
USER	download1user	48	START	1588335563653	1588335563653
REQUEST	16		request_7	1588335563414	1588335563656	OK	 
REQUEST	48		request_0	1588335563654	1588335563660	OK	 
REQUEST	15		request_9	1588335563433	1588335563665	OK	 
REQUEST	15		request_10	1588335563433	1588335563667	OK	 
REQUEST	23		request_4	1588335563674	1588335563679	OK	 
REQUEST	28		request_1	1588335563674	1588335563681	OK	 
REQUEST	23		request_5	1588335563680	1588335563683	OK	 
REQUEST	28		request_2	1588335563682	1588335563684	OK	 
REQUEST	28		request_3	1588335563682	1588335563686	OK	 
REQUEST	16		request_8	1588335563657	1588335563699	OK	 
REQUEST	15		request_10	1588335563667	1588335563721	OK	 
REQUEST	17		request_7	1588335563580	1588335563745	OK	 
REQUEST	23		request_6	1588335563680	1588335563769	OK	 
REQUEST	17		request_8	1588335563746	1588335563786	OK	 
REQUEST	16		request_9	1588335563658	1588335563825	OK	 
REQUEST	16		request_10	1588335563658	1588335563829	OK	 
USER	download1user	49	START	1588335563855	1588335563855
REQUEST	49		request_0	1588335563856	1588335563860	OK	 
REQUEST	29		request_1	1588335563869	1588335563873	OK	 
REQUEST	29		request_2	1588335563874	1588335563876	OK	 
REQUEST	29		request_3	1588335563874	1588335563878	OK	 
REQUEST	24		request_4	1588335563880	1588335563882	OK	 
REQUEST	24		request_5	1588335563883	1588335563885	OK	 
REQUEST	16		request_10	1588335563829	1588335563907	OK	 
REQUEST	17		request_9	1588335563747	1588335563955	OK	 
REQUEST	17		request_10	1588335563748	1588335563958	OK	 
REQUEST	18		request_7	1588335563813	1588335563989	OK	 
REQUEST	17		request_10	1588335563958	1588335564026	OK	 
REQUEST	18		request_8	1588335563990	1588335564030	OK	 
REQUEST	24		request_6	1588335563882	1588335564045	OK	 
USER	download1user	50	START	1588335564051	1588335564051
REQUEST	50		request_0	1588335564051	1588335564091	OK	 
REQUEST	30		request_1	1588335564074	1588335564091	OK	 
REQUEST	30		request_2	1588335564092	1588335564095	OK	 
REQUEST	25		request_4	1588335564088	1588335564095	OK	 
REQUEST	30		request_3	1588335564092	1588335564097	OK	 
REQUEST	25		request_5	1588335564097	1588335564099	OK	 
REQUEST	18		request_10	1588335563991	1588335564186	OK	 
REQUEST	18		request_9	1588335563991	1588335564191	OK	 
REQUEST	19		request_7	1588335564011	1588335564194	OK	 
REQUEST	25		request_6	1588335564096	1588335564232	OK	 
REQUEST	18		request_10	1588335564187	1588335564239	OK	 
REQUEST	19		request_8	1588335564195	1588335564239	OK	 
REQUEST	31		request_1	1588335564273	1588335564280	OK	 
REQUEST	31		request_2	1588335564281	1588335564283	OK	 
REQUEST	26		request_4	1588335564284	1588335564286	OK	 
REQUEST	31		request_3	1588335564281	1588335564286	OK	 
REQUEST	26		request_5	1588335564287	1588335564290	OK	 
REQUEST	19		request_9	1588335564196	1588335564382	OK	 
REQUEST	19		request_10	1588335564196	1588335564383	OK	 
REQUEST	20		request_7	1588335564200	1588335564383	OK	 
REQUEST	26		request_6	1588335564287	1588335564424	OK	 
REQUEST	20		request_8	1588335564385	1588335564431	OK	 
REQUEST	19		request_10	1588335564383	1588335564455	OK	 
REQUEST	32		request_1	1588335564482	1588335564486	OK	 
REQUEST	32		request_2	1588335564487	1588335564489	OK	 
REQUEST	32		request_3	1588335564487	1588335564491	OK	 
REQUEST	27		request_4	1588335564494	1588335564496	OK	 
REQUEST	27		request_5	1588335564498	1588335564500	OK	 
REQUEST	27		request_6	1588335564497	1588335564603	OK	 
REQUEST	21		request_7	1588335564399	1588335564647	OK	 
REQUEST	20		request_9	1588335564385	1588335564651	OK	 
REQUEST	20		request_10	1588335564386	1588335564653	OK	 
REQUEST	28		request_4	1588335564682	1588335564684	OK	 
REQUEST	33		request_1	1588335564682	1588335564686	OK	 
REQUEST	21		request_8	1588335564648	1588335564689	OK	 
REQUEST	28		request_5	1588335564686	1588335564691	OK	 
REQUEST	33		request_2	1588335564688	1588335564692	OK	 
REQUEST	33		request_3	1588335564688	1588335564693	OK	 
REQUEST	20		request_10	1588335564653	1588335564727	OK	 
REQUEST	22		request_7	1588335564583	1588335564751	OK	 
REQUEST	22		request_8	1588335564752	1588335564791	OK	 
REQUEST	28		request_6	1588335564685	1588335564807	OK	 
REQUEST	21		request_10	1588335564648	1588335564813	OK	 
REQUEST	21		request_9	1588335564648	1588335564851	OK	 
REQUEST	34		request_1	1588335564871	1588335564875	OK	 
REQUEST	34		request_2	1588335564875	1588335564877	OK	 
REQUEST	34		request_3	1588335564876	1588335564883	OK	 
REQUEST	29		request_4	1588335564882	1588335564885	OK	 
REQUEST	29		request_5	1588335564887	1588335564889	OK	 
REQUEST	21		request_10	1588335564814	1588335564948	OK	 
REQUEST	22		request_9	1588335564753	1588335564976	OK	 
REQUEST	22		request_10	1588335564753	1588335564980	OK	 
REQUEST	29		request_6	1588335564886	1588335565006	OK	 
REQUEST	23		request_7	1588335564769	1588335565008	OK	 
REQUEST	22		request_10	1588335564982	1588335565035	OK	 
REQUEST	23		request_8	1588335565009	1588335565051	OK	 
REQUEST	35		request_1	1588335565071	1588335565075	OK	 
REQUEST	35		request_2	1588335565075	1588335565081	OK	 
REQUEST	35		request_3	1588335565076	1588335565082	OK	 
REQUEST	30		request_4	1588335565103	1588335565108	OK	 
REQUEST	30		request_5	1588335565110	1588335565115	OK	 
REQUEST	30		request_6	1588335565109	1588335565221	OK	 
REQUEST	23		request_9	1588335565009	1588335565248	OK	 
REQUEST	23		request_10	1588335565010	1588335565250	OK	 
REQUEST	36		request_1	1588335565275	1588335565282	OK	 
REQUEST	36		request_2	1588335565282	1588335565285	OK	 
REQUEST	36		request_3	1588335565283	1588335565286	OK	 
REQUEST	31		request_4	1588335565290	1588335565292	OK	 
REQUEST	31		request_5	1588335565293	1588335565295	OK	 
REQUEST	24		request_7	1588335565049	1588335565295	OK	 
REQUEST	23		request_10	1588335565251	1588335565308	OK	 
REQUEST	24		request_8	1588335565296	1588335565337	OK	 
REQUEST	25		request_7	1588335565233	1588335565403	OK	 
REQUEST	31		request_6	1588335565293	1588335565411	OK	 
REQUEST	25		request_8	1588335565404	1588335565447	OK	 
REQUEST	24		request_9	1588335565297	1588335565462	OK	 
REQUEST	24		request_10	1588335565297	1588335565467	OK	 
REQUEST	37		request_1	1588335565464	1588335565484	OK	 
REQUEST	37		request_2	1588335565485	1588335565492	OK	 
REQUEST	32		request_4	1588335565493	1588335565502	OK	 
REQUEST	37		request_3	1588335565485	1588335565502	OK	 
REQUEST	32		request_5	1588335565503	1588335565517	OK	 
REQUEST	24		request_10	1588335565467	1588335565622	OK	 
REQUEST	32		request_6	1588335565502	1588335565625	OK	 
REQUEST	26		request_7	1588335565421	1588335565650	OK	 
REQUEST	25		request_9	1588335565404	1588335565653	OK	 
REQUEST	25		request_10	1588335565405	1588335565659	OK	 
REQUEST	38		request_1	1588335565664	1588335565668	OK	 
REQUEST	38		request_2	1588335565669	1588335565671	OK	 
REQUEST	38		request_3	1588335565669	1588335565674	OK	 
REQUEST	33		request_4	1588335565689	1588335565693	OK	 
REQUEST	33		request_5	1588335565695	1588335565697	OK	 
REQUEST	26		request_8	1588335565651	1588335565737	OK	 
REQUEST	25		request_10	1588335565659	1588335565758	OK	 
REQUEST	33		request_6	1588335565694	1588335565813	OK	 
REQUEST	39		request_1	1588335565865	1588335565873	OK	 
REQUEST	39		request_2	1588335565874	1588335565881	OK	 
REQUEST	39		request_3	1588335565874	1588335565885	OK	 
REQUEST	27		request_7	1588335565591	1588335565897	OK	 
REQUEST	26		request_9	1588335565652	1588335565900	OK	 
REQUEST	26		request_10	1588335565652	1588335565903	OK	 
REQUEST	34		request_4	1588335565892	1588335565906	OK	 
REQUEST	34		request_5	1588335565908	1588335565910	OK	 
REQUEST	34		request_6	1588335565907	1588335566023	OK	 
REQUEST	27		request_8	1588335565898	1588335566041	OK	 
REQUEST	40		request_1	1588335566064	1588335566072	OK	 
REQUEST	40		request_2	1588335566073	1588335566077	OK	 
REQUEST	40		request_3	1588335566073	1588335566081	OK	 
REQUEST	35		request_4	1588335566093	1588335566095	OK	 
REQUEST	35		request_5	1588335566098	1588335566100	OK	 
REQUEST	28		request_7	1588335565815	1588335566135	OK	 
REQUEST	26		request_10	1588335565903	1588335566142	OK	 
REQUEST	27		request_10	1588335565899	1588335566171	OK	 
REQUEST	27		request_9	1588335565898	1588335566176	OK	 
REQUEST	28		request_8	1588335566135	1588335566177	OK	 
REQUEST	35		request_6	1588335566096	1588335566219	OK	 
REQUEST	29		request_7	1588335566014	1588335566226	OK	 
REQUEST	27		request_10	1588335566171	1588335566242	OK	 
REQUEST	29		request_8	1588335566227	1588335566270	OK	 
REQUEST	41		request_1	1588335566279	1588335566299	OK	 
REQUEST	28		request_10	1588335566137	1588335566305	OK	 
REQUEST	28		request_9	1588335566136	1588335566317	OK	 
REQUEST	41		request_2	1588335566300	1588335566338	OK	 
REQUEST	36		request_4	1588335566296	1588335566339	OK	 
REQUEST	36		request_5	1588335566340	1588335566347	OK	 
REQUEST	41		request_3	1588335566300	1588335566348	OK	 
REQUEST	28		request_10	1588335566305	1588335566362	OK	 
REQUEST	30		request_7	1588335566210	1588335566381	OK	 
REQUEST	29		request_10	1588335566228	1588335566394	OK	 
REQUEST	29		request_9	1588335566227	1588335566399	OK	 
REQUEST	30		request_8	1588335566382	1588335566424	OK	 
REQUEST	29		request_10	1588335566394	1588335566450	OK	 
REQUEST	36		request_6	1588335566340	1588335566466	OK	 
REQUEST	42		request_1	1588335566462	1588335566467	OK	 
REQUEST	42		request_2	1588335566468	1588335566472	OK	 
REQUEST	42		request_3	1588335566468	1588335566477	OK	 
REQUEST	37		request_4	1588335566516	1588335566519	OK	 
REQUEST	37		request_5	1588335566520	1588335566522	OK	 
REQUEST	30		request_9	1588335566382	1588335566560	OK	 
REQUEST	30		request_10	1588335566382	1588335566562	OK	 
REQUEST	31		request_7	1588335566423	1588335566587	OK	 
REQUEST	30		request_10	1588335566562	1588335566617	OK	 
REQUEST	31		request_8	1588335566587	1588335566629	OK	 
REQUEST	37		request_6	1588335566519	1588335566635	OK	 
REQUEST	38		request_4	1588335566671	1588335566706	OK	 
REQUEST	43		request_1	1588335566670	1588335566708	OK	 
REQUEST	38		request_5	1588335566707	1588335566720	OK	 
REQUEST	43		request_2	1588335566709	1588335566720	OK	 
REQUEST	43		request_3	1588335566709	1588335566726	OK	 
REQUEST	31		request_9	1588335566588	1588335566754	OK	 
REQUEST	31		request_10	1588335566588	1588335566761	OK	 
REQUEST	32		request_7	1588335566633	1588335566795	OK	 
REQUEST	38		request_6	1588335566707	1588335566814	OK	 
REQUEST	31		request_10	1588335566761	1588335566823	OK	 
REQUEST	32		request_8	1588335566796	1588335566836	OK	 
REQUEST	44		request_1	1588335566874	1588335566898	OK	 
REQUEST	39		request_4	1588335566892	1588335566903	OK	 
REQUEST	44		request_2	1588335566899	1588335566918	OK	 
REQUEST	39		request_5	1588335566904	1588335566926	OK	 
REQUEST	44		request_3	1588335566899	1588335566933	OK	 
REQUEST	33		request_7	1588335566812	1588335566975	OK	 
REQUEST	32		request_9	1588335566796	1588335566997	OK	 
REQUEST	32		request_10	1588335566797	1588335567000	OK	 
REQUEST	39		request_6	1588335566903	1588335567005	OK	 
REQUEST	33		request_8	1588335566975	1588335567016	OK	 
REQUEST	32		request_10	1588335567001	1588335567060	OK	 
REQUEST	45		request_1	1588335567076	1588335567087	OK	 
REQUEST	45		request_2	1588335567088	1588335567097	OK	 
REQUEST	40		request_4	1588335567091	1588335567099	OK	 
REQUEST	40		request_5	1588335567101	1588335567106	OK	 
REQUEST	45		request_3	1588335567088	1588335567106	OK	 
REQUEST	33		request_9	1588335566976	1588335567154	OK	 
REQUEST	33		request_10	1588335566976	1588335567159	OK	 
REQUEST	34		request_7	1588335567016	1588335567184	OK	 
REQUEST	33		request_10	1588335567159	1588335567210	OK	 
REQUEST	40		request_6	1588335567100	1588335567222	OK	 
REQUEST	34		request_8	1588335567185	1588335567229	OK	 
REQUEST	46		request_1	1588335567287	1588335567331	OK	 
REQUEST	46		request_2	1588335567331	1588335567335	OK	 
REQUEST	46		request_3	1588335567332	1588335567338	OK	 
REQUEST	41		request_4	1588335567345	1588335567347	OK	 
REQUEST	34		request_9	1588335567185	1588335567357	OK	 
REQUEST	34		request_10	1588335567186	1588335567359	OK	 
REQUEST	41		request_5	1588335567348	1588335567368	OK	 
REQUEST	35		request_7	1588335567213	1588335567376	OK	 
REQUEST	35		request_8	1588335567376	1588335567426	OK	 
REQUEST	34		request_10	1588335567359	1588335567426	OK	 
REQUEST	41		request_6	1588335567348	1588335567449	OK	 
REQUEST	42		request_4	1588335567496	1588335567511	OK	 
REQUEST	47		request_1	1588335567495	1588335567511	OK	 
REQUEST	42		request_5	1588335567512	1588335567518	OK	 
REQUEST	47		request_2	1588335567512	1588335567518	OK	 
REQUEST	47		request_3	1588335567512	1588335567536	OK	 
REQUEST	42		request_6	1588335567511	1588335567605	OK	 
REQUEST	35		request_9	1588335567377	1588335567674	OK	 
REQUEST	48		request_1	1588335567681	1588335567693	OK	 
REQUEST	48		request_2	1588335567693	1588335567698	OK	 
REQUEST	48		request_3	1588335567693	1588335567700	OK	 
REQUEST	1		request_11	1588335567357	1588335567703	OK	 
REQUEST	43		request_4	1588335567724	1588335567733	OK	 
REQUEST	43		request_5	1588335567734	1588335567737	OK	 
REQUEST	35		request_10	1588335567378	1588335567831	OK	 
REQUEST	43		request_6	1588335567734	1588335567839	OK	 
REQUEST	3		request_11	1588335567364	1588335567870	OK	 
REQUEST	49		request_1	1588335567872	1588335567876	OK	 
REQUEST	36		request_7	1588335567472	1588335567879	OK	 
REQUEST	49		request_2	1588335567877	1588335567887	OK	 
REQUEST	49		request_3	1588335567877	1588335567888	OK	 
REQUEST	1		request_11 Redirect 1	1588335567717	1588335567891	OK	 
REQUEST	35		request_10	1588335567831	1588335567896	OK	 
REQUEST	37		request_7	1588335567636	1588335567934	OK	 
REQUEST	36		request_8	1588335567880	1588335567933	OK	 
REQUEST	44		request_4	1588335567932	1588335567938	OK	 
REQUEST	44		request_5	1588335567941	1588335567943	OK	 
REQUEST	3		request_11 Redirect 1	1588335567871	1588335567972	OK	 
REQUEST	37		request_8	1588335567934	1588335567974	OK	 
REQUEST	1		request_11 Redirect 2	1588335567892	1588335567985	OK	 
REQUEST	38		request_7	1588335567832	1588335567992	OK	 
REQUEST	1		request_17	1588335567988	1588335568020	OK	 
REQUEST	38		request_8	1588335567992	1588335568031	OK	 
REQUEST	1		request_14	1588335567988	1588335568039	OK	 
REQUEST	1		request_15	1588335567988	1588335568040	OK	 
REQUEST	36		request_10	1588335567881	1588335568044	OK	 
REQUEST	1		request_12	1588335567987	1588335568047	OK	 
REQUEST	1		request_13	1588335567987	1588335568048	OK	 
REQUEST	1		request_16	1588335567988	1588335568049	OK	 
REQUEST	36		request_9	1588335567880	1588335568054	OK	 
REQUEST	44		request_6	1588335567940	1588335568060	OK	 
REQUEST	3		request_11 Redirect 2	1588335567972	1588335568074	OK	 
REQUEST	3		request_12	1588335568076	1588335568102	OK	 
REQUEST	3		request_14	1588335568077	1588335568117	OK	 
REQUEST	3		request_15	1588335568077	1588335568117	OK	 
REQUEST	50		request_1	1588335568110	1588335568124	OK	 
REQUEST	45		request_4	1588335568110	1588335568124	OK	 
REQUEST	3		request_13	1588335568076	1588335568124	OK	 
REQUEST	3		request_17	1588335568079	1588335568125	OK	 
REQUEST	50		request_2	1588335568125	1588335568129	OK	 
REQUEST	3		request_16	1588335568078	1588335568130	OK	 
REQUEST	45		request_5	1588335568125	1588335568130	OK	 
REQUEST	50		request_3	1588335568125	1588335568134	OK	 
REQUEST	37		request_9	1588335567935	1588335568232	OK	 
REQUEST	37		request_10	1588335567935	1588335568236	OK	 
REQUEST	36		request_10	1588335568045	1588335568242	OK	 
REQUEST	45		request_6	1588335568125	1588335568246	OK	 
REQUEST	38		request_10	1588335567993	1588335568255	OK	 
REQUEST	4		request_11	1588335567911	1588335568257	OK	 
REQUEST	38		request_9	1588335567993	1588335568267	OK	 
REQUEST	39		request_7	1588335568004	1588335568311	OK	 
REQUEST	46		request_4	1588335568330	1588335568332	OK	 
REQUEST	46		request_5	1588335568333	1588335568335	OK	 
REQUEST	46		request_6	1588335568333	1588335568433	OK	 
REQUEST	39		request_8	1588335568311	1588335568453	OK	 
REQUEST	37		request_10	1588335568236	1588335568476	OK	 
REQUEST	38		request_10	1588335568255	1588335568476	OK	 
REQUEST	47		request_4	1588335568521	1588335568526	OK	 
REQUEST	47		request_5	1588335568527	1588335568533	OK	 
REQUEST	4		request_11 Redirect 1	1588335568257	1588335568624	OK	 
REQUEST	40		request_7	1588335568224	1588335568637	OK	 
REQUEST	47		request_6	1588335568527	1588335568646	OK	 
REQUEST	5		request_11	1588335568031	1588335568678	OK	 
REQUEST	48		request_4	1588335568709	1588335568713	OK	 
REQUEST	48		request_5	1588335568714	1588335568716	OK	 
REQUEST	39		request_9	1588335568312	1588335568792	OK	 
REQUEST	40		request_8	1588335568637	1588335568792	OK	 
REQUEST	49		request_4	1588335568892	1588335568900	OK	 
REQUEST	49		request_5	1588335568901	1588335568905	OK	 
REQUEST	48		request_6	1588335568713	1588335568926	OK	 
REQUEST	49		request_6	1588335568901	1588335569048	OK	 
REQUEST	50		request_4	1588335569147	1588335569156	OK	 
REQUEST	50		request_5	1588335569157	1588335569174	OK	 
REQUEST	50		request_6	1588335569156	1588335569378	OK	 
REQUEST	39		request_10	1588335568312	1588335569449	OK	 
REQUEST	41		request_7	1588335568440	1588335569522	OK	 
REQUEST	6		request_11	1588335568310	1588335569525	OK	 
REQUEST	7		request_11	1588335568290	1588335569553	OK	 
REQUEST	4		request_11 Redirect 2	1588335568624	1588335569572	OK	 
REQUEST	4		request_17	1588335569575	1588335569592	OK	 
REQUEST	4		request_13	1588335569574	1588335569593	OK	 
REQUEST	4		request_15	1588335569575	1588335569594	OK	 
REQUEST	4		request_12	1588335569574	1588335569595	OK	 
REQUEST	4		request_14	1588335569574	1588335569595	OK	 
REQUEST	4		request_16	1588335569575	1588335569596	OK	 
REQUEST	41		request_8	1588335569523	1588335569642	OK	 
REQUEST	39		request_10	1588335569449	1588335569672	OK	 
REQUEST	3		request_18	1588335568080	1588335569720	OK	 
REQUEST	42		request_7	1588335568602	1588335569720	OK	 
REQUEST	44		request_7	1588335569060	1588335569721	OK	 
REQUEST	43		request_7	1588335568851	1588335569726	OK	 
REQUEST	45		request_7	1588335569231	1588335569731	OK	 
REQUEST	8		request_11	1588335568394	1588335569720	OK	 
REQUEST	40		request_9	1588335568638	1588335569732	OK	 
REQUEST	6		request_11 Redirect 1	1588335569526	1588335569766	OK	 
REQUEST	40		request_10	1588335568638	1588335570253	OK	 
REQUEST	42		request_8	1588335569724	1588335570394	OK	 
REQUEST	44		request_8	1588335569722	1588335570394	OK	 
REQUEST	45		request_8	1588335569732	1588335570395	OK	 
REQUEST	43		request_8	1588335569729	1588335570394	OK	 
REQUEST	11		request_11	1588335568934	1588335570434	OK	 
REQUEST	9		request_11	1588335568629	1588335570434	OK	 
REQUEST	12		request_11	1588335569255	1588335570434	OK	 
REQUEST	10		request_11	1588335568752	1588335570435	OK	 
REQUEST	46		request_7	1588335569432	1588335570439	OK	 
REQUEST	13		request_11	1588335569335	1588335570476	OK	 
REQUEST	41		request_9	1588335569523	1588335570522	OK	 
REQUEST	41		request_10	1588335569524	1588335570556	OK	 
REQUEST	46		request_8	1588335570440	1588335570563	OK	 
REQUEST	47		request_7	1588335569651	1588335570575	OK	 
REQUEST	40		request_10	1588335570253	1588335570628	OK	 
REQUEST	6		request_11 Redirect 2	1588335569767	1588335570632	OK	 
REQUEST	6		request_14	1588335570635	1588335570648	OK	 
REQUEST	6		request_12	1588335570634	1588335570652	OK	 
REQUEST	6		request_13	1588335570635	1588335570652	OK	 
REQUEST	6		request_15	1588335570636	1588335570653	OK	 
REQUEST	6		request_17	1588335570637	1588335570653	OK	 
REQUEST	6		request_16	1588335570636	1588335570653	OK	 
REQUEST	8		request_11 Redirect 1	1588335569732	1588335570659	OK	 
REQUEST	43		request_9	1588335569730	1588335570731	OK	 
REQUEST	42		request_9	1588335569724	1588335570735	OK	 
REQUEST	44		request_9	1588335569722	1588335570738	OK	 
REQUEST	48		request_7	1588335569922	1588335570787	OK	 
REQUEST	49		request_7	1588335570042	1588335570789	OK	 
REQUEST	47		request_8	1588335570576	1588335570789	OK	 
REQUEST	45		request_10	1588335569733	1588335570794	OK	 
REQUEST	43		request_10	1588335569730	1588335570797	OK	 
REQUEST	44		request_10	1588335569722	1588335570798	OK	 
REQUEST	45		request_9	1588335569732	1588335570902	OK	 
REQUEST	14		request_11	1588335569641	1588335570914	OK	 
REQUEST	42		request_10	1588335569725	1588335570948	OK	 
REQUEST	50		request_7	1588335570350	1588335571253	OK	 
REQUEST	46		request_9	1588335570440	1588335571352	OK	 
REQUEST	48		request_8	1588335570787	1588335571352	OK	 
REQUEST	49		request_8	1588335570790	1588335571353	OK	 
REQUEST	15		request_11	1588335569734	1588335571387	OK	 
REQUEST	50		request_8	1588335571254	1588335571407	OK	 
REQUEST	46		request_10	1588335570440	1588335571422	OK	 
REQUEST	18		request_11	1588335570235	1588335571422	OK	 
REQUEST	16		request_11	1588335569912	1588335571424	OK	 
REQUEST	17		request_11	1588335570032	1588335571424	OK	 
REQUEST	5		request_11 Redirect 1	1588335568679	1588335571446	OK	 
REQUEST	41		request_10	1588335570557	1588335571602	OK	 
REQUEST	47		request_9	1588335570577	1588335571628	OK	 
REQUEST	19		request_11	1588335570464	1588335571643	OK	 
REQUEST	8		request_11 Redirect 2	1588335570660	1588335571659	OK	 
REQUEST	47		request_10	1588335570577	1588335571687	OK	 
REQUEST	48		request_9	1588335570788	1588335571701	OK	 
REQUEST	49		request_9	1588335570790	1588335571705	OK	 
REQUEST	8		request_15	1588335571667	1588335571708	OK	 
REQUEST	45		request_10	1588335570794	1588335571713	OK	 
REQUEST	43		request_10	1588335570797	1588335571714	OK	 
REQUEST	44		request_10	1588335570798	1588335571714	OK	 
REQUEST	48		request_10	1588335570788	1588335571721	OK	 
REQUEST	8		request_14	1588335571665	1588335571725	OK	 
REQUEST	8		request_17	1588335571669	1588335571729	OK	 
REQUEST	8		request_13	1588335571665	1588335571732	OK	 
REQUEST	8		request_12	1588335571664	1588335571739	OK	 
REQUEST	8		request_16	1588335571668	1588335571742	OK	 
REQUEST	42		request_10	1588335570948	1588335571930	OK	 
REQUEST	49		request_10	1588335570791	1588335572015	OK	 
REQUEST	50		request_9	1588335571254	1588335572031	OK	 
REQUEST	14		request_11 Redirect 1	1588335570914	1588335572051	OK	 
REQUEST	20		request_11	1588335570723	1588335572066	OK	 
REQUEST	21		request_11	1588335570953	1588335572068	OK	 
REQUEST	46		request_10	1588335571422	1588335572275	OK	 
REQUEST	5		request_11 Redirect 2	1588335571446	1588335572329	OK	 
REQUEST	50		request_10	1588335571255	1588335572332	OK	 
REQUEST	5		request_12	1588335572331	1588335572357	OK	 
REQUEST	5		request_13	1588335572332	1588335572358	OK	 
REQUEST	5		request_15	1588335572333	1588335572368	OK	 
REQUEST	5		request_14	1588335572332	1588335572373	OK	 
REQUEST	5		request_17	1588335572334	1588335572373	OK	 
REQUEST	5		request_16	1588335572333	1588335572375	OK	 
REQUEST	22		request_11	1588335571033	1588335572463	OK	 
REQUEST	23		request_11	1588335571312	1588335572535	OK	 
REQUEST	47		request_10	1588335571687	1588335572619	OK	 
REQUEST	48		request_10	1588335571721	1588335572623	OK	 
REQUEST	19		request_11 Redirect 1	1588335571644	1588335572643	OK	 
REQUEST	25		request_11	1588335571754	1588335572948	OK	 
REQUEST	24		request_11	1588335571625	1588335572948	OK	 
REQUEST	49		request_10	1588335572015	1588335572950	OK	 
REQUEST	14		request_11 Redirect 2	1588335572051	1588335572980	OK	 
REQUEST	14		request_14	1588335572982	1588335572998	OK	 
REQUEST	14		request_15	1588335572983	1588335573001	OK	 
REQUEST	14		request_13	1588335572982	1588335573005	OK	 
REQUEST	14		request_17	1588335572983	1588335573005	OK	 
REQUEST	14		request_12	1588335572981	1588335573006	OK	 
REQUEST	14		request_16	1588335572983	1588335573009	OK	 
REQUEST	50		request_10	1588335572332	1588335573381	OK	 
REQUEST	26		request_11	1588335572184	1588335573644	OK	 
REQUEST	27		request_11	1588335572251	1588335573646	OK	 
REQUEST	28		request_11	1588335572369	1588335573859	OK	 
REQUEST	22		request_11 Redirect 1	1588335572464	1588335573895	OK	 
REQUEST	29		request_11	1588335572443	1588335574120	OK	 
REQUEST	19		request_11 Redirect 2	1588335572645	1588335574184	OK	 
REQUEST	30		request_11	1588335572630	1588335574222	OK	 
REQUEST	31		request_11	1588335572811	1588335574225	OK	 
REQUEST	19		request_15	1588335574187	1588335574276	OK	 
REQUEST	19		request_13	1588335574186	1588335574287	OK	 
REQUEST	19		request_14	1588335574187	1588335574287	OK	 
REQUEST	19		request_17	1588335574188	1588335574288	OK	 
REQUEST	19		request_12	1588335574186	1588335574290	OK	 
REQUEST	19		request_16	1588335574188	1588335574292	OK	 
REQUEST	24		request_11 Redirect 1	1588335572950	1588335574541	OK	 
REQUEST	32		request_11	1588335573052	1588335574620	OK	 
REQUEST	33		request_11	1588335573214	1588335574620	OK	 
REQUEST	34		request_11	1588335573429	1588335574735	OK	 
REQUEST	22		request_11 Redirect 2	1588335573896	1588335574774	OK	 
REQUEST	22		request_12	1588335574776	1588335574800	OK	 
REQUEST	22		request_15	1588335574778	1588335574801	OK	 
REQUEST	22		request_14	1588335574778	1588335574803	OK	 
REQUEST	22		request_17	1588335574779	1588335574813	OK	 
REQUEST	22		request_13	1588335574777	1588335574814	OK	 
REQUEST	22		request_16	1588335574779	1588335574817	OK	 
REQUEST	29		request_11 Redirect 1	1588335574120	1588335575030	OK	 
REQUEST	35		request_11	1588335573889	1588335575091	OK	 
REQUEST	24		request_11 Redirect 2	1588335574541	1588335575177	OK	 
REQUEST	24		request_12	1588335575179	1588335575198	OK	 
REQUEST	24		request_15	1588335575181	1588335575200	OK	 
REQUEST	24		request_14	1588335575181	1588335575202	OK	 
REQUEST	24		request_13	1588335575180	1588335575207	OK	 
REQUEST	24		request_17	1588335575182	1588335575207	OK	 
REQUEST	24		request_16	1588335575181	1588335575208	OK	 
REQUEST	33		request_11 Redirect 1	1588335574621	1588335575616	OK	 
REQUEST	36		request_11	1588335574239	1588335575691	OK	 
REQUEST	6		request_18	1588335570638	1588335576225	OK	 
REQUEST	37		request_11	1588335574472	1588335576240	OK	 
REQUEST	38		request_11	1588335574472	1588335576240	OK	 
REQUEST	29		request_11 Redirect 2	1588335575031	1588335576263	OK	 
REQUEST	29		request_12	1588335576264	1588335576274	OK	 
REQUEST	29		request_15	1588335576265	1588335576279	OK	 
REQUEST	29		request_14	1588335576265	1588335576281	OK	 
REQUEST	29		request_17	1588335576265	1588335576283	OK	 
REQUEST	29		request_13	1588335576265	1588335576285	OK	 
REQUEST	29		request_16	1588335576265	1588335576286	OK	 
REQUEST	4		request_18	1588335569576	1588335576550	OK	 
REQUEST	33		request_11 Redirect 2	1588335575616	1588335576632	OK	 
REQUEST	36		request_11 Redirect 1	1588335575691	1588335576658	OK	 
REQUEST	33		request_12	1588335576633	1588335576670	OK	 
REQUEST	33		request_13	1588335576633	1588335576672	OK	 
REQUEST	33		request_14	1588335576634	1588335576672	OK	 
REQUEST	33		request_15	1588335576634	1588335576672	OK	 
REQUEST	33		request_17	1588335576634	1588335576691	OK	 
REQUEST	3		request_19	1588335572734	1588335576696	OK	 
REQUEST	33		request_16	1588335576634	1588335576706	OK	 
REQUEST	3		request_20	1588335576697	1588335576706	OK	 
REQUEST	39		request_11	1588335575669	1588335576873	OK	 
REQUEST	23		request_11 Redirect 1	1588335572535	1588335577053	OK	 
REQUEST	19		request_18	1588335574189	1588335577222	OK	 
REQUEST	36		request_11 Redirect 2	1588335576658	1588335577222	OK	 
REQUEST	36		request_15	1588335577225	1588335577259	OK	 
REQUEST	36		request_17	1588335577226	1588335577259	OK	 
REQUEST	36		request_13	1588335577224	1588335577263	OK	 
REQUEST	36		request_12	1588335577224	1588335577265	OK	 
REQUEST	36		request_14	1588335577225	1588335577267	OK	 
REQUEST	36		request_16	1588335577225	1588335577268	OK	 
REQUEST	40		request_11	1588335576622	1588335577554	OK	 
REQUEST	25		request_11 Redirect 1	1588335572950	1588335577558	OK	 
REQUEST	23		request_11 Redirect 2	1588335577053	1588335577629	OK	 
REQUEST	23		request_17	1588335577632	1588335577651	OK	 
REQUEST	23		request_13	1588335577630	1588335577679	OK	 
REQUEST	23		request_14	1588335577631	1588335577679	OK	 
REQUEST	23		request_15	1588335577631	1588335577680	OK	 
REQUEST	23		request_12	1588335577630	1588335577687	OK	 
REQUEST	23		request_16	1588335577631	1588335577695	OK	 
REQUEST	24		request_18	1588335575182	1588335577757	OK	 
REQUEST	14		request_18	1588335572983	1588335578457	OK	 
REQUEST	25		request_11 Redirect 2	1588335577559	1588335578637	OK	 
REQUEST	25		request_17	1588335578640	1588335578740	OK	 
REQUEST	25		request_15	1588335578639	1588335578740	OK	 
REQUEST	25		request_12	1588335578638	1588335578764	OK	 
REQUEST	25		request_13	1588335578638	1588335578765	OK	 
REQUEST	25		request_14	1588335578639	1588335578766	OK	 
REQUEST	25		request_16	1588335578639	1588335578792	OK	 
REQUEST	40		request_11 Redirect 1	1588335577555	1588335578873	OK	 
REQUEST	41		request_11	1588335577613	1588335578921	OK	 
REQUEST	33		request_18	1588335576635	1588335578968	OK	 
REQUEST	46		request_11	1588335578280	1588335579895	OK	 
REQUEST	44		request_11	1588335577722	1588335579895	OK	 
REQUEST	43		request_11	1588335577710	1588335579895	OK	 
REQUEST	42		request_11	1588335577919	1588335579897	OK	 
REQUEST	45		request_11	1588335577733	1588335579897	OK	 
REQUEST	40		request_11 Redirect 2	1588335578874	1588335579917	OK	 
REQUEST	40		request_14	1588335579920	1588335579936	OK	 
REQUEST	40		request_15	1588335579920	1588335579937	OK	 
REQUEST	40		request_13	1588335579920	1588335579940	OK	 
REQUEST	40		request_17	1588335579921	1588335579950	OK	 
REQUEST	40		request_12	1588335579920	1588335579952	OK	 
REQUEST	40		request_16	1588335579921	1588335579952	OK	 
REQUEST	48		request_11	1588335578624	1588335580317	OK	 
REQUEST	47		request_11	1588335578623	1588335580321	OK	 
REQUEST	15		request_11 Redirect 1	1588335571387	1588335580337	OK	 
REQUEST	23		request_18	1588335577632	1588335580346	OK	 
REQUEST	50		request_11	1588335579394	1588335580717	OK	 
REQUEST	49		request_11	1588335578966	1588335580717	OK	 
REQUEST	39		request_11 Redirect 1	1588335576873	1588335581164	OK	 
REQUEST	15		request_11 Redirect 2	1588335580337	1588335581177	OK	 
REQUEST	15		request_14	1588335581180	1588335581199	OK	 
REQUEST	15		request_15	1588335581180	1588335581202	OK	 
REQUEST	15		request_13	1588335581180	1588335581203	OK	 
REQUEST	15		request_16	1588335581181	1588335581203	OK	 
REQUEST	15		request_12	1588335581179	1588335581204	OK	 
REQUEST	15		request_17	1588335581181	1588335581204	OK	 
REQUEST	25		request_18	1588335578640	1588335581306	OK	 
REQUEST	41		request_11 Redirect 1	1588335578921	1588335581350	OK	 
REQUEST	6		request_19	1588335579223	1588335581386	OK	 
REQUEST	6		request_20	1588335581386	1588335581390	OK	 
REQUEST	39		request_11 Redirect 2	1588335581164	1588335581389	OK	 
REQUEST	39		request_14	1588335581391	1588335581412	OK	 
REQUEST	39		request_15	1588335581392	1588335581417	OK	 
REQUEST	39		request_17	1588335581393	1588335581418	OK	 
REQUEST	39		request_12	1588335581391	1588335581418	OK	 
REQUEST	39		request_13	1588335581391	1588335581419	OK	 
REQUEST	39		request_16	1588335581392	1588335581424	OK	 
REQUEST	46		request_11 Redirect 1	1588335579896	1588335581511	OK	 
REQUEST	19		request_19	1588335580222	1588335581650	OK	 
REQUEST	19		request_20	1588335581651	1588335581655	OK	 
REQUEST	41		request_11 Redirect 2	1588335581351	1588335582079	OK	 
REQUEST	46		request_11 Redirect 2	1588335581511	1588335582086	OK	 
REQUEST	41		request_14	1588335582080	1588335582090	OK	 
REQUEST	41		request_13	1588335582080	1588335582096	OK	 
REQUEST	41		request_15	1588335582080	1588335582096	OK	 
REQUEST	41		request_17	1588335582081	1588335582100	OK	 
REQUEST	41		request_16	1588335582080	1588335582100	OK	 
REQUEST	41		request_12	1588335582080	1588335582106	OK	 
REQUEST	46		request_15	1588335582089	1588335582108	OK	 
REQUEST	46		request_14	1588335582089	1588335582113	OK	 
REQUEST	46		request_12	1588335582088	1588335582116	OK	 
REQUEST	3		request_21	1588335580702	1588335582116	OK	 
REQUEST	26		request_11 Redirect 1	1588335573645	1588335582116	OK	 
REQUEST	46		request_13	1588335582089	1588335582116	OK	 
REQUEST	46		request_17	1588335582089	1588335582117	OK	 
REQUEST	46		request_16	1588335582089	1588335582124	OK	 
REQUEST	3		request_22	1588335582117	1588335582124	OK	 
USER	download1user	3	END	1588335554661	1588335582133
REQUEST	24		request_19	1588335580755	1588335582200	OK	 
REQUEST	24		request_20	1588335582201	1588335582204	OK	 
REQUEST	48		request_11 Redirect 1	1588335580318	1588335582212	OK	 
REQUEST	26		request_11 Redirect 2	1588335582116	1588335582639	OK	 
REQUEST	26		request_15	1588335582641	1588335582651	OK	 
REQUEST	26		request_13	1588335582641	1588335582652	OK	 
REQUEST	26		request_14	1588335582641	1588335582652	OK	 
REQUEST	26		request_17	1588335582643	1588335582655	OK	 
REQUEST	26		request_16	1588335582642	1588335582655	OK	 
REQUEST	26		request_12	1588335582641	1588335582661	OK	 
REQUEST	4		request_19	1588335579553	1588335582741	OK	 
REQUEST	4		request_20	1588335582741	1588335582747	OK	 
REQUEST	50		request_11 Redirect 1	1588335580717	1588335582815	OK	 
REQUEST	48		request_11 Redirect 2	1588335582213	1588335582888	OK	 
REQUEST	48		request_14	1588335582890	1588335582899	OK	 
REQUEST	48		request_15	1588335582890	1588335582899	OK	 
REQUEST	48		request_17	1588335582890	1588335582901	OK	 
REQUEST	48		request_13	1588335582890	1588335582902	OK	 
REQUEST	48		request_16	1588335582890	1588335582902	OK	 
REQUEST	48		request_12	1588335582889	1588335582903	OK	 
REQUEST	14		request_19	1588335581470	1588335583022	OK	 
REQUEST	14		request_20	1588335583022	1588335583025	OK	 
REQUEST	39		request_18	1588335581394	1588335583106	OK	 
REQUEST	33		request_19	1588335581962	1588335583168	OK	 
REQUEST	33		request_20	1588335583169	1588335583172	OK	 
REQUEST	50		request_11 Redirect 2	1588335582816	1588335583216	OK	 
REQUEST	50		request_15	1588335583220	1588335583231	OK	 
REQUEST	50		request_14	1588335583219	1588335583233	OK	 
REQUEST	50		request_13	1588335583219	1588335583234	OK	 
REQUEST	50		request_16	1588335583221	1588335583234	OK	 
REQUEST	50		request_17	1588335583222	1588335583235	OK	 
REQUEST	50		request_12	1588335583218	1588335583236	OK	 
REQUEST	40		request_18	1588335579921	1588335583288	OK	 
REQUEST	36		request_18	1588335577226	1588335583367	OK	 
REQUEST	44		request_11 Redirect 1	1588335579896	1588335583779	OK	 
REQUEST	5		request_18	1588335572334	1588335584420	OK	 
REQUEST	44		request_11 Redirect 2	1588335583779	1588335584499	OK	 
REQUEST	44		request_15	1588335584501	1588335584515	OK	 
REQUEST	44		request_14	1588335584501	1588335584517	OK	 
REQUEST	44		request_13	1588335584500	1588335584519	OK	 
REQUEST	44		request_12	1588335584500	1588335584519	OK	 
REQUEST	44		request_17	1588335584501	1588335584522	OK	 
REQUEST	44		request_16	1588335584501	1588335584523	OK	 
REQUEST	2		request_4	1588335559564	1588335584575	OK	 
REQUEST	48		request_18	1588335582890	1588335584581	OK	 
REQUEST	2		request_6	1588335584576	1588335584702	OK	 
REQUEST	49		request_11 Redirect 1	1588335580717	1588335585062	OK	 
REQUEST	23		request_19	1588335583340	1588335585156	OK	 
REQUEST	23		request_20	1588335585157	1588335585161	OK	 
REQUEST	49		request_11 Redirect 2	1588335585062	1588335585441	OK	 
REQUEST	7		request_11 Redirect 1	1588335569554	1588335585441	OK	 
REQUEST	49		request_13	1588335585443	1588335585457	OK	 
REQUEST	49		request_12	1588335585443	1588335585459	OK	 
REQUEST	49		request_14	1588335585443	1588335585463	OK	 
REQUEST	49		request_15	1588335585444	1588335585463	OK	 
REQUEST	49		request_17	1588335585445	1588335585468	OK	 
REQUEST	49		request_16	1588335585444	1588335585469	OK	 
REQUEST	26		request_18	1588335582643	1588335585767	OK	 
REQUEST	25		request_19	1588335584300	1588335585812	OK	 
REQUEST	25		request_20	1588335585813	1588335585818	OK	 
REQUEST	15		request_18	1588335581181	1588335585976	OK	 
REQUEST	7		request_11 Redirect 2	1588335585442	1588335586043	OK	 
REQUEST	50		request_18	1588335583222	1588335586051	OK	 
REQUEST	7		request_13	1588335586045	1588335586054	OK	 
REQUEST	7		request_12	1588335586045	1588335586054	OK	 
REQUEST	7		request_15	1588335586046	1588335586057	OK	 
REQUEST	7		request_17	1588335586047	1588335586062	OK	 
REQUEST	7		request_14	1588335586046	1588335586063	OK	 
REQUEST	7		request_16	1588335586046	1588335586065	OK	 
REQUEST	29		request_18	1588335576266	1588335586160	OK	 
REQUEST	6		request_21	1588335585403	1588335587076	OK	 
REQUEST	6		request_22	1588335587077	1588335587082	OK	 
USER	download1user	6	END	1588335555267	1588335587083
REQUEST	11		request_11 Redirect 1	1588335570435	1588335587181	OK	 
REQUEST	19		request_21	1588335585642	1588335587226	OK	 
REQUEST	19		request_22	1588335587227	1588335587230	OK	 
USER	download1user	19	END	1588335557840	1588335587231
REQUEST	49		request_18	1588335585445	1588335587251	OK	 
REQUEST	11		request_11 Redirect 2	1588335587181	1588335588232	OK	 
REQUEST	11		request_15	1588335588235	1588335588248	OK	 
REQUEST	11		request_14	1588335588235	1588335588249	OK	 
REQUEST	11		request_12	1588335588234	1588335588251	OK	 
REQUEST	11		request_13	1588335588234	1588335588252	OK	 
REQUEST	11		request_16	1588335588235	1588335588252	OK	 
REQUEST	11		request_17	1588335588236	1588335588252	OK	 
REQUEST	43		request_11 Redirect 1	1588335579896	1588335588707	OK	 
REQUEST	24		request_21	1588335586213	1588335588764	OK	 
REQUEST	24		request_22	1588335588764	1588335588767	OK	 
USER	download1user	24	END	1588335558843	1588335588768
REQUEST	7		request_18	1588335586047	1588335589021	OK	 
REQUEST	39		request_19	1588335586110	1588335589164	OK	 
REQUEST	39		request_20	1588335589164	1588335589167	OK	 
REQUEST	4		request_21	1588335586753	1588335589175	OK	 
REQUEST	4		request_22	1588335589175	1588335589180	OK	 
USER	download1user	4	END	1588335554869	1588335589182
REQUEST	43		request_11 Redirect 2	1588335588708	1588335589196	OK	 
REQUEST	43		request_13	1588335589213	1588335589229	OK	 
REQUEST	43		request_12	1588335589212	1588335589231	OK	 
REQUEST	43		request_14	1588335589213	1588335589231	OK	 
REQUEST	43		request_15	1588335589213	1588335589234	OK	 
REQUEST	43		request_17	1588335589214	1588335589238	OK	 
REQUEST	43		request_16	1588335589213	1588335589240	OK	 
REQUEST	14		request_21	1588335587019	1588335589562	OK	 
REQUEST	14		request_22	1588335589562	1588335589565	OK	 
USER	download1user	14	END	1588335556850	1588335589566
REQUEST	36		request_19	1588335586360	1588335589572	OK	 
REQUEST	36		request_20	1588335589573	1588335589577	OK	 
REQUEST	44		request_18	1588335584501	1588335589815	OK	 
REQUEST	33		request_21	1588335587180	1588335590123	OK	 
REQUEST	33		request_22	1588335590123	1588335590128	OK	 
USER	download1user	33	END	1588335560650	1588335590129
REQUEST	27		request_11 Redirect 1	1588335573647	1588335590344	OK	 
REQUEST	40		request_19	1588335586281	1588335590623	OK	 
REQUEST	40		request_20	1588335590623	1588335590629	OK	 
REQUEST	28		request_11 Redirect 1	1588335573859	1588335591131	OK	 
REQUEST	27		request_11 Redirect 2	1588335590344	1588335591391	OK	 
REQUEST	27		request_12	1588335591392	1588335591405	OK	 
REQUEST	27		request_14	1588335591394	1588335591413	OK	 
REQUEST	27		request_15	1588335591394	1588335591413	OK	 
REQUEST	27		request_13	1588335591393	1588335591417	OK	 
REQUEST	27		request_17	1588335591396	1588335591420	OK	 
REQUEST	27		request_16	1588335591395	1588335591420	OK	 
REQUEST	46		request_18	1588335582090	1588335591483	OK	 
REQUEST	26		request_19	1588335588731	1588335591686	OK	 
REQUEST	26		request_20	1588335591687	1588335591690	OK	 
REQUEST	23		request_21	1588335589175	1588335591857	OK	 
REQUEST	23		request_22	1588335591858	1588335591862	OK	 
USER	download1user	23	END	1588335558642	1588335591863
REQUEST	28		request_11 Redirect 2	1588335591131	1588335591916	OK	 
REQUEST	28		request_14	1588335591918	1588335591927	OK	 
REQUEST	28		request_15	1588335591918	1588335591928	OK	 
REQUEST	28		request_12	1588335591917	1588335591930	OK	 
REQUEST	28		request_13	1588335591918	1588335591931	OK	 
REQUEST	28		request_17	1588335591918	1588335591931	OK	 
REQUEST	28		request_16	1588335591918	1588335591933	OK	 
REQUEST	43		request_18	1588335589214	1588335592212	OK	 
REQUEST	5		request_19	1588335587423	1588335592224	OK	 
REQUEST	5		request_20	1588335592225	1588335592228	OK	 
REQUEST	25		request_21	1588335589814	1588335592242	OK	 
REQUEST	25		request_22	1588335592243	1588335592245	OK	 
USER	download1user	25	END	1588335559041	1588335592246
REQUEST	11		request_18	1588335588236	1588335592403	OK	 
REQUEST	35		request_11 Redirect 1	1588335575092	1588335592569	OK	 
REQUEST	15		request_19	1588335588953	1588335592714	OK	 
REQUEST	15		request_20	1588335592715	1588335592719	OK	 
REQUEST	29		request_19	1588335589164	1588335592916	OK	 
REQUEST	29		request_20	1588335592917	1588335592920	OK	 
REQUEST	35		request_11 Redirect 2	1588335592569	1588335592952	OK	 
REQUEST	35		request_12	1588335592953	1588335592969	OK	 
REQUEST	35		request_13	1588335592953	1588335592971	OK	 
REQUEST	35		request_14	1588335592953	1588335592972	OK	 
REQUEST	35		request_15	1588335592954	1588335592972	OK	 
REQUEST	35		request_17	1588335592954	1588335592972	OK	 
REQUEST	35		request_16	1588335592954	1588335592976	OK	 
REQUEST	22		request_18	1588335574780	1588335593274	OK	 
REQUEST	27		request_18	1588335591396	1588335593357	OK	 
REQUEST	28		request_18	1588335591918	1588335593985	OK	 
REQUEST	7		request_19	1588335592022	1588335593990	OK	 
REQUEST	7		request_20	1588335593991	1588335593995	OK	 
REQUEST	50		request_19	1588335589050	1588335595156	OK	 
REQUEST	50		request_20	1588335595156	1588335595161	OK	 
REQUEST	39		request_21	1588335593159	1588335595184	OK	 
REQUEST	39		request_22	1588335595185	1588335595189	OK	 
USER	download1user	39	END	1588335561840	1588335595191
REQUEST	35		request_18	1588335592955	1588335595496	OK	 
REQUEST	36		request_21	1588335593580	1588335595666	OK	 
REQUEST	36		request_22	1588335595667	1588335595672	OK	 
USER	download1user	36	END	1588335561252	1588335595673
REQUEST	44		request_19	1588335592800	1588335596935	OK	 
REQUEST	44		request_20	1588335596935	1588335596938	OK	 
REQUEST	42		request_11 Redirect 1	1588335579898	1588335597091	OK	 
REQUEST	40		request_21	1588335594624	1588335597243	OK	 
REQUEST	40		request_22	1588335597244	1588335597247	OK	 
USER	download1user	40	END	1588335562041	1588335597247
REQUEST	46		request_19	1588335594484	1588335597523	OK	 
REQUEST	46		request_20	1588335597524	1588335597527	OK	 
REQUEST	42		request_11 Redirect 2	1588335597092	1588335597596	OK	 
REQUEST	42		request_13	1588335597597	1588335597606	OK	 
REQUEST	42		request_12	1588335597597	1588335597610	OK	 
REQUEST	42		request_14	1588335597597	1588335597610	OK	 
REQUEST	42		request_15	1588335597597	1588335597610	OK	 
REQUEST	42		request_16	1588335597597	1588335597614	OK	 
REQUEST	42		request_17	1588335597597	1588335597615	OK	 
REQUEST	48		request_19	1588335587576	1588335598771	OK	 
REQUEST	48		request_20	1588335598771	1588335598777	OK	 
REQUEST	26		request_21	1588335595680	1588335599216	OK	 
REQUEST	26		request_22	1588335599216	1588335599219	OK	 
USER	download1user	26	END	1588335559239	1588335599220
REQUEST	5		request_21	1588335596229	1588335599605	OK	 
REQUEST	5		request_22	1588335599605	1588335599689	OK	 
USER	download1user	5	END	1588335555060	1588335599691
REQUEST	41		request_18	1588335582081	1588335599735	OK	 
REQUEST	29		request_21	1588335596923	1588335599767	OK	 
REQUEST	29		request_22	1588335599768	1588335599782	OK	 
USER	download1user	29	END	1588335559850	1588335599783
REQUEST	22		request_19	1588335596281	1588335599825	OK	 
REQUEST	22		request_20	1588335599825	1588335599861	OK	 
REQUEST	28		request_19	1588335596979	1588335600039	OK	 
REQUEST	28		request_20	1588335600041	1588335600045	OK	 
REQUEST	1		request_18	1588335567989	1588335600631	OK	 
REQUEST	27		request_19	1588335596354	1588335600682	OK	 
REQUEST	27		request_20	1588335600682	1588335600685	OK	 
REQUEST	7		request_21	1588335598005	1588335600685	OK	 
REQUEST	7		request_22	1588335600686	1588335600688	OK	 
USER	download1user	7	END	1588335555461	1588335600690
REQUEST	50		request_21	1588335599171	1588335600746	OK	 
REQUEST	50		request_22	1588335600746	1588335600749	OK	 
USER	download1user	50	END	1588335564051	1588335600749
REQUEST	35		request_19	1588335598509	1588335600870	OK	 
REQUEST	35		request_20	1588335600871	1588335600874	OK	 
REQUEST	43		request_19	1588335595225	1588335601500	OK	 
REQUEST	43		request_20	1588335601500	1588335601503	OK	 
REQUEST	42		request_18	1588335597598	1588335601567	OK	 
REQUEST	44		request_21	1588335600950	1588335601567	OK	 
REQUEST	44		request_22	1588335601567	1588335601569	OK	 
USER	download1user	44	END	1588335562852	1588335601570
REQUEST	46		request_21	1588335601522	1588335601963	OK	 
REQUEST	46		request_22	1588335601964	1588335601966	OK	 
USER	download1user	46	END	1588335563252	1588335601966
REQUEST	15		request_21	1588335596732	1588335602811	OK	 
REQUEST	15		request_22	1588335602811	1588335602814	OK	 
USER	download1user	15	END	1588335557051	1588335602815
REQUEST	9		request_11 Redirect 1	1588335570435	1588335602850	OK	 
REQUEST	9		request_11 Redirect 2	1588335602850	1588335603257	OK	 
REQUEST	9		request_15	1588335603259	1588335603266	OK	 
REQUEST	9		request_14	1588335603258	1588335603267	OK	 
REQUEST	9		request_13	1588335603258	1588335603269	OK	 
REQUEST	9		request_12	1588335603258	1588335603270	OK	 
REQUEST	9		request_17	1588335603259	1588335603271	OK	 
REQUEST	9		request_16	1588335603259	1588335603272	OK	 
REQUEST	41		request_19	1588335602733	1588335603322	OK	 
REQUEST	41		request_20	1588335603323	1588335603328	OK	 
REQUEST	48		request_21	1588335602779	1588335603538	OK	 
REQUEST	48		request_22	1588335603539	1588335603540	OK	 
USER	download1user	48	END	1588335563653	1588335603585
REQUEST	18		request_11 Redirect 1	1588335571423	1588335605392	OK	 
REQUEST	9		request_18	1588335603259	1588335605457	OK	 
REQUEST	11		request_19	1588335595402	1588335605724	OK	 
REQUEST	11		request_20	1588335605725	1588335605728	OK	 
REQUEST	18		request_11 Redirect 2	1588335605392	1588335605849	OK	 
REQUEST	18		request_15	1588335605851	1588335605863	OK	 
REQUEST	18		request_14	1588335605851	1588335605864	OK	 
REQUEST	18		request_13	1588335605851	1588335605866	OK	 
REQUEST	18		request_17	1588335605851	1588335605867	OK	 
REQUEST	18		request_12	1588335605850	1588335605869	OK	 
REQUEST	18		request_16	1588335605851	1588335605870	OK	 
REQUEST	22		request_21	1588335603861	1588335606121	OK	 
REQUEST	22		request_22	1588335606122	1588335606128	OK	 
USER	download1user	22	END	1588335558441	1588335606129
REQUEST	28		request_21	1588335604055	1588335606734	OK	 
REQUEST	28		request_22	1588335606735	1588335606738	OK	 
USER	download1user	28	END	1588335559652	1588335606740
REQUEST	27		request_21	1588335604692	1588335607219	OK	 
REQUEST	27		request_22	1588335607220	1588335607225	OK	 
USER	download1user	27	END	1588335559449	1588335607226
REQUEST	30		request_11 Redirect 1	1588335574222	1588335607313	OK	 
REQUEST	1		request_19	1588335603643	1588335607347	OK	 
REQUEST	1		request_20	1588335607348	1588335607350	OK	 
REQUEST	43		request_21	1588335605504	1588335608899	OK	 
REQUEST	43		request_22	1588335608900	1588335608903	OK	 
USER	download1user	43	END	1588335562653	1588335608903
REQUEST	30		request_11 Redirect 2	1588335607313	1588335608933	OK	 
REQUEST	30		request_13	1588335608934	1588335608948	OK	 
REQUEST	30		request_12	1588335608934	1588335608949	OK	 
REQUEST	30		request_14	1588335608934	1588335608950	OK	 
REQUEST	30		request_15	1588335608935	1588335608950	OK	 
REQUEST	30		request_17	1588335608935	1588335608953	OK	 
REQUEST	30		request_16	1588335608935	1588335608954	OK	 
REQUEST	37		request_11 Redirect 1	1588335576240	1588335609124	OK	 
REQUEST	49		request_19	1588335590241	1588335609141	OK	 
REQUEST	49		request_20	1588335609142	1588335609145	OK	 
REQUEST	18		request_18	1588335605852	1588335609167	OK	 
REQUEST	2		request_5	1588335584576	1588335609579	OK	 
REQUEST	37		request_11 Redirect 2	1588335609124	1588335609854	OK	 
REQUEST	37		request_15	1588335609858	1588335609878	OK	 
REQUEST	37		request_14	1588335609857	1588335609882	OK	 
REQUEST	37		request_13	1588335609856	1588335609885	OK	 
REQUEST	37		request_16	1588335609859	1588335609886	OK	 
REQUEST	37		request_12	1588335609855	1588335609890	OK	 
REQUEST	37		request_17	1588335609860	1588335609899	OK	 
REQUEST	41		request_21	1588335607329	1588335609951	OK	 
REQUEST	9		request_19	1588335608461	1588335610258	OK	 
REQUEST	9		request_20	1588335610259	1588335610261	OK	 
REQUEST	30		request_18	1588335608936	1588335610555	OK	 
REQUEST	35		request_21	1588335604874	1588335610839	OK	 
REQUEST	35		request_22	1588335610840	1588335610843	OK	 
USER	download1user	35	END	1588335561052	1588335610844
REQUEST	11		request_21	1588335609721	1588335610931	OK	 
REQUEST	11		request_22	1588335610932	1588335610934	OK	 
USER	download1user	11	END	1588335556259	1588335610935
REQUEST	42		request_19	1588335604573	1588335610947	OK	 
REQUEST	42		request_20	1588335610948	1588335610950	OK	 
REQUEST	2		request_7	1588335610569	1588335611056	OK	 
REQUEST	2		request_8	1588335611056	1588335611690	OK	 
REQUEST	37		request_18	1588335609860	1588335611744	OK	 
REQUEST	2		request_9	1588335611057	1588335611869	OK	 
REQUEST	2		request_10	1588335611057	1588335611997	OK	 
REQUEST	1		request_21	1588335611352	1588335612041	OK	 
REQUEST	1		request_22	1588335612042	1588335612043	OK	 
USER	download1user	1	END	1588335554261	1588335612044
REQUEST	2		request_10	1588335611997	1588335612172	OK	 
REQUEST	18		request_19	1588335612173	1588335612556	OK	 
REQUEST	18		request_20	1588335612557	1588335612564	OK	 
REQUEST	45		request_11 Redirect 1	1588335579898	1588335612734	OK	 
REQUEST	45		request_11 Redirect 2	1588335612735	1588335612954	OK	 
REQUEST	45		request_13	1588335612955	1588335612963	OK	 
REQUEST	45		request_17	1588335612956	1588335612968	OK	 
REQUEST	45		request_12	1588335612955	1588335612969	OK	 
REQUEST	45		request_14	1588335612955	1588335612969	OK	 
REQUEST	45		request_15	1588335612956	1588335612969	OK	 
REQUEST	45		request_16	1588335612956	1588335612971	OK	 
REQUEST	47		request_11 Redirect 1	1588335580321	1588335613091	OK	 
REQUEST	47		request_11 Redirect 2	1588335613091	1588335613290	OK	 
REQUEST	47		request_13	1588335613291	1588335613303	OK	 
REQUEST	47		request_12	1588335613291	1588335613307	OK	 
REQUEST	47		request_15	1588335613292	1588335613308	OK	 
REQUEST	47		request_17	1588335613292	1588335613309	OK	 
REQUEST	47		request_14	1588335613292	1588335613310	OK	 
REQUEST	47		request_16	1588335613292	1588335613311	OK	 
REQUEST	45		request_18	1588335612956	1588335613997	OK	 
REQUEST	49		request_21	1588335613150	1588335614007	OK	 
REQUEST	49		request_22	1588335614007	1588335614009	OK	 
USER	download1user	49	END	1588335563855	1588335614010
REQUEST	30		request_19	1588335613539	1588335614653	OK	 
REQUEST	47		request_18	1588335613292	1588335614653	OK	 
REQUEST	30		request_20	1588335614654	1588335614663	OK	 
REQUEST	9		request_21	1588335614261	1588335615379	OK	 
REQUEST	9		request_22	1588335615379	1588335615383	OK	 
USER	download1user	9	END	1588335555866	1588335615384
REQUEST	42		request_21	1588335614949	1588335615717	OK	 
REQUEST	42		request_22	1588335615717	1588335615721	OK	 
USER	download1user	42	END	1588335562449	1588335615723
REQUEST	37		request_19	1588335614752	1588335615734	OK	 
REQUEST	37		request_20	1588335615735	1588335615740	OK	 
REQUEST	18		request_21	1588335616562	1588335616944	OK	 
REQUEST	18		request_22	1588335616945	1588335616947	OK	 
USER	download1user	18	END	1588335557643	1588335616947
REQUEST	45		request_19	1588335616989	1588335617359	OK	 
REQUEST	45		request_20	1588335617359	1588335617361	OK	 
REQUEST	47		request_19	1588335617655	1588335617920	OK	 
REQUEST	47		request_20	1588335617921	1588335617923	OK	 
REQUEST	2		request_11	1588335618169	1588335618573	OK	 
REQUEST	2		request_11 Redirect 1	1588335618574	1588335618742	OK	 
REQUEST	2		request_11 Redirect 2	1588335618742	1588335618907	OK	 
REQUEST	2		request_14	1588335618909	1588335618916	OK	 
REQUEST	2		request_15	1588335618909	1588335618920	OK	 
REQUEST	2		request_17	1588335618909	1588335618923	OK	 
REQUEST	2		request_13	1588335618908	1588335618925	OK	 
REQUEST	2		request_12	1588335618908	1588335618925	OK	 
REQUEST	2		request_16	1588335618909	1588335618925	OK	 
REQUEST	30		request_21	1588335618684	1588335619152	OK	 
REQUEST	30		request_22	1588335619152	1588335619154	OK	 
USER	download1user	30	END	1588335560050	1588335619155
REQUEST	2		request_18	1588335618909	1588335619483	OK	 
REQUEST	37		request_21	1588335619742	1588335620078	OK	 
REQUEST	37		request_22	1588335620079	1588335620080	OK	 
USER	download1user	37	END	1588335561444	1588335620081
REQUEST	45		request_21	1588335621363	1588335621636	OK	 
REQUEST	45		request_22	1588335621637	1588335621639	OK	 
USER	download1user	45	END	1588335563050	1588335621639
REQUEST	47		request_21	1588335621922	1588335622208	OK	 
REQUEST	47		request_22	1588335622209	1588335622211	OK	 
USER	download1user	47	END	1588335563455	1588335622211
REQUEST	2		request_19	1588335622489	1588335622864	OK	 
REQUEST	2		request_20	1588335622865	1588335622866	OK	 
REQUEST	2		request_21	1588335626869	1588335627114	OK	 
REQUEST	2		request_22	1588335627114	1588335627116	OK	 
USER	download1user	2	END	1588335554469	1588335627117
REQUEST	10		request_11 Redirect 1	1588335570436	1588335630436	KO	i.g.h.c.i.RequestTimeoutException: Request timeout to solid.community/165.227.231.225:443 after 60000 ms
REQUEST	12		request_11 Redirect 1	1588335570435	1588335630435	KO	i.g.h.c.i.RequestTimeoutException: Request timeout to solid.community/165.227.231.225:443 after 60000 ms
REQUEST	13		request_11 Redirect 1	1588335570476	1588335630476	KO	i.g.h.c.i.RequestTimeoutException: Request timeout to solid.community/165.227.231.225:443 after 60000 ms
REQUEST	17		request_11 Redirect 1	1588335571424	1588335631425	KO	i.g.h.c.i.RequestTimeoutException: Request timeout to solid.community/165.227.231.225:443 after 60000 ms
REQUEST	16		request_11 Redirect 1	1588335571424	1588335631425	KO	i.g.h.c.i.RequestTimeoutException: Request timeout to solid.community/165.227.231.225:443 after 60000 ms
REQUEST	8		request_18	1588335571670	1588335631670	KO	i.g.h.c.i.RequestTimeoutException: Request timeout to uo265379.solid.community/165.227.231.225:443 after 60000 ms
REQUEST	20		request_11 Redirect 1	1588335572067	1588335632068	KO	i.g.h.c.i.RequestTimeoutException: Request timeout to solid.community/165.227.231.225:443 after 60000 ms
REQUEST	21		request_11 Redirect 1	1588335572069	1588335632069	KO	i.g.h.c.i.RequestTimeoutException: Request timeout to solid.community/165.227.231.225:443 after 60000 ms
REQUEST	12		request_19	1588335633410	1588335633809	OK	 
REQUEST	12		request_20	1588335633809	1588335633812	OK	 
REQUEST	10		request_19	1588335633441	1588335634124	OK	 
REQUEST	13		request_19	1588335633473	1588335634141	OK	 
REQUEST	10		request_20	1588335634126	1588335634156	OK	 
REQUEST	13		request_20	1588335634143	1588335634161	OK	 
REQUEST	31		request_11 Redirect 1	1588335574225	1588335634227	KO	i.g.h.c.i.RequestTimeoutException: Request timeout to solid.community/165.227.231.225:443 after 60000 ms
REQUEST	32		request_11 Redirect 1	1588335574620	1588335634620	KO	i.g.h.c.i.RequestTimeoutException: Request timeout to solid.community/165.227.231.225:443 after 60000 ms
REQUEST	34		request_11 Redirect 1	1588335574736	1588335634736	KO	i.g.h.c.i.RequestTimeoutException: Request timeout to solid.community/165.227.231.225:443 after 60000 ms
REQUEST	41		request_22	1588335609952	1588335634961	OK	 
USER	download1user	41	END	1588335562240	1588335634962
REQUEST	16		request_19	1588335634409	1588335634991	OK	 
REQUEST	16		request_20	1588335634991	1588335634994	OK	 
REQUEST	17		request_19	1588335634419	1588335635004	OK	 
REQUEST	17		request_20	1588335635004	1588335635009	OK	 
REQUEST	8		request_19	1588335634662	1588335635209	OK	 
REQUEST	8		request_20	1588335635210	1588335635212	OK	 
REQUEST	21		request_19	1588335635072	1588335635475	OK	 
REQUEST	21		request_20	1588335635475	1588335635478	OK	 
REQUEST	20		request_19	1588335635072	1588335635972	OK	 
REQUEST	20		request_20	1588335635973	1588335635976	OK	 
REQUEST	38		request_11 Redirect 1	1588335576240	1588335636241	KO	i.g.h.c.i.RequestTimeoutException: Request timeout to solid.community/165.227.231.225:443 after 60000 ms
REQUEST	31		request_19	1588335637225	1588335637611	OK	 
REQUEST	31		request_20	1588335637612	1588335637615	OK	 
REQUEST	32		request_19	1588335637620	1588335638007	OK	 
REQUEST	32		request_20	1588335638008	1588335638011	OK	 
REQUEST	12		request_21	1588335637822	1588335638159	OK	 
REQUEST	34		request_19	1588335637739	1588335638337	OK	 
REQUEST	34		request_20	1588335638337	1588335638342	OK	 
REQUEST	10		request_21	1588335638162	1588335638655	OK	 
REQUEST	10		request_22	1588335638656	1588335638658	OK	 
USER	download1user	10	END	1588335556059	1588335638658
REQUEST	16		request_21	1588335638999	1588335639243	OK	 
REQUEST	16		request_22	1588335639244	1588335639246	OK	 
USER	download1user	16	END	1588335557254	1588335639246
REQUEST	17		request_21	1588335639009	1588335639532	OK	 
REQUEST	17		request_22	1588335639533	1588335639536	OK	 
USER	download1user	17	END	1588335557441	1588335639537
REQUEST	8		request_21	1588335639222	1588335639688	OK	 
REQUEST	13		request_21	1588335638162	1588335639688	OK	 
REQUEST	8		request_22	1588335639689	1588335639691	OK	 
USER	download1user	8	END	1588335555663	1588335639691
REQUEST	13		request_22	1588335639689	1588335639693	OK	 
USER	download1user	13	END	1588335556652	1588335639694
REQUEST	21		request_21	1588335639473	1588335640036	OK	 
REQUEST	21		request_22	1588335640037	1588335640038	OK	 
USER	download1user	21	END	1588335558242	1588335640039
REQUEST	38		request_19	1588335639232	1588335640060	OK	 
REQUEST	38		request_20	1588335640060	1588335640063	OK	 
REQUEST	20		request_21	1588335639983	1588335640456	OK	 
REQUEST	20		request_22	1588335640457	1588335640459	OK	 
USER	download1user	20	END	1588335558042	1588335640459
REQUEST	31		request_21	1588335641624	1588335641884	OK	 
REQUEST	31		request_22	1588335641884	1588335641886	OK	 
USER	download1user	31	END	1588335560252	1588335641887
REQUEST	32		request_21	1588335642014	1588335642262	OK	 
REQUEST	32		request_22	1588335642263	1588335642264	OK	 
USER	download1user	32	END	1588335560454	1588335642265
REQUEST	34		request_21	1588335642334	1588335642577	OK	 
REQUEST	34		request_22	1588335642577	1588335642579	OK	 
USER	download1user	34	END	1588335560851	1588335642579
REQUEST	38		request_21	1588335644072	1588335644305	OK	 
REQUEST	38		request_22	1588335644306	1588335644307	OK	 
USER	download1user	38	END	1588335561644	1588335644308
REQUEST	12		request_22	1588335638160	1588335663167	OK	 
USER	download1user	12	END	1588335556452	1588335663170
