RUN	gatling_viade_es1c.seefriends1user	seefriends1user	1588334221959	 	3.3.1
USER	seefriends1user	1	START	1588334224141	1588334224141
REQUEST	1		request_0	1588334224192	1588334224269	OK	 
USER	seefriends1user	2	START	1588334224635	1588334224635
REQUEST	2		request_0	1588334224636	1588334224668	OK	 
USER	seefriends1user	3	START	1588334225130	1588334225130
REQUEST	3		request_0	1588334225131	1588334225147	OK	 
USER	seefriends1user	4	START	1588334225634	1588334225634
REQUEST	4		request_0	1588334225635	1588334225657	OK	 
USER	seefriends1user	5	START	1588334226130	1588334226130
REQUEST	5		request_0	1588334226131	1588334226149	OK	 
USER	seefriends1user	6	START	1588334226635	1588334226635
REQUEST	6		request_0	1588334226636	1588334226651	OK	 
USER	seefriends1user	7	START	1588334227136	1588334227136
REQUEST	7		request_0	1588334227137	1588334227152	OK	 
REQUEST	1		request_1	1588334227291	1588334227297	OK	 
REQUEST	1		request_2	1588334227325	1588334227346	OK	 
REQUEST	1		request_3	1588334227327	1588334227348	OK	 
REQUEST	1		request_4	1588334227328	1588334227351	OK	 
USER	seefriends1user	8	START	1588334227633	1588334227633
REQUEST	8		request_0	1588334227633	1588334227663	OK	 
REQUEST	2		request_1	1588334227684	1588334227689	OK	 
REQUEST	2		request_4	1588334227700	1588334227708	OK	 
REQUEST	2		request_3	1588334227699	1588334227709	OK	 
REQUEST	2		request_2	1588334227691	1588334227744	OK	 
USER	seefriends1user	9	START	1588334228131	1588334228131
REQUEST	9		request_0	1588334228131	1588334228136	OK	 
REQUEST	3		request_1	1588334228161	1588334228167	OK	 
REQUEST	3		request_3	1588334228170	1588334228176	OK	 
REQUEST	3		request_4	1588334228170	1588334228177	OK	 
REQUEST	3		request_2	1588334228169	1588334228213	OK	 
REQUEST	1		request_5	1588334228351	1588334228354	OK	 
REQUEST	1		request_6	1588334228357	1588334228360	OK	 
USER	seefriends1user	10	START	1588334228622	1588334228622
REQUEST	10		request_0	1588334228623	1588334228630	OK	 
REQUEST	1		request_7	1588334228355	1588334228646	OK	 
REQUEST	4		request_1	1588334228692	1588334228697	OK	 
REQUEST	4		request_3	1588334228699	1588334228706	OK	 
REQUEST	4		request_4	1588334228700	1588334228707	OK	 
REQUEST	4		request_2	1588334228699	1588334228742	OK	 
USER	seefriends1user	11	START	1588334229123	1588334229123
REQUEST	11		request_0	1588334229124	1588334229132	OK	 
REQUEST	5		request_1	1588334229152	1588334229158	OK	 
REQUEST	5		request_3	1588334229162	1588334229169	OK	 
REQUEST	5		request_4	1588334229163	1588334229170	OK	 
REQUEST	5		request_2	1588334229160	1588334229210	OK	 
REQUEST	3		request_5	1588334229220	1588334229223	OK	 
REQUEST	3		request_6	1588334229225	1588334229227	OK	 
REQUEST	3		request_7	1588334229224	1588334229332	OK	 
USER	seefriends1user	12	START	1588334229613	1588334229613
REQUEST	12		request_0	1588334229613	1588334229620	OK	 
REQUEST	6		request_1	1588334229675	1588334229680	OK	 
REQUEST	6		request_3	1588334229683	1588334229690	OK	 
REQUEST	6		request_4	1588334229684	1588334229691	OK	 
REQUEST	4		request_5	1588334229722	1588334229724	OK	 
REQUEST	6		request_2	1588334229682	1588334229727	OK	 
REQUEST	4		request_6	1588334229727	1588334229730	OK	 
REQUEST	4		request_7	1588334229726	1588334229818	OK	 
USER	seefriends1user	13	START	1588334230113	1588334230113
REQUEST	13		request_0	1588334230114	1588334230118	OK	 
REQUEST	7		request_1	1588334230173	1588334230179	OK	 
REQUEST	7		request_3	1588334230181	1588334230195	OK	 
REQUEST	7		request_4	1588334230182	1588334230196	OK	 
REQUEST	5		request_5	1588334230220	1588334230224	OK	 
REQUEST	5		request_6	1588334230228	1588334230234	OK	 
REQUEST	7		request_2	1588334230181	1588334230233	OK	 
REQUEST	5		request_7	1588334230225	1588334230372	OK	 
USER	seefriends1user	14	START	1588334230616	1588334230616
REQUEST	14		request_0	1588334230616	1588334230634	OK	 
REQUEST	8		request_1	1588334230686	1588334230691	OK	 
REQUEST	8		request_3	1588334230693	1588334230704	OK	 
REQUEST	8		request_4	1588334230695	1588334230705	OK	 
REQUEST	6		request_5	1588334230722	1588334230725	OK	 
REQUEST	6		request_6	1588334230729	1588334230732	OK	 
REQUEST	8		request_2	1588334230692	1588334230739	OK	 
REQUEST	6		request_7	1588334230727	1588334230839	OK	 
USER	seefriends1user	15	START	1588334231112	1588334231112
REQUEST	15		request_0	1588334231113	1588334231118	OK	 
REQUEST	9		request_1	1588334231156	1588334231163	OK	 
REQUEST	9		request_3	1588334231165	1588334231171	OK	 
REQUEST	9		request_4	1588334231167	1588334231172	OK	 
REQUEST	9		request_2	1588334231165	1588334231209	OK	 
REQUEST	7		request_5	1588334231234	1588334231236	OK	 
REQUEST	7		request_6	1588334231238	1588334231240	OK	 
REQUEST	1		request_8	1588334230654	1588334231305	OK	 
REQUEST	7		request_7	1588334231237	1588334231362	OK	 
REQUEST	1		request_9	1588334231309	1588334231475	OK	 
USER	seefriends1user	16	START	1588334231622	1588334231622
REQUEST	16		request_0	1588334231622	1588334231628	OK	 
REQUEST	10		request_1	1588334231644	1588334231648	OK	 
REQUEST	10		request_4	1588334231651	1588334231667	OK	 
REQUEST	10		request_3	1588334231650	1588334231668	OK	 
REQUEST	10		request_2	1588334231650	1588334231695	OK	 
REQUEST	8		request_5	1588334231732	1588334231734	OK	 
REQUEST	8		request_6	1588334231737	1588334231739	OK	 
REQUEST	3		request_8	1588334231323	1588334231845	OK	 
REQUEST	8		request_7	1588334231736	1588334231847	OK	 
REQUEST	1		request_10	1588334231310	1588334231853	OK	 
REQUEST	1		request_11	1588334231311	1588334232027	OK	 
REQUEST	3		request_9	1588334231847	1588334232038	OK	 
USER	seefriends1user	17	START	1588334232122	1588334232122
REQUEST	17		request_0	1588334232122	1588334232129	OK	 
REQUEST	11		request_1	1588334232143	1588334232148	OK	 
REQUEST	11		request_3	1588334232150	1588334232155	OK	 
REQUEST	11		request_4	1588334232150	1588334232156	OK	 
REQUEST	11		request_2	1588334232149	1588334232194	OK	 
REQUEST	9		request_5	1588334232210	1588334232213	OK	 
REQUEST	9		request_6	1588334232215	1588334232217	OK	 
REQUEST	9		request_7	1588334232214	1588334232355	OK	 
REQUEST	4		request_8	1588334231822	1588334232526	OK	 
REQUEST	3		request_10	1588334231848	1588334232556	OK	 
REQUEST	1		request_11	1588334232032	1588334232556	OK	 
USER	seefriends1user	18	START	1588334232624	1588334232624
REQUEST	18		request_0	1588334232624	1588334232630	OK	 
REQUEST	12		request_1	1588334232634	1588334232637	OK	 
REQUEST	12		request_3	1588334232639	1588334232646	OK	 
REQUEST	12		request_4	1588334232640	1588334232646	OK	 
REQUEST	12		request_2	1588334232638	1588334232682	OK	 
REQUEST	3		request_11	1588334231848	1588334232699	OK	 
REQUEST	10		request_5	1588334232701	1588334232704	OK	 
REQUEST	10		request_6	1588334232706	1588334232709	OK	 
REQUEST	4		request_9	1588334232528	1588334232710	OK	 
REQUEST	10		request_7	1588334232705	1588334232809	OK	 
REQUEST	5		request_8	1588334232371	1588334232891	OK	 
REQUEST	5		request_9	1588334232893	1588334233072	OK	 
REQUEST	4		request_10	1588334232529	1588334233107	OK	 
REQUEST	3		request_11	1588334232699	1588334233107	OK	 
USER	seefriends1user	19	START	1588334233122	1588334233122
REQUEST	19		request_0	1588334233122	1588334233127	OK	 
REQUEST	13		request_1	1588334233132	1588334233137	OK	 
REQUEST	13		request_4	1588334233139	1588334233145	OK	 
REQUEST	13		request_3	1588334233138	1588334233145	OK	 
REQUEST	13		request_2	1588334233138	1588334233181	OK	 
REQUEST	11		request_5	1588334233196	1588334233199	OK	 
REQUEST	11		request_6	1588334233201	1588334233204	OK	 
REQUEST	4		request_11	1588334232530	1588334233263	OK	 
REQUEST	11		request_7	1588334233200	1588334233349	OK	 
REQUEST	6		request_8	1588334232846	1588334233483	OK	 
REQUEST	5		request_10	1588334232893	1588334233497	OK	 
USER	seefriends1user	20	START	1588334233621	1588334233621
REQUEST	20		request_0	1588334233621	1588334233626	OK	 
REQUEST	14		request_1	1588334233652	1588334233656	OK	 
REQUEST	5		request_11	1588334232894	1588334233659	OK	 
REQUEST	14		request_3	1588334233657	1588334233665	OK	 
REQUEST	14		request_4	1588334233658	1588334233665	OK	 
REQUEST	6		request_9	1588334233484	1588334233670	OK	 
REQUEST	12		request_5	1588334233694	1588334233696	OK	 
REQUEST	12		request_6	1588334233697	1588334233699	OK	 
REQUEST	14		request_2	1588334233657	1588334233701	OK	 
REQUEST	4		request_11	1588334233264	1588334233747	OK	 
REQUEST	12		request_7	1588334233697	1588334233798	OK	 
REQUEST	7		request_8	1588334233363	1588334233892	OK	 
REQUEST	7		request_9	1588334233893	1588334234105	OK	 
REQUEST	5		request_11	1588334233660	1588334234107	OK	 
REQUEST	6		request_10	1588334233485	1588334234112	OK	 
REQUEST	15		request_1	1588334234134	1588334234140	OK	 
REQUEST	15		request_3	1588334234142	1588334234148	OK	 
REQUEST	15		request_4	1588334234144	1588334234149	OK	 
REQUEST	13		request_5	1588334234182	1588334234184	OK	 
REQUEST	15		request_2	1588334234141	1588334234185	OK	 
REQUEST	13		request_6	1588334234186	1588334234188	OK	 
REQUEST	6		request_11	1588334233485	1588334234271	OK	 
REQUEST	13		request_7	1588334234185	1588334234327	OK	 
REQUEST	8		request_8	1588334233851	1588334234471	OK	 
REQUEST	7		request_10	1588334233894	1588334234489	OK	 
REQUEST	7		request_11	1588334233894	1588334234634	OK	 
REQUEST	8		request_9	1588334234473	1588334234646	OK	 
REQUEST	16		request_1	1588334234644	1588334234648	OK	 
REQUEST	16		request_3	1588334234649	1588334234656	OK	 
REQUEST	16		request_4	1588334234650	1588334234656	OK	 
REQUEST	6		request_11	1588334234272	1588334234687	OK	 
REQUEST	16		request_2	1588334234649	1588334234693	OK	 
REQUEST	14		request_5	1588334234701	1588334234703	OK	 
REQUEST	14		request_6	1588334234704	1588334234707	OK	 
REQUEST	9		request_8	1588334234362	1588334234795	OK	 
REQUEST	14		request_7	1588334234704	1588334234810	OK	 
REQUEST	9		request_9	1588334234797	1588334234984	OK	 
REQUEST	8		request_10	1588334234473	1588334235028	OK	 
REQUEST	7		request_11	1588334234634	1588334235031	OK	 
REQUEST	8		request_11	1588334234474	1588334235061	OK	 
REQUEST	17		request_1	1588334235144	1588334235148	OK	 
REQUEST	17		request_3	1588334235149	1588334235157	OK	 
REQUEST	17		request_4	1588334235150	1588334235157	OK	 
REQUEST	17		request_2	1588334235149	1588334235193	OK	 
REQUEST	15		request_5	1588334235195	1588334235198	OK	 
REQUEST	15		request_6	1588334235200	1588334235202	OK	 
REQUEST	15		request_7	1588334235199	1588334235333	OK	 
REQUEST	10		request_8	1588334234811	1588334235483	OK	 
REQUEST	9		request_10	1588334234798	1588334235504	OK	 
REQUEST	9		request_11	1588334234799	1588334235590	OK	 
REQUEST	18		request_1	1588334235640	1588334235645	OK	 
REQUEST	18		request_3	1588334235646	1588334235652	OK	 
REQUEST	18		request_4	1588334235647	1588334235653	OK	 
REQUEST	18		request_2	1588334235645	1588334235690	OK	 
REQUEST	16		request_5	1588334235703	1588334235705	OK	 
REQUEST	16		request_6	1588334235706	1588334235708	OK	 
REQUEST	16		request_7	1588334235705	1588334235810	OK	 
REQUEST	8		request_11	1588334235062	1588334235922	OK	 
REQUEST	10		request_9	1588334235483	1588334236075	OK	 
REQUEST	11		request_8	1588334235351	1588334236140	OK	 
REQUEST	19		request_1	1588334236144	1588334236147	OK	 
REQUEST	19		request_4	1588334236149	1588334236153	OK	 
REQUEST	19		request_3	1588334236148	1588334236153	OK	 
REQUEST	19		request_2	1588334236148	1588334236192	OK	 
REQUEST	17		request_5	1588334236195	1588334236198	OK	 
REQUEST	17		request_6	1588334236200	1588334236202	OK	 
REQUEST	17		request_7	1588334236199	1588334236302	OK	 
REQUEST	11		request_9	1588334236141	1588334236309	OK	 
REQUEST	9		request_11	1588334235590	1588334236342	OK	 
REQUEST	10		request_10	1588334235484	1588334236432	OK	 
REQUEST	12		request_8	1588334235790	1588334236457	OK	 
REQUEST	10		request_11	1588334235484	1588334236495	OK	 
REQUEST	20		request_1	1588334236642	1588334236646	OK	 
REQUEST	12		request_9	1588334236457	1588334236650	OK	 
REQUEST	20		request_3	1588334236648	1588334236655	OK	 
REQUEST	20		request_4	1588334236649	1588334236656	OK	 
REQUEST	11		request_10	1588334236142	1588334236672	OK	 
REQUEST	18		request_5	1588334236694	1588334236696	OK	 
REQUEST	20		request_2	1588334236648	1588334236697	OK	 
REQUEST	18		request_6	1588334236698	1588334236699	OK	 
REQUEST	18		request_7	1588334236697	1588334236801	OK	 
REQUEST	11		request_11	1588334236142	1588334236809	OK	 
REQUEST	13		request_8	1588334236320	1588334236893	OK	 
REQUEST	10		request_11	1588334236496	1588334237064	OK	 
REQUEST	19		request_5	1588334237194	1588334237197	OK	 
REQUEST	19		request_6	1588334237198	1588334237201	OK	 
REQUEST	13		request_9	1588334236895	1588334237207	OK	 
REQUEST	12		request_10	1588334236458	1588334237221	OK	 
REQUEST	12		request_11	1588334236459	1588334237268	OK	 
REQUEST	19		request_7	1588334237198	1588334237299	OK	 
REQUEST	11		request_11	1588334236809	1588334237327	OK	 
REQUEST	14		request_8	1588334236813	1588334237434	OK	 
REQUEST	13		request_10	1588334236896	1588334237567	OK	 
REQUEST	14		request_9	1588334237435	1588334237581	OK	 
REQUEST	13		request_11	1588334236896	1588334237590	OK	 
REQUEST	12		request_11	1588334237268	1588334237675	OK	 
REQUEST	20		request_5	1588334237705	1588334237707	OK	 
REQUEST	20		request_6	1588334237711	1588334237713	OK	 
REQUEST	15		request_8	1588334237335	1588334237793	OK	 
REQUEST	20		request_7	1588334237708	1588334237829	OK	 
REQUEST	15		request_9	1588334237794	1588334237970	OK	 
REQUEST	14		request_10	1588334237436	1588334238001	OK	 
REQUEST	13		request_11	1588334237591	1588334238001	OK	 
REQUEST	14		request_11	1588334237436	1588334238154	OK	 
REQUEST	16		request_8	1588334237802	1588334238350	OK	 
REQUEST	15		request_10	1588334237795	1588334238365	OK	 
REQUEST	15		request_11	1588334237796	1588334238478	OK	 
REQUEST	16		request_9	1588334238351	1588334238487	OK	 
REQUEST	14		request_11	1588334238155	1588334238510	OK	 
REQUEST	17		request_8	1588334238301	1588334238775	OK	 
REQUEST	16		request_10	1588334238352	1588334238802	OK	 
REQUEST	16		request_11	1588334238352	1588334238938	OK	 
REQUEST	17		request_9	1588334238777	1588334238951	OK	 
REQUEST	15		request_11	1588334238479	1588334238960	OK	 
REQUEST	18		request_8	1588334238801	1588334239316	OK	 
REQUEST	17		request_10	1588334238778	1588334239334	OK	 
REQUEST	16		request_11	1588334238939	1588334239424	OK	 
REQUEST	17		request_11	1588334238778	1588334239448	OK	 
REQUEST	18		request_9	1588334239317	1588334239513	OK	 
REQUEST	19		request_8	1588334239301	1588334239773	OK	 
REQUEST	18		request_10	1588334239318	1588334239855	OK	 
REQUEST	17		request_11	1588334239449	1588334239992	OK	 
REQUEST	19		request_9	1588334239774	1588334240007	OK	 
REQUEST	18		request_11	1588334239318	1588334240007	OK	 
REQUEST	20		request_8	1588334239824	1588334240574	OK	 
REQUEST	19		request_10	1588334239774	1588334240577	OK	 
REQUEST	1		request_12	1588334239561	1588334240615	OK	 
REQUEST	18		request_11	1588334240008	1588334240662	OK	 
REQUEST	19		request_11	1588334239774	1588334240734	OK	 
REQUEST	20		request_9	1588334240576	1588334240736	OK	 
REQUEST	3		request_12	1588334240110	1588334241084	OK	 
REQUEST	20		request_10	1588334240577	1588334241184	OK	 
REQUEST	1		request_12 Redirect 1	1588334240625	1588334241216	OK	 
REQUEST	20		request_11	1588334240577	1588334241225	OK	 
REQUEST	19		request_11	1588334240734	1588334241249	OK	 
REQUEST	3		request_12 Redirect 1	1588334241085	1588334241890	OK	 
REQUEST	4		request_12	1588334240754	1588334241949	OK	 
REQUEST	1		request_12 Redirect 2	1588334241217	1588334241964	OK	 
REQUEST	1		request_13	1588334241966	1588334241975	OK	 
REQUEST	1		request_15	1588334241967	1588334241978	OK	 
REQUEST	1		request_20	1588334241976	1588334241980	OK	 
REQUEST	1		request_17	1588334241967	1588334241981	OK	 
REQUEST	1		request_16	1588334241967	1588334241982	OK	 
REQUEST	1		request_18	1588334241968	1588334241983	OK	 
REQUEST	1		request_14	1588334241967	1588334241984	OK	 
REQUEST	20		request_11	1588334241225	1588334242015	OK	 
REQUEST	5		request_12	1588334241111	1588334242307	OK	 
REQUEST	3		request_12 Redirect 2	1588334241890	1588334242647	OK	 
REQUEST	6		request_12	1588334241681	1588334242650	OK	 
REQUEST	3		request_15	1588334242650	1588334242662	OK	 
REQUEST	3		request_13	1588334242649	1588334242667	OK	 
REQUEST	3		request_14	1588334242650	1588334242669	OK	 
REQUEST	3		request_16	1588334242651	1588334242670	OK	 
REQUEST	3		request_18	1588334242652	1588334242671	OK	 
REQUEST	3		request_20	1588334242663	1588334242671	OK	 
REQUEST	3		request_17	1588334242652	1588334242671	OK	 
REQUEST	4		request_12 Redirect 1	1588334241950	1588334242784	OK	 
REQUEST	7		request_12	1588334242024	1588334242962	OK	 
REQUEST	4		request_12 Redirect 2	1588334242785	1588334243400	OK	 
REQUEST	4		request_15	1588334243402	1588334243416	OK	 
REQUEST	4		request_20	1588334243417	1588334243419	OK	 
REQUEST	4		request_13	1588334243402	1588334243420	OK	 
REQUEST	4		request_16	1588334243403	1588334243421	OK	 
REQUEST	4		request_17	1588334243403	1588334243423	OK	 
REQUEST	4		request_14	1588334243402	1588334243424	OK	 
REQUEST	4		request_18	1588334243403	1588334243424	OK	 
REQUEST	7		request_12 Redirect 1	1588334242963	1588334243670	OK	 
REQUEST	8		request_12	1588334242926	1588334244186	OK	 
REQUEST	5		request_12 Redirect 1	1588334242307	1588334244210	OK	 
REQUEST	9		request_12	1588334243330	1588334244460	OK	 
REQUEST	1		request_19	1588334241968	1588334244461	OK	 
USER	seefriends1user	1	END	1588334224141	1588334244468
REQUEST	7		request_12 Redirect 2	1588334243671	1588334244519	OK	 
REQUEST	7		request_13	1588334244521	1588334244536	OK	 
REQUEST	7		request_15	1588334244522	1588334244540	OK	 
REQUEST	7		request_20	1588334244537	1588334244544	OK	 
REQUEST	7		request_17	1588334244523	1588334244545	OK	 
REQUEST	7		request_16	1588334244522	1588334244547	OK	 
REQUEST	7		request_14	1588334244522	1588334244548	OK	 
REQUEST	7		request_18	1588334244523	1588334244549	OK	 
REQUEST	6		request_12 Redirect 1	1588334242651	1588334244681	OK	 
REQUEST	5		request_12 Redirect 2	1588334244210	1588334244961	OK	 
REQUEST	5		request_15	1588334244964	1588334244981	OK	 
REQUEST	5		request_20	1588334244981	1588334244985	OK	 
REQUEST	5		request_13	1588334244963	1588334244987	OK	 
REQUEST	5		request_16	1588334244965	1588334244988	OK	 
REQUEST	5		request_14	1588334244964	1588334244989	OK	 
REQUEST	5		request_17	1588334244965	1588334244989	OK	 
REQUEST	5		request_18	1588334244966	1588334244990	OK	 
REQUEST	10		request_12	1588334244071	1588334245090	OK	 
REQUEST	11		request_12	1588334244333	1588334245516	OK	 
REQUEST	9		request_12 Redirect 1	1588334244461	1588334245532	OK	 
REQUEST	6		request_12 Redirect 2	1588334244682	1588334245667	OK	 
REQUEST	6		request_13	1588334245669	1588334245683	OK	 
REQUEST	6		request_15	1588334245669	1588334245684	OK	 
REQUEST	6		request_16	1588334245670	1588334245686	OK	 
REQUEST	6		request_14	1588334245669	1588334245686	OK	 
REQUEST	6		request_17	1588334245670	1588334245687	OK	 
REQUEST	6		request_18	1588334245670	1588334245688	OK	 
REQUEST	6		request_20	1588334245683	1588334245688	OK	 
REQUEST	12		request_12	1588334244684	1588334246072	OK	 
REQUEST	10		request_12 Redirect 1	1588334245090	1588334246383	OK	 
REQUEST	13		request_12	1588334245011	1588334246526	OK	 
REQUEST	9		request_12 Redirect 2	1588334245532	1588334246618	OK	 
REQUEST	9		request_13	1588334246620	1588334246632	OK	 
REQUEST	9		request_15	1588334246621	1588334246633	OK	 
REQUEST	9		request_16	1588334246621	1588334246634	OK	 
REQUEST	9		request_17	1588334246621	1588334246635	OK	 
REQUEST	9		request_18	1588334246622	1588334246635	OK	 
REQUEST	9		request_20	1588334246633	1588334246636	OK	 
REQUEST	9		request_14	1588334246620	1588334246639	OK	 
REQUEST	3		request_19	1588334242653	1588334246687	OK	 
USER	seefriends1user	3	END	1588334225130	1588334246689
REQUEST	14		request_12	1588334245512	1588334246924	OK	 
REQUEST	15		request_12	1588334245952	1588334247028	OK	 
REQUEST	12		request_12 Redirect 1	1588334246073	1588334247060	OK	 
REQUEST	10		request_12 Redirect 2	1588334246384	1588334247133	OK	 
REQUEST	10		request_15	1588334247135	1588334247148	OK	 
REQUEST	10		request_13	1588334247134	1588334247149	OK	 
REQUEST	10		request_14	1588334247134	1588334247149	OK	 
REQUEST	10		request_16	1588334247135	1588334247150	OK	 
REQUEST	10		request_17	1588334247135	1588334247151	OK	 
REQUEST	10		request_18	1588334247135	1588334247152	OK	 
REQUEST	10		request_20	1588334247148	1588334247153	OK	 
REQUEST	16		request_12	1588334246422	1588334247432	OK	 
REQUEST	14		request_12 Redirect 1	1588334246925	1588334247836	OK	 
REQUEST	12		request_12 Redirect 2	1588334247061	1588334247954	OK	 
REQUEST	12		request_15	1588334247956	1588334247970	OK	 
REQUEST	12		request_14	1588334247956	1588334247978	OK	 
REQUEST	12		request_13	1588334247955	1588334247979	OK	 
REQUEST	12		request_20	1588334247971	1588334247982	OK	 
REQUEST	12		request_18	1588334247958	1588334247982	OK	 
REQUEST	12		request_16	1588334247957	1588334247984	OK	 
REQUEST	12		request_17	1588334247957	1588334247985	OK	 
REQUEST	4		request_19	1588334243404	1588334248135	OK	 
USER	seefriends1user	4	END	1588334225634	1588334248138
REQUEST	5		request_19	1588334244966	1588334248629	OK	 
REQUEST	17		request_12	1588334247004	1588334248629	OK	 
USER	seefriends1user	5	END	1588334226130	1588334248631
REQUEST	14		request_12 Redirect 2	1588334247837	1588334248809	OK	 
REQUEST	14		request_15	1588334248812	1588334248830	OK	 
REQUEST	14		request_17	1588334248813	1588334248835	OK	 
REQUEST	14		request_16	1588334248813	1588334248835	OK	 
REQUEST	14		request_18	1588334248813	1588334248836	OK	 
REQUEST	14		request_13	1588334248811	1588334248836	OK	 
REQUEST	14		request_14	1588334248812	1588334248837	OK	 
REQUEST	14		request_20	1588334248830	1588334248837	OK	 
REQUEST	18		request_12	1588334247663	1588334249497	OK	 
REQUEST	15		request_12 Redirect 1	1588334247029	1588334249586	OK	 
REQUEST	19		request_12	1588334248253	1588334249951	OK	 
REQUEST	17		request_12 Redirect 1	1588334248630	1588334250171	OK	 
REQUEST	15		request_12 Redirect 2	1588334249587	1588334250480	OK	 
REQUEST	20		request_12	1588334249022	1588334250492	OK	 
REQUEST	15		request_13	1588334250482	1588334250496	OK	 
REQUEST	15		request_14	1588334250483	1588334250497	OK	 
REQUEST	15		request_17	1588334250484	1588334250501	OK	 
REQUEST	15		request_15	1588334250483	1588334250502	OK	 
REQUEST	15		request_16	1588334250483	1588334250502	OK	 
REQUEST	15		request_18	1588334250484	1588334250503	OK	 
REQUEST	15		request_20	1588334250496	1588334250503	OK	 
REQUEST	13		request_12 Redirect 1	1588334246527	1588334250849	OK	 
REQUEST	17		request_12 Redirect 2	1588334250172	1588334251176	OK	 
REQUEST	17		request_15	1588334251179	1588334251194	OK	 
REQUEST	17		request_16	1588334251179	1588334251195	OK	 
REQUEST	17		request_17	1588334251180	1588334251196	OK	 
REQUEST	17		request_13	1588334251178	1588334251196	OK	 
REQUEST	17		request_14	1588334251178	1588334251197	OK	 
REQUEST	17		request_18	1588334251180	1588334251198	OK	 
REQUEST	17		request_20	1588334251194	1588334251199	OK	 
REQUEST	20		request_12 Redirect 1	1588334250493	1588334251276	OK	 
REQUEST	13		request_12 Redirect 2	1588334250849	1588334251545	OK	 
REQUEST	13		request_15	1588334251548	1588334251564	OK	 
REQUEST	13		request_14	1588334251547	1588334251565	OK	 
REQUEST	13		request_13	1588334251547	1588334251566	OK	 
REQUEST	13		request_16	1588334251548	1588334251567	OK	 
REQUEST	13		request_17	1588334251548	1588334251567	OK	 
REQUEST	13		request_18	1588334251549	1588334251568	OK	 
REQUEST	13		request_20	1588334251564	1588334251570	OK	 
REQUEST	7		request_19	1588334244523	1588334251794	OK	 
USER	seefriends1user	7	END	1588334227136	1588334251796
REQUEST	20		request_12 Redirect 2	1588334251276	1588334251989	OK	 
REQUEST	14		request_19	1588334248814	1588334251994	OK	 
USER	seefriends1user	14	END	1588334230616	1588334251996
REQUEST	20		request_15	1588334251993	1588334252005	OK	 
REQUEST	20		request_13	1588334251992	1588334252007	OK	 
REQUEST	20		request_20	1588334252005	1588334252009	OK	 
REQUEST	20		request_14	1588334251992	1588334252009	OK	 
REQUEST	20		request_16	1588334251993	1588334252013	OK	 
REQUEST	20		request_17	1588334251993	1588334252013	OK	 
REQUEST	20		request_18	1588334251994	1588334252016	OK	 
REQUEST	8		request_12 Redirect 1	1588334244186	1588334252676	OK	 
REQUEST	6		request_19	1588334245671	1588334253010	OK	 
USER	seefriends1user	6	END	1588334226635	1588334253012
REQUEST	8		request_12 Redirect 2	1588334252677	1588334253373	OK	 
REQUEST	17		request_19	1588334251181	1588334253375	OK	 
USER	seefriends1user	17	END	1588334232122	1588334253379
REQUEST	8		request_15	1588334253376	1588334253393	OK	 
REQUEST	8		request_17	1588334253378	1588334253399	OK	 
REQUEST	8		request_13	1588334253375	1588334253400	OK	 
REQUEST	8		request_14	1588334253376	1588334253401	OK	 
REQUEST	8		request_16	1588334253377	1588334253401	OK	 
REQUEST	8		request_18	1588334253378	1588334253402	OK	 
REQUEST	8		request_20	1588334253393	1588334253402	OK	 
REQUEST	13		request_19	1588334251549	1588334253709	OK	 
USER	seefriends1user	13	END	1588334230113	1588334253711
REQUEST	2		request_5	1588334228756	1588334253759	OK	 
REQUEST	2		request_7	1588334253760	1588334253877	OK	 
REQUEST	15		request_19	1588334250484	1588334253974	OK	 
USER	seefriends1user	15	END	1588334231112	1588334253976
REQUEST	19		request_12 Redirect 1	1588334249952	1588334254317	OK	 
REQUEST	12		request_19	1588334247959	1588334254741	OK	 
USER	seefriends1user	12	END	1588334229613	1588334254742
REQUEST	19		request_12 Redirect 2	1588334254318	1588334254841	OK	 
REQUEST	19		request_13	1588334254843	1588334254856	OK	 
REQUEST	19		request_14	1588334254843	1588334254856	OK	 
REQUEST	19		request_15	1588334254844	1588334254857	OK	 
REQUEST	19		request_16	1588334254844	1588334254857	OK	 
REQUEST	19		request_17	1588334254844	1588334254858	OK	 
REQUEST	19		request_18	1588334254844	1588334254858	OK	 
REQUEST	19		request_20	1588334254856	1588334254858	OK	 
REQUEST	8		request_19	1588334253379	1588334255451	OK	 
USER	seefriends1user	8	END	1588334227633	1588334255453
REQUEST	16		request_12 Redirect 1	1588334247433	1588334255989	OK	 
REQUEST	16		request_12 Redirect 2	1588334255990	1588334256613	OK	 
REQUEST	16		request_15	1588334256615	1588334256623	OK	 
REQUEST	16		request_14	1588334256615	1588334256627	OK	 
REQUEST	16		request_20	1588334256624	1588334256629	OK	 
REQUEST	16		request_13	1588334256615	1588334256630	OK	 
REQUEST	16		request_16	1588334256616	1588334256630	OK	 
REQUEST	16		request_17	1588334256616	1588334256632	OK	 
REQUEST	16		request_18	1588334256617	1588334256633	OK	 
REQUEST	19		request_19	1588334254845	1588334256654	OK	 
USER	seefriends1user	19	END	1588334233122	1588334256658
REQUEST	9		request_19	1588334246622	1588334257912	OK	 
USER	seefriends1user	9	END	1588334228131	1588334257913
REQUEST	10		request_19	1588334247136	1588334258179	OK	 
USER	seefriends1user	10	END	1588334228622	1588334258180
REQUEST	16		request_19	1588334256617	1588334258989	OK	 
USER	seefriends1user	16	END	1588334231622	1588334258991
REQUEST	11		request_12 Redirect 1	1588334245517	1588334262075	OK	 
REQUEST	11		request_12 Redirect 2	1588334262075	1588334262841	OK	 
REQUEST	11		request_15	1588334262844	1588334262857	OK	 
REQUEST	11		request_13	1588334262843	1588334262858	OK	 
REQUEST	11		request_14	1588334262843	1588334262858	OK	 
REQUEST	11		request_20	1588334262857	1588334262860	OK	 
REQUEST	11		request_17	1588334262844	1588334262861	OK	 
REQUEST	11		request_18	1588334262844	1588334262861	OK	 
REQUEST	11		request_16	1588334262844	1588334262862	OK	 
REQUEST	11		request_19	1588334262845	1588334265043	OK	 
USER	seefriends1user	11	END	1588334229123	1588334265044
REQUEST	18		request_12 Redirect 1	1588334249498	1588334266639	OK	 
REQUEST	18		request_12 Redirect 2	1588334266640	1588334267092	OK	 
REQUEST	18		request_15	1588334267095	1588334267103	OK	 
REQUEST	18		request_13	1588334267094	1588334267105	OK	 
REQUEST	18		request_14	1588334267095	1588334267106	OK	 
REQUEST	18		request_16	1588334267095	1588334267107	OK	 
REQUEST	18		request_17	1588334267095	1588334267107	OK	 
REQUEST	18		request_20	1588334267104	1588334267108	OK	 
REQUEST	18		request_18	1588334267096	1588334267109	OK	 
REQUEST	18		request_19	1588334267096	1588334269287	OK	 
USER	seefriends1user	18	END	1588334232624	1588334269289
REQUEST	20		request_19	1588334251994	1588334270252	OK	 
USER	seefriends1user	20	END	1588334233621	1588334270254
REQUEST	2		request_6	1588334253760	1588334278765	OK	 
REQUEST	2		request_8	1588334280762	1588334281362	OK	 
REQUEST	2		request_9	1588334281363	1588334281577	OK	 
REQUEST	2		request_10	1588334281364	1588334282120	OK	 
REQUEST	2		request_11	1588334281364	1588334282164	OK	 
REQUEST	2		request_11	1588334282164	1588334282662	OK	 
REQUEST	2		request_12	1588334289655	1588334290437	OK	 
REQUEST	2		request_12 Redirect 1	1588334290437	1588334290875	OK	 
REQUEST	2		request_12 Redirect 2	1588334290875	1588334291449	OK	 
REQUEST	2		request_15	1588334291452	1588334291463	OK	 
REQUEST	2		request_20	1588334291464	1588334291466	OK	 
REQUEST	2		request_16	1588334291452	1588334291468	OK	 
REQUEST	2		request_17	1588334291452	1588334291468	OK	 
REQUEST	2		request_18	1588334291452	1588334291468	OK	 
REQUEST	2		request_13	1588334291451	1588334291469	OK	 
REQUEST	2		request_14	1588334291452	1588334291470	OK	 
REQUEST	2		request_19	1588334291453	1588334293353	OK	 
USER	seefriends1user	2	END	1588334224635	1588334293355
