RUN	gatling_viade_es1c.download1user	download1user	1588335216474	 	3.3.1
USER	download1user	1	START	1588335217979	1588335217979
REQUEST	1		request_0	1588335218027	1588335218113	OK	 
USER	download1user	2	START	1588335218479	1588335218479
REQUEST	2		request_0	1588335218479	1588335218507	OK	 
USER	download1user	3	START	1588335218979	1588335218979
REQUEST	3		request_0	1588335218980	1588335218997	OK	 
USER	download1user	4	START	1588335219481	1588335219481
REQUEST	4		request_0	1588335219483	1588335219503	OK	 
USER	download1user	5	START	1588335219977	1588335219977
REQUEST	5		request_0	1588335219978	1588335220004	OK	 
USER	download1user	6	START	1588335220466	1588335220466
REQUEST	6		request_0	1588335220467	1588335220484	OK	 
USER	download1user	7	START	1588335220969	1588335220969
REQUEST	7		request_0	1588335220969	1588335220988	OK	 
USER	download1user	8	START	1588335221468	1588335221468
REQUEST	8		request_0	1588335221469	1588335221485	OK	 
USER	download1user	9	START	1588335221971	1588335221971
REQUEST	9		request_0	1588335221971	1588335221983	OK	 
REQUEST	1		request_1	1588335222141	1588335222146	OK	 
REQUEST	1		request_2	1588335222161	1588335222163	OK	 
REQUEST	1		request_3	1588335222161	1588335222168	OK	 
USER	download1user	10	START	1588335222460	1588335222460
REQUEST	10		request_0	1588335222460	1588335222469	OK	 
REQUEST	2		request_1	1588335222521	1588335222525	OK	 
REQUEST	2		request_2	1588335222527	1588335222530	OK	 
REQUEST	2		request_3	1588335222528	1588335222532	OK	 
USER	download1user	11	START	1588335222961	1588335222961
REQUEST	11		request_0	1588335222962	1588335222975	OK	 
REQUEST	3		request_1	1588335223009	1588335223013	OK	 
REQUEST	3		request_2	1588335223015	1588335223020	OK	 
REQUEST	3		request_3	1588335223016	1588335223022	OK	 
REQUEST	1		request_4	1588335223159	1588335223162	OK	 
REQUEST	1		request_5	1588335223165	1588335223167	OK	 
REQUEST	1		request_6	1588335223163	1588335223328	OK	 
USER	download1user	12	START	1588335223467	1588335223467
REQUEST	12		request_0	1588335223467	1588335223473	OK	 
REQUEST	4		request_1	1588335223519	1588335223523	OK	 
REQUEST	4		request_2	1588335223525	1588335223528	OK	 
REQUEST	4		request_3	1588335223525	1588335223530	OK	 
USER	download1user	13	START	1588335223966	1588335223966
REQUEST	13		request_0	1588335223967	1588335223971	OK	 
REQUEST	5		request_1	1588335224017	1588335224021	OK	 
REQUEST	5		request_2	1588335224022	1588335224025	OK	 
REQUEST	5		request_3	1588335224023	1588335224028	OK	 
REQUEST	3		request_4	1588335224028	1588335224030	OK	 
REQUEST	3		request_5	1588335224033	1588335224035	OK	 
REQUEST	3		request_6	1588335224032	1588335224152	OK	 
USER	download1user	14	START	1588335224457	1588335224457
REQUEST	14		request_0	1588335224458	1588335224461	OK	 
REQUEST	6		request_1	1588335224497	1588335224501	OK	 
REQUEST	6		request_2	1588335224503	1588335224505	OK	 
REQUEST	6		request_3	1588335224503	1588335224509	OK	 
REQUEST	4		request_4	1588335224540	1588335224542	OK	 
REQUEST	4		request_5	1588335224544	1588335224546	OK	 
REQUEST	1		request_7	1588335224337	1588335224680	OK	 
REQUEST	4		request_6	1588335224543	1588335224706	OK	 
REQUEST	1		request_8	1588335224684	1588335224739	OK	 
USER	download1user	15	START	1588335224958	1588335224958
REQUEST	15		request_0	1588335224959	1588335224963	OK	 
REQUEST	7		request_1	1588335225002	1588335225006	OK	 
REQUEST	7		request_2	1588335225008	1588335225010	OK	 
REQUEST	7		request_3	1588335225008	1588335225013	OK	 
REQUEST	5		request_4	1588335225037	1588335225039	OK	 
REQUEST	5		request_5	1588335225040	1588335225042	OK	 
REQUEST	1		request_9	1588335224685	1588335225079	OK	 
REQUEST	1		request_10	1588335224686	1588335225090	OK	 
REQUEST	5		request_6	1588335225040	1588335225232	OK	 
REQUEST	1		request_10	1588335225094	1588335225293	OK	 
USER	download1user	16	START	1588335225466	1588335225466
REQUEST	16		request_0	1588335225467	1588335225473	OK	 
REQUEST	8		request_1	1588335225497	1588335225501	OK	 
REQUEST	8		request_2	1588335225502	1588335225505	OK	 
REQUEST	8		request_3	1588335225503	1588335225507	OK	 
REQUEST	6		request_4	1588335225518	1588335225520	OK	 
REQUEST	6		request_5	1588335225522	1588335225524	OK	 
REQUEST	3		request_7	1588335225151	1588335225589	OK	 
REQUEST	3		request_8	1588335225592	1588335225675	OK	 
REQUEST	6		request_6	1588335225521	1588335225705	OK	 
REQUEST	3		request_9	1588335225592	1588335225957	OK	 
REQUEST	4		request_7	1588335225700	1588335225957	OK	 
REQUEST	3		request_10	1588335225593	1588335225961	OK	 
USER	download1user	17	START	1588335225968	1588335225968
REQUEST	17		request_0	1588335225968	1588335225973	OK	 
REQUEST	9		request_1	1588335225989	1588335225993	OK	 
REQUEST	9		request_2	1588335225994	1588335225998	OK	 
REQUEST	9		request_3	1588335225995	1588335226002	OK	 
REQUEST	7		request_4	1588335226010	1588335226012	OK	 
REQUEST	7		request_5	1588335226014	1588335226016	OK	 
REQUEST	4		request_8	1588335225959	1588335226086	OK	 
REQUEST	3		request_10	1588335225962	1588335226115	OK	 
REQUEST	7		request_6	1588335226013	1588335226153	OK	 
REQUEST	4		request_9	1588335225959	1588335226408	OK	 
REQUEST	4		request_10	1588335225960	1588335226410	OK	 
USER	download1user	18	START	1588335226466	1588335226466
REQUEST	18		request_0	1588335226466	1588335226471	OK	 
REQUEST	10		request_1	1588335226486	1588335226490	OK	 
REQUEST	10		request_2	1588335226491	1588335226493	OK	 
REQUEST	10		request_3	1588335226491	1588335226495	OK	 
REQUEST	8		request_4	1588335226507	1588335226509	OK	 
REQUEST	8		request_5	1588335226511	1588335226513	OK	 
REQUEST	5		request_7	1588335226226	1588335226535	OK	 
REQUEST	4		request_10	1588335226411	1588335226547	OK	 
REQUEST	5		request_8	1588335226537	1588335226590	OK	 
REQUEST	8		request_6	1588335226510	1588335226635	OK	 
REQUEST	5		request_9	1588335226537	1588335226829	OK	 
REQUEST	5		request_10	1588335226538	1588335226839	OK	 
REQUEST	6		request_7	1588335226699	1588335226936	OK	 
REQUEST	5		request_10	1588335226839	1588335226953	OK	 
USER	download1user	19	START	1588335226966	1588335226966
REQUEST	19		request_0	1588335226967	1588335226972	OK	 
REQUEST	6		request_8	1588335226938	1588335226979	OK	 
REQUEST	11		request_1	1588335226988	1588335226991	OK	 
REQUEST	11		request_2	1588335226993	1588335226995	OK	 
REQUEST	11		request_3	1588335226993	1588335226997	OK	 
REQUEST	9		request_4	1588335227019	1588335227021	OK	 
REQUEST	9		request_5	1588335227024	1588335227027	OK	 
REQUEST	9		request_6	1588335227023	1588335227126	OK	 
REQUEST	6		request_9	1588335226938	1588335227224	OK	 
REQUEST	6		request_10	1588335226939	1588335227339	OK	 
USER	download1user	20	START	1588335227469	1588335227469
REQUEST	20		request_0	1588335227470	1588335227476	OK	 
REQUEST	12		request_1	1588335227491	1588335227496	OK	 
REQUEST	12		request_2	1588335227497	1588335227499	OK	 
REQUEST	10		request_4	1588335227497	1588335227503	OK	 
REQUEST	12		request_3	1588335227497	1588335227503	OK	 
REQUEST	10		request_5	1588335227504	1588335227506	OK	 
REQUEST	7		request_7	1588335227169	1588335227587	OK	 
REQUEST	6		request_10	1588335227339	1588335227587	OK	 
REQUEST	7		request_8	1588335227588	1588335227642	OK	 
REQUEST	10		request_6	1588335227504	1588335227643	OK	 
REQUEST	7		request_9	1588335227589	1588335227944	OK	 
REQUEST	8		request_7	1588335227636	1588335227944	OK	 
REQUEST	7		request_10	1588335227589	1588335227944	OK	 
REQUEST	13		request_1	1588335227977	1588335227981	OK	 
REQUEST	13		request_2	1588335227983	1588335227988	OK	 
REQUEST	8		request_8	1588335227945	1588335227989	OK	 
REQUEST	13		request_3	1588335227983	1588335227996	OK	 
REQUEST	7		request_10	1588335227945	1588335228002	OK	 
REQUEST	11		request_4	1588335227999	1588335228003	OK	 
REQUEST	11		request_5	1588335228005	1588335228008	OK	 
REQUEST	11		request_6	1588335228004	1588335228090	OK	 
REQUEST	8		request_9	1588335227946	1588335228200	OK	 
REQUEST	8		request_10	1588335227947	1588335228357	OK	 
REQUEST	14		request_1	1588335228481	1588335228488	OK	 
REQUEST	14		request_2	1588335228490	1588335228493	OK	 
REQUEST	14		request_3	1588335228491	1588335228496	OK	 
REQUEST	12		request_4	1588335228506	1588335228509	OK	 
REQUEST	12		request_5	1588335228510	1588335228513	OK	 
REQUEST	9		request_7	1588335228126	1588335228599	OK	 
REQUEST	12		request_6	1588335228510	1588335228610	OK	 
REQUEST	8		request_10	1588335228358	1588335228707	OK	 
REQUEST	9		request_8	1588335228601	1588335228777	OK	 
REQUEST	15		request_1	1588335228980	1588335228985	OK	 
REQUEST	15		request_2	1588335228987	1588335228990	OK	 
REQUEST	15		request_3	1588335228987	1588335228994	OK	 
REQUEST	13		request_4	1588335229010	1588335229012	OK	 
REQUEST	13		request_5	1588335229014	1588335229018	OK	 
REQUEST	9		request_9	1588335228602	1588335229020	OK	 
REQUEST	9		request_10	1588335228603	1588335229100	OK	 
REQUEST	10		request_7	1588335228650	1588335229103	OK	 
REQUEST	13		request_6	1588335229013	1588335229134	OK	 
REQUEST	10		request_8	1588335229105	1588335229153	OK	 
REQUEST	9		request_10	1588335229101	1588335229347	OK	 
REQUEST	14		request_4	1588335229487	1588335229489	OK	 
REQUEST	16		request_1	1588335229487	1588335229493	OK	 
REQUEST	14		request_5	1588335229492	1588335229495	OK	 
REQUEST	16		request_2	1588335229494	1588335229497	OK	 
REQUEST	16		request_3	1588335229495	1588335229501	OK	 
REQUEST	14		request_6	1588335229491	1588335229609	OK	 
REQUEST	11		request_7	1588335229102	1588335229767	OK	 
REQUEST	10		request_9	1588335229106	1588335229770	OK	 
REQUEST	10		request_10	1588335229106	1588335229805	OK	 
REQUEST	11		request_8	1588335229768	1588335229814	OK	 
REQUEST	12		request_7	1588335229612	1588335229826	OK	 
REQUEST	10		request_10	1588335229806	1588335229871	OK	 
REQUEST	12		request_8	1588335229827	1588335229873	OK	 
REQUEST	11		request_9	1588335229769	1588335229943	OK	 
REQUEST	11		request_10	1588335229770	1588335229946	OK	 
REQUEST	17		request_1	1588335229991	1588335229994	OK	 
REQUEST	17		request_2	1588335229995	1588335229997	OK	 
REQUEST	17		request_3	1588335229995	1588335230002	OK	 
REQUEST	15		request_4	1588335230002	1588335230005	OK	 
REQUEST	15		request_5	1588335230007	1588335230009	OK	 
REQUEST	12		request_9	1588335229827	1588335230097	OK	 
REQUEST	12		request_10	1588335229828	1588335230110	OK	 
REQUEST	11		request_10	1588335229947	1588335230110	OK	 
REQUEST	15		request_6	1588335230006	1588335230122	OK	 
REQUEST	12		request_10	1588335230110	1588335230164	OK	 
REQUEST	13		request_7	1588335230139	1588335230377	OK	 
REQUEST	13		request_8	1588335230378	1588335230418	OK	 
REQUEST	18		request_1	1588335230481	1588335230485	OK	 
REQUEST	18		request_2	1588335230485	1588335230487	OK	 
REQUEST	18		request_3	1588335230486	1588335230490	OK	 
REQUEST	16		request_4	1588335230506	1588335230508	OK	 
REQUEST	16		request_5	1588335230510	1588335230511	OK	 
REQUEST	13		request_10	1588335230379	1588335230543	OK	 
REQUEST	13		request_9	1588335230379	1588335230553	OK	 
REQUEST	13		request_10	1588335230543	1588335230603	OK	 
REQUEST	16		request_6	1588335230509	1588335230611	OK	 
REQUEST	14		request_7	1588335230617	1588335230806	OK	 
REQUEST	14		request_8	1588335230807	1588335230863	OK	 
REQUEST	19		request_1	1588335230992	1588335230995	OK	 
REQUEST	19		request_2	1588335230996	1588335231001	OK	 
REQUEST	17		request_4	1588335230996	1588335231001	OK	 
REQUEST	19		request_3	1588335230997	1588335231005	OK	 
REQUEST	17		request_5	1588335231003	1588335231006	OK	 
REQUEST	14		request_10	1588335230808	1588335231056	OK	 
REQUEST	14		request_9	1588335230808	1588335231063	OK	 
REQUEST	17		request_6	1588335231003	1588335231106	OK	 
REQUEST	14		request_10	1588335231056	1588335231109	OK	 
REQUEST	15		request_7	1588335231120	1588335231367	OK	 
REQUEST	15		request_8	1588335231369	1588335231407	OK	 
REQUEST	20		request_1	1588335231491	1588335231495	OK	 
REQUEST	20		request_2	1588335231496	1588335231504	OK	 
REQUEST	18		request_4	1588335231496	1588335231504	OK	 
REQUEST	20		request_3	1588335231496	1588335231506	OK	 
REQUEST	18		request_5	1588335231506	1588335231508	OK	 
REQUEST	18		request_6	1588335231505	1588335231624	OK	 
REQUEST	15		request_10	1588335231370	1588335231633	OK	 
REQUEST	15		request_9	1588335231370	1588335231639	OK	 
REQUEST	1		request_11	1588335231290	1588335231637	OK	 
REQUEST	15		request_10	1588335231634	1588335231687	OK	 
REQUEST	1		request_11 Redirect 1	1588335231647	1588335231752	OK	 
REQUEST	16		request_7	1588335231610	1588335231774	OK	 
REQUEST	16		request_8	1588335231775	1588335231816	OK	 
REQUEST	1		request_11 Redirect 2	1588335231753	1588335231847	OK	 
REQUEST	1		request_15	1588335231854	1588335231870	OK	 
REQUEST	1		request_14	1588335231853	1588335231874	OK	 
REQUEST	1		request_13	1588335231852	1588335231877	OK	 
REQUEST	1		request_12	1588335231852	1588335231878	OK	 
REQUEST	1		request_17	1588335231855	1588335231879	OK	 
REQUEST	1		request_16	1588335231854	1588335231879	OK	 
REQUEST	16		request_9	1588335231776	1588335231978	OK	 
REQUEST	16		request_10	1588335231776	1588335231980	OK	 
REQUEST	19		request_4	1588335232009	1588335232010	OK	 
REQUEST	19		request_5	1588335232012	1588335232014	OK	 
REQUEST	16		request_10	1588335231980	1588335232037	OK	 
REQUEST	19		request_6	1588335232011	1588335232113	OK	 
REQUEST	1		request_18	1588335231855	1588335232275	OK	 
REQUEST	17		request_7	1588335232107	1588335232383	OK	 
REQUEST	20		request_4	1588335232518	1588335232520	OK	 
REQUEST	20		request_5	1588335232522	1588335232524	OK	 
REQUEST	17		request_8	1588335232386	1588335232542	OK	 
REQUEST	3		request_11	1588335232118	1588335232593	OK	 
REQUEST	17		request_9	1588335232386	1588335232665	OK	 
REQUEST	17		request_10	1588335232387	1588335232667	OK	 
REQUEST	20		request_6	1588335232521	1588335232727	OK	 
REQUEST	17		request_10	1588335232668	1588335232730	OK	 
REQUEST	3		request_11 Redirect 1	1588335232594	1588335232742	OK	 
REQUEST	4		request_11	1588335232552	1588335232946	OK	 
REQUEST	3		request_11 Redirect 2	1588335232743	1588335232967	OK	 
REQUEST	3		request_13	1588335232972	1588335233006	OK	 
REQUEST	3		request_14	1588335232973	1588335233007	OK	 
REQUEST	3		request_15	1588335232973	1588335233008	OK	 
REQUEST	3		request_12	1588335232971	1588335233010	OK	 
REQUEST	3		request_16	1588335232974	1588335233012	OK	 
REQUEST	18		request_7	1588335232627	1588335233016	OK	 
REQUEST	3		request_17	1588335232975	1588335233024	OK	 
REQUEST	18		request_8	1588335233018	1588335233083	OK	 
REQUEST	4		request_11 Redirect 1	1588335232947	1588335233121	OK	 
REQUEST	4		request_11 Redirect 2	1588335233122	1588335233234	OK	 
REQUEST	4		request_15	1588335233238	1588335233254	OK	 
REQUEST	4		request_17	1588335233238	1588335233257	OK	 
REQUEST	4		request_16	1588335233238	1588335233258	OK	 
REQUEST	4		request_12	1588335233236	1588335233260	OK	 
REQUEST	4		request_14	1588335233237	1588335233260	OK	 
REQUEST	4		request_13	1588335233237	1588335233261	OK	 
REQUEST	18		request_9	1588335233019	1588335233335	OK	 
REQUEST	5		request_11	1588335232960	1588335233377	OK	 
REQUEST	18		request_10	1588335233020	1588335233395	OK	 
REQUEST	19		request_7	1588335233110	1588335233602	OK	 
REQUEST	18		request_10	1588335233396	1588335233629	OK	 
REQUEST	3		request_18	1588335232975	1588335233663	OK	 
REQUEST	19		request_8	1588335233604	1588335233784	OK	 
REQUEST	4		request_18	1588335233239	1588335233847	OK	 
REQUEST	19		request_9	1588335233605	1588335234034	OK	 
REQUEST	19		request_10	1588335233606	1588335234166	OK	 
REQUEST	20		request_7	1588335233719	1588335234174	OK	 
REQUEST	6		request_11	1588335233588	1588335234217	OK	 
REQUEST	20		request_8	1588335234175	1588335234226	OK	 
REQUEST	19		request_10	1588335234167	1588335234559	OK	 
REQUEST	7		request_11	1588335234001	1588335234655	OK	 
REQUEST	6		request_11 Redirect 1	1588335234217	1588335234694	OK	 
REQUEST	20		request_9	1588335234176	1588335234719	OK	 
REQUEST	20		request_10	1588335234176	1588335234738	OK	 
REQUEST	20		request_10	1588335234739	1588335235042	OK	 
REQUEST	6		request_11 Redirect 2	1588335234695	1588335235048	OK	 
REQUEST	6		request_14	1588335235052	1588335235061	OK	 
REQUEST	6		request_15	1588335235053	1588335235064	OK	 
REQUEST	7		request_11 Redirect 1	1588335234655	1588335235065	OK	 
REQUEST	6		request_12	1588335235051	1588335235066	OK	 
REQUEST	6		request_13	1588335235052	1588335235067	OK	 
REQUEST	6		request_17	1588335235053	1588335235069	OK	 
REQUEST	6		request_16	1588335235053	1588335235071	OK	 
REQUEST	8		request_11	1588335234707	1588335235257	OK	 
REQUEST	7		request_11 Redirect 2	1588335235066	1588335235270	OK	 
REQUEST	7		request_12	1588335235272	1588335235285	OK	 
REQUEST	7		request_14	1588335235273	1588335235288	OK	 
REQUEST	7		request_13	1588335235273	1588335235289	OK	 
REQUEST	7		request_15	1588335235273	1588335235290	OK	 
REQUEST	7		request_17	1588335235274	1588335235291	OK	 
REQUEST	7		request_16	1588335235274	1588335235293	OK	 
REQUEST	8		request_11 Redirect 1	1588335235257	1588335235361	OK	 
REQUEST	6		request_18	1588335235054	1588335235686	OK	 
REQUEST	8		request_11 Redirect 2	1588335235361	1588335235698	OK	 
REQUEST	1		request_19	1588335235279	1588335235711	OK	 
REQUEST	8		request_14	1588335235702	1588335235716	OK	 
REQUEST	1		request_20	1588335235712	1588335235721	OK	 
REQUEST	8		request_15	1588335235702	1588335235724	OK	 
REQUEST	8		request_13	1588335235701	1588335235725	OK	 
REQUEST	8		request_16	1588335235703	1588335235726	OK	 
REQUEST	8		request_17	1588335235703	1588335235726	OK	 
REQUEST	8		request_12	1588335235700	1588335235727	OK	 
REQUEST	9		request_11	1588335235351	1588335236011	OK	 
REQUEST	7		request_18	1588335235274	1588335236015	OK	 
REQUEST	9		request_11 Redirect 1	1588335236012	1588335236367	OK	 
REQUEST	10		request_11	1588335235868	1588335236373	OK	 
REQUEST	9		request_11 Redirect 2	1588335236367	1588335236458	OK	 
REQUEST	9		request_12	1588335236460	1588335236482	OK	 
REQUEST	10		request_11 Redirect 1	1588335236373	1588335236482	OK	 
REQUEST	9		request_17	1588335236462	1588335236488	OK	 
REQUEST	9		request_13	1588335236460	1588335236489	OK	 
REQUEST	9		request_14	1588335236461	1588335236489	OK	 
REQUEST	9		request_15	1588335236461	1588335236490	OK	 
REQUEST	9		request_16	1588335236461	1588335236491	OK	 
REQUEST	11		request_11	1588335236108	1588335236752	OK	 
REQUEST	12		request_11	1588335236160	1588335236752	OK	 
REQUEST	5		request_11 Redirect 1	1588335233378	1588335236776	OK	 
REQUEST	10		request_11 Redirect 2	1588335236483	1588335236793	OK	 
REQUEST	10		request_13	1588335236795	1588335236811	OK	 
REQUEST	10		request_12	1588335236794	1588335236813	OK	 
REQUEST	10		request_15	1588335236795	1588335236814	OK	 
REQUEST	10		request_14	1588335236795	1588335236817	OK	 
REQUEST	10		request_17	1588335236797	1588335236821	OK	 
REQUEST	10		request_16	1588335236796	1588335236823	OK	 
REQUEST	11		request_11 Redirect 1	1588335236752	1588335237080	OK	 
REQUEST	13		request_11	1588335236602	1588335237128	OK	 
REQUEST	5		request_11 Redirect 2	1588335236777	1588335237133	OK	 
REQUEST	5		request_15	1588335237136	1588335237145	OK	 
REQUEST	5		request_12	1588335237135	1588335237151	OK	 
REQUEST	5		request_13	1588335237135	1588335237152	OK	 
REQUEST	5		request_17	1588335237137	1588335237153	OK	 
REQUEST	5		request_14	1588335237136	1588335237154	OK	 
REQUEST	5		request_16	1588335237136	1588335237156	OK	 
REQUEST	3		request_19	1588335236659	1588335237157	OK	 
REQUEST	3		request_20	1588335237158	1588335237161	OK	 
REQUEST	11		request_11 Redirect 2	1588335237081	1588335237486	OK	 
REQUEST	11		request_14	1588335237488	1588335237501	OK	 
REQUEST	11		request_12	1588335237488	1588335237502	OK	 
REQUEST	11		request_13	1588335237488	1588335237503	OK	 
REQUEST	11		request_15	1588335237489	1588335237503	OK	 
REQUEST	11		request_17	1588335237489	1588335237504	OK	 
REQUEST	11		request_16	1588335237489	1588335237505	OK	 
REQUEST	13		request_11 Redirect 1	1588335237129	1588335237506	OK	 
REQUEST	4		request_19	1588335236836	1588335237544	OK	 
REQUEST	4		request_20	1588335237545	1588335237549	OK	 
REQUEST	14		request_11	1588335237106	1588335237822	OK	 
REQUEST	10		request_18	1588335236798	1588335237824	OK	 
REQUEST	15		request_11	1588335237677	1588335238259	OK	 
REQUEST	12		request_11 Redirect 1	1588335236752	1588335238262	OK	 
REQUEST	13		request_11 Redirect 2	1588335237506	1588335238262	OK	 
REQUEST	13		request_15	1588335238270	1588335238290	OK	 
REQUEST	13		request_14	1588335238270	1588335238292	OK	 
REQUEST	13		request_13	1588335238269	1588335238294	OK	 
REQUEST	13		request_17	1588335238272	1588335238295	OK	 
REQUEST	13		request_16	1588335238271	1588335238300	OK	 
REQUEST	13		request_12	1588335238268	1588335238303	OK	 
REQUEST	11		request_18	1588335237490	1588335238427	OK	 
REQUEST	12		request_11 Redirect 2	1588335238265	1588335238438	OK	 
REQUEST	12		request_14	1588335238440	1588335238450	OK	 
REQUEST	12		request_15	1588335238440	1588335238453	OK	 
REQUEST	12		request_12	1588335238439	1588335238456	OK	 
REQUEST	12		request_13	1588335238440	1588335238457	OK	 
REQUEST	12		request_17	1588335238441	1588335238461	OK	 
REQUEST	12		request_16	1588335238440	1588335238466	OK	 
REQUEST	16		request_11	1588335238036	1588335238596	OK	 
REQUEST	9		request_18	1588335236462	1588335238603	OK	 
REQUEST	13		request_18	1588335238273	1588335238814	OK	 
REQUEST	5		request_18	1588335237137	1588335239146	OK	 
REQUEST	6		request_19	1588335238686	1588335239159	OK	 
REQUEST	6		request_20	1588335239160	1588335239161	OK	 
REQUEST	17		request_11	1588335238737	1588335239443	OK	 
REQUEST	14		request_11 Redirect 1	1588335237823	1588335239467	OK	 
REQUEST	7		request_19	1588335239009	1588335239483	OK	 
REQUEST	8		request_18	1588335235703	1588335239485	OK	 
REQUEST	7		request_20	1588335239484	1588335239486	OK	 
REQUEST	17		request_11 Redirect 1	1588335239444	1588335239547	OK	 
REQUEST	14		request_11 Redirect 2	1588335239468	1588335239561	OK	 
REQUEST	14		request_14	1588335239566	1588335239575	OK	 
REQUEST	14		request_12	1588335239564	1588335239577	OK	 
REQUEST	14		request_13	1588335239565	1588335239577	OK	 
REQUEST	14		request_15	1588335239567	1588335239582	OK	 
REQUEST	14		request_17	1588335239568	1588335239586	OK	 
REQUEST	14		request_16	1588335239567	1588335239587	OK	 
REQUEST	17		request_11 Redirect 2	1588335239549	1588335239640	OK	 
REQUEST	17		request_17	1588335239644	1588335239660	OK	 
REQUEST	17		request_13	1588335239643	1588335239661	OK	 
REQUEST	17		request_14	1588335239644	1588335239662	OK	 
REQUEST	17		request_15	1588335239644	1588335239662	OK	 
REQUEST	17		request_12	1588335239642	1588335239665	OK	 
REQUEST	17		request_16	1588335239644	1588335239670	OK	 
REQUEST	16		request_11 Redirect 1	1588335238596	1588335240004	OK	 
REQUEST	18		request_11	1588335239636	1588335240162	OK	 
REQUEST	14		request_18	1588335239568	1588335240165	OK	 
REQUEST	12		request_18	1588335238441	1588335240176	OK	 
REQUEST	16		request_11 Redirect 2	1588335240005	1588335240236	OK	 
REQUEST	16		request_14	1588335240239	1588335240252	OK	 
REQUEST	16		request_15	1588335240239	1588335240253	OK	 
REQUEST	16		request_16	1588335240239	1588335240257	OK	 
REQUEST	16		request_12	1588335240238	1588335240258	OK	 
REQUEST	16		request_13	1588335240238	1588335240258	OK	 
REQUEST	16		request_17	1588335240239	1588335240258	OK	 
REQUEST	18		request_11 Redirect 1	1588335240163	1588335241007	OK	 
REQUEST	1		request_21	1588335239726	1588335241009	OK	 
REQUEST	1		request_22	1588335241010	1588335241013	OK	 
USER	download1user	1	END	1588335217979	1588335241039
REQUEST	17		request_18	1588335239645	1588335241040	OK	 
REQUEST	19		request_11	1588335240568	1588335241612	OK	 
REQUEST	18		request_11 Redirect 2	1588335241007	1588335241623	OK	 
REQUEST	18		request_12	1588335241624	1588335241633	OK	 
REQUEST	18		request_13	1588335241625	1588335241635	OK	 
REQUEST	18		request_15	1588335241625	1588335241645	OK	 
REQUEST	18		request_14	1588335241625	1588335241646	OK	 
REQUEST	18		request_17	1588335241626	1588335241648	OK	 
REQUEST	18		request_16	1588335241626	1588335241648	OK	 
REQUEST	15		request_11 Redirect 1	1588335238260	1588335241664	OK	 
REQUEST	10		request_19	1588335240828	1588335241697	OK	 
REQUEST	10		request_20	1588335241697	1588335241699	OK	 
REQUEST	20		request_11	1588335241047	1588335241929	OK	 
REQUEST	15		request_11 Redirect 2	1588335241665	1588335242535	OK	 
REQUEST	19		request_11 Redirect 1	1588335241613	1588335242535	OK	 
REQUEST	15		request_12	1588335242537	1588335242550	OK	 
REQUEST	15		request_13	1588335242537	1588335242550	OK	 
REQUEST	15		request_14	1588335242538	1588335242551	OK	 
REQUEST	15		request_15	1588335242538	1588335242551	OK	 
REQUEST	15		request_17	1588335242539	1588335242554	OK	 
REQUEST	15		request_16	1588335242539	1588335242556	OK	 
REQUEST	3		request_21	1588335241166	1588335242646	OK	 
REQUEST	3		request_22	1588335242647	1588335242650	OK	 
USER	download1user	3	END	1588335218979	1588335242651
REQUEST	20		request_11 Redirect 1	1588335241930	1588335242834	OK	 
REQUEST	11		request_19	1588335241420	1588335243037	OK	 
REQUEST	11		request_20	1588335243038	1588335243041	OK	 
REQUEST	4		request_21	1588335241558	1588335243050	OK	 
REQUEST	19		request_11 Redirect 2	1588335242535	1588335243050	OK	 
REQUEST	4		request_22	1588335243051	1588335243056	OK	 
USER	download1user	4	END	1588335219481	1588335243058
REQUEST	19		request_13	1588335243053	1588335243067	OK	 
REQUEST	19		request_12	1588335243052	1588335243069	OK	 
REQUEST	19		request_14	1588335243053	1588335243073	OK	 
REQUEST	19		request_15	1588335243054	1588335243075	OK	 
REQUEST	19		request_17	1588335243055	1588335243077	OK	 
REQUEST	19		request_16	1588335243054	1588335243078	OK	 
REQUEST	20		request_11 Redirect 2	1588335242835	1588335243337	OK	 
REQUEST	20		request_14	1588335243339	1588335243352	OK	 
REQUEST	20		request_12	1588335243339	1588335243353	OK	 
REQUEST	20		request_17	1588335243340	1588335243356	OK	 
REQUEST	20		request_13	1588335243339	1588335243357	OK	 
REQUEST	20		request_15	1588335243339	1588335243357	OK	 
REQUEST	20		request_16	1588335243340	1588335243358	OK	 
REQUEST	9		request_19	1588335241599	1588335244290	OK	 
REQUEST	9		request_20	1588335244290	1588335244293	OK	 
REQUEST	18		request_18	1588335241626	1588335244321	OK	 
REQUEST	13		request_19	1588335241797	1588335244393	OK	 
REQUEST	13		request_20	1588335244394	1588335244398	OK	 
REQUEST	8		request_19	1588335242488	1588335244599	OK	 
REQUEST	8		request_20	1588335244600	1588335244602	OK	 
REQUEST	16		request_18	1588335240239	1588335245413	OK	 
REQUEST	6		request_21	1588335243171	1588335245845	OK	 
REQUEST	6		request_22	1588335245846	1588335245850	OK	 
USER	download1user	6	END	1588335220466	1588335245851
REQUEST	19		request_18	1588335243055	1588335245888	OK	 
REQUEST	5		request_19	1588335242137	1588335245994	OK	 
REQUEST	7		request_21	1588335243491	1588335245996	OK	 
REQUEST	5		request_20	1588335245995	1588335245999	OK	 
REQUEST	7		request_22	1588335245997	1588335246000	OK	 
USER	download1user	7	END	1588335220969	1588335246001
REQUEST	20		request_18	1588335243340	1588335246041	OK	 
REQUEST	17		request_19	1588335244041	1588335246055	OK	 
REQUEST	17		request_20	1588335246056	1588335246059	OK	 
REQUEST	10		request_21	1588335245690	1588335246309	OK	 
REQUEST	10		request_22	1588335246310	1588335246312	OK	 
USER	download1user	10	END	1588335222460	1588335246313
REQUEST	15		request_18	1588335242539	1588335246415	OK	 
REQUEST	14		request_19	1588335243171	1588335246578	OK	 
REQUEST	14		request_20	1588335246579	1588335246582	OK	 
REQUEST	11		request_21	1588335247048	1588335247435	OK	 
REQUEST	11		request_22	1588335247436	1588335247438	OK	 
USER	download1user	11	END	1588335222961	1588335247439
REQUEST	18		request_19	1588335247319	1588335247709	OK	 
REQUEST	18		request_20	1588335247710	1588335247714	OK	 
REQUEST	2		request_4	1588335223530	1588335248533	OK	 
REQUEST	9		request_21	1588335248289	1588335248588	OK	 
REQUEST	9		request_22	1588335248589	1588335248591	OK	 
USER	download1user	9	END	1588335221971	1588335248592
REQUEST	12		request_19	1588335243181	1588335248629	OK	 
REQUEST	12		request_20	1588335248630	1588335248633	OK	 
REQUEST	2		request_6	1588335248533	1588335248741	OK	 
REQUEST	16		request_19	1588335248418	1588335249109	OK	 
REQUEST	13		request_21	1588335248407	1588335249109	OK	 
REQUEST	13		request_22	1588335249110	1588335249113	OK	 
USER	download1user	13	END	1588335223966	1588335249114
REQUEST	16		request_20	1588335249110	1588335249115	OK	 
REQUEST	8		request_21	1588335248609	1588335249431	OK	 
REQUEST	8		request_22	1588335249432	1588335249434	OK	 
USER	download1user	8	END	1588335221468	1588335249435
REQUEST	19		request_19	1588335248887	1588335249765	OK	 
REQUEST	19		request_20	1588335249766	1588335249769	OK	 
REQUEST	20		request_19	1588335249037	1588335250058	OK	 
REQUEST	20		request_20	1588335250059	1588335250067	OK	 
REQUEST	15		request_19	1588335249421	1588335250371	OK	 
REQUEST	15		request_20	1588335250372	1588335250375	OK	 
REQUEST	5		request_21	1588335250001	1588335251129	OK	 
REQUEST	5		request_22	1588335251130	1588335251134	OK	 
USER	download1user	5	END	1588335219977	1588335251135
REQUEST	14		request_21	1588335250586	1588335251480	OK	 
REQUEST	14		request_22	1588335251481	1588335251483	OK	 
USER	download1user	14	END	1588335224457	1588335251484
REQUEST	17		request_21	1588335250067	1588335252282	OK	 
REQUEST	17		request_22	1588335252283	1588335252285	OK	 
USER	download1user	17	END	1588335225968	1588335252286
REQUEST	18		request_21	1588335251713	1588335253521	OK	 
REQUEST	18		request_22	1588335253522	1588335253526	OK	 
USER	download1user	18	END	1588335226466	1588335253527
REQUEST	16		request_21	1588335253118	1588335253921	OK	 
REQUEST	16		request_22	1588335253922	1588335253924	OK	 
USER	download1user	16	END	1588335225466	1588335253925
REQUEST	12		request_21	1588335252632	1588335254671	OK	 
REQUEST	12		request_22	1588335254671	1588335254674	OK	 
USER	download1user	12	END	1588335223467	1588335254675
REQUEST	19		request_21	1588335253761	1588335254722	OK	 
REQUEST	19		request_22	1588335254722	1588335254724	OK	 
USER	download1user	19	END	1588335226966	1588335254725
REQUEST	20		request_21	1588335254081	1588335254931	OK	 
REQUEST	20		request_22	1588335254932	1588335254933	OK	 
USER	download1user	20	END	1588335227469	1588335254935
REQUEST	15		request_21	1588335254379	1588335255100	OK	 
REQUEST	15		request_22	1588335255101	1588335255102	OK	 
USER	download1user	15	END	1588335224958	1588335255103
REQUEST	2		request_5	1588335248534	1588335273551	OK	 
REQUEST	2		request_7	1588335274559	1588335274816	OK	 
REQUEST	2		request_8	1588335274817	1588335274877	OK	 
REQUEST	2		request_9	1588335274818	1588335275088	OK	 
REQUEST	2		request_10	1588335274818	1588335275092	OK	 
REQUEST	2		request_10	1588335275093	1588335275150	OK	 
REQUEST	2		request_11	1588335281157	1588335281561	OK	 
REQUEST	2		request_11 Redirect 1	1588335281561	1588335281724	OK	 
REQUEST	2		request_11 Redirect 2	1588335281725	1588335281846	OK	 
REQUEST	2		request_12	1588335281849	1588335281875	OK	 
REQUEST	2		request_14	1588335281850	1588335281875	OK	 
REQUEST	2		request_15	1588335281850	1588335281876	OK	 
REQUEST	2		request_17	1588335281851	1588335281881	OK	 
REQUEST	2		request_13	1588335281850	1588335281883	OK	 
REQUEST	2		request_16	1588335281851	1588335281885	OK	 
REQUEST	2		request_18	1588335281852	1588335282307	OK	 
REQUEST	2		request_19	1588335285299	1588335285999	OK	 
REQUEST	2		request_20	1588335286000	1588335286002	OK	 
REQUEST	2		request_21	1588335290007	1588335291673	OK	 
REQUEST	2		request_22	1588335291674	1588335291679	OK	 
USER	download1user	2	END	1588335218479	1588335291680
